;  LST file generated by mikroListExporter - v.2.0 
; Date/Time: 26/11/2018 11:42:12 p. m.
;----------------------------------------------

;Address Opcode 	ASM
0x0000	0x2C63      	GOTO       1123
_SETFUN32:
;__Lib_MathDouble.c,138 :: 		
;__Lib_MathDouble.c,145 :: 		
0x0003	0x157B      	BSF        R11, 2
;__Lib_MathDouble.c,146 :: 		
0x0004	0x1FFB      	BTFSS      R11, 7
;__Lib_MathDouble.c,147 :: 		
0x0005	0x280D      	GOTO       SETFUN32EEE
;__Lib_MathDouble.c,148 :: 		
0x0006	0x3001      	MOVLW      1
;__Lib_MathDouble.c,149 :: 		
0x0007	0x00F3      	MOVWF      R3
;__Lib_MathDouble.c,150 :: 		
0x0008	0x01F2      	CLRF       R2
;__Lib_MathDouble.c,151 :: 		
0x0009	0x01F1      	CLRF       R1
;__Lib_MathDouble.c,152 :: 		
0x000A	0x01F0      	CLRF       R0
;__Lib_MathDouble.c,153 :: 		
0x000B	0x0DFA      	RLF        R10, 1
;__Lib_MathDouble.c,154 :: 		
0x000C	0x0CF2      	RRF        R2, 1
;__Lib_MathDouble.c,155 :: 		
SETFUN32EEE:
;__Lib_MathDouble.c,156 :: 		
0x000D	0x30FF      	MOVLW      255
;__Lib_MathDouble.c,158 :: 		
L_end_SETFUN32:
0x000E	0x0008      	RETURN
; end of _SETFUN32
_FIXSIGN32:
;__Lib_MathDouble.c,112 :: 		
;__Lib_MathDouble.c,116 :: 		
0x000F	0x1FFA      	BTFSS      R10, 7
;__Lib_MathDouble.c,117 :: 		
0x0010	0x13F2      	BCF        R2, 7
;__Lib_MathDouble.c,118 :: 		
0x0011	0x3000      	MOVLW      0
;__Lib_MathDouble.c,120 :: 		
L_end_FIXSIGN32:
0x0012	0x0008      	RETURN
; end of _FIXSIGN32
_RES032:
;__Lib_MathDouble.c,123 :: 		
;__Lib_MathDouble.c,128 :: 		
0x0013	0x01F2      	CLRF       R2
;__Lib_MathDouble.c,129 :: 		
0x0014	0x01F1      	CLRF       R1
;__Lib_MathDouble.c,130 :: 		
0x0015	0x01F0      	CLRF       R0
;__Lib_MathDouble.c,131 :: 		
0x0016	0x01F8      	CLRF       R8
;__Lib_MathDouble.c,132 :: 		
0x0017	0x01F3      	CLRF       R3
;__Lib_MathDouble.c,133 :: 		
0x0018	0x3000      	MOVLW      0
;__Lib_MathDouble.c,135 :: 		
L_end_RES032:
0x0019	0x0008      	RETURN
; end of _RES032
_SETFOV32:
;__Lib_MathDouble.c,79 :: 		
;__Lib_MathDouble.c,86 :: 		
0x001A	0x14FB      	BSF        R11, 1
;__Lib_MathDouble.c,87 :: 		
0x001B	0x1FFB      	BTFSS      R11, 7
;__Lib_MathDouble.c,88 :: 		
0x001C	0x2824      	GOTO       SETFOV32EEE
;__Lib_MathDouble.c,89 :: 		
0x001D	0x30FF      	MOVLW      255
;__Lib_MathDouble.c,90 :: 		
0x001E	0x00F3      	MOVWF      R3
;__Lib_MathDouble.c,91 :: 		
0x001F	0x00F2      	MOVWF      R2
;__Lib_MathDouble.c,92 :: 		
0x0020	0x00F1      	MOVWF      R1
;__Lib_MathDouble.c,93 :: 		
0x0021	0x00F0      	MOVWF      R0
;__Lib_MathDouble.c,94 :: 		
0x0022	0x0DFA      	RLF        R10, 1
;__Lib_MathDouble.c,95 :: 		
0x0023	0x0CF2      	RRF        R2, 1
;__Lib_MathDouble.c,96 :: 		
SETFOV32EEE:
;__Lib_MathDouble.c,97 :: 		
0x0024	0x30FF      	MOVLW      255
;__Lib_MathDouble.c,99 :: 		
L_end_SETFOV32:
0x0025	0x0008      	RETURN
; end of _SETFOV32
_SETIOV3224:
;__Lib_MathDouble.c,1000 :: 		
;__Lib_MathDouble.c,1006 :: 		
0x0026	0x147B      	BSF        R11, 0
;__Lib_MathDouble.c,1007 :: 		
0x0027	0x1FFB      	BTFSS      R11, 7
;__Lib_MathDouble.c,1008 :: 		
0x0028	0x2831      	GOTO       SETIOV3224EEE
;__Lib_MathDouble.c,1010 :: 		
0x0029	0x01F2      	CLRF       R2
;__Lib_MathDouble.c,1011 :: 		
0x002A	0x1FFA      	BTFSS      R10, 7
;__Lib_MathDouble.c,1012 :: 		
0x002B	0x30FF      	MOVLW      255
;__Lib_MathDouble.c,1013 :: 		
0x002C	0x00F2      	MOVWF      R2
;__Lib_MathDouble.c,1014 :: 		
0x002D	0x00F1      	MOVWF      R1
;__Lib_MathDouble.c,1015 :: 		
0x002E	0x00F0      	MOVWF      R0
;__Lib_MathDouble.c,1016 :: 		
0x002F	0x0DFA      	RLF        R10, 1
;__Lib_MathDouble.c,1017 :: 		
0x0030	0x0CF2      	RRF        R2, 1
;__Lib_MathDouble.c,1018 :: 		
SETIOV3224EEE:
;__Lib_MathDouble.c,1019 :: 		
0x0031	0x30FF      	MOVLW      255
;__Lib_MathDouble.c,1021 :: 		
L_end_SETIOV3224:
0x0032	0x0008      	RETURN
; end of _SETIOV3224
_SETFDZ32:
;__Lib_MathDouble.c,102 :: 		
;__Lib_MathDouble.c,105 :: 		
0x0033	0x15FB      	BSF        R11, 3
;__Lib_MathDouble.c,106 :: 		
0x0034	0x30FF      	MOVLW      255
;__Lib_MathDouble.c,108 :: 		
L_end_SETFDZ32:
0x0035	0x0008      	RETURN
; end of _SETFDZ32
_VDelay_us:
;RbotController.c,91 :: 		void VDelay_us(unsigned time_us){
;RbotController.c,92 :: 		time_us/=16;
0x0036	0x1283      	BCF        STATUS, 5
0x0037	0x1303      	BCF        STATUS, 6
0x0038	0x0CB3      	RRF        FARG_VDelay_us_time_us+1, 1
0x0039	0x0CB2      	RRF        FARG_VDelay_us_time_us, 1
0x003A	0x13B3      	BCF        FARG_VDelay_us_time_us+1, 7
0x003B	0x0CB3      	RRF        FARG_VDelay_us_time_us+1, 1
0x003C	0x0CB2      	RRF        FARG_VDelay_us_time_us, 1
0x003D	0x13B3      	BCF        FARG_VDelay_us_time_us+1, 7
0x003E	0x0CB3      	RRF        FARG_VDelay_us_time_us+1, 1
0x003F	0x0CB2      	RRF        FARG_VDelay_us_time_us, 1
0x0040	0x13B3      	BCF        FARG_VDelay_us_time_us+1, 7
0x0041	0x0CB3      	RRF        FARG_VDelay_us_time_us+1, 1
0x0042	0x0CB2      	RRF        FARG_VDelay_us_time_us, 1
0x0043	0x13B3      	BCF        FARG_VDelay_us_time_us+1, 7
;RbotController.c,93 :: 		while(time_us--){
L_VDelay_us18:
0x0044	0x0832      	MOVF       FARG_VDelay_us_time_us, 0
0x0045	0x00F0      	MOVWF      R0
0x0046	0x0833      	MOVF       FARG_VDelay_us_time_us+1, 0
0x0047	0x00F1      	MOVWF      R0+1
0x0048	0x3001      	MOVLW      1
0x0049	0x02B2      	SUBWF      FARG_VDelay_us_time_us, 1
0x004A	0x1C03      	BTFSS      STATUS, 0
0x004B	0x03B3      	DECF       FARG_VDelay_us_time_us+1, 1
0x004C	0x0870      	MOVF       R0, 0
0x004D	0x0471      	IORWF      R0+1, 0
0x004E	0x1903      	BTFSC      STATUS, 2
0x004F	0x2853      	GOTO       L_VDelay_us19
;RbotController.c,94 :: 		asm nop;
0x0050	0x0000      	NOP
;RbotController.c,95 :: 		asm nop;
0x0051	0x0000      	NOP
;RbotController.c,96 :: 		}
0x0052	0x2844      	GOTO       L_VDelay_us18
L_VDelay_us19:
;RbotController.c,97 :: 		}
L_end_VDelay_us:
0x0053	0x0008      	RETURN
; end of _VDelay_us
_NRM3232:
;__Lib_MathDouble.c,167 :: 		
;__Lib_MathDouble.c,173 :: 		
;__Lib_MathDouble.c,175 :: 		
0x0054	0x01A1      	CLRF       __math_tempbD
;__Lib_MathDouble.c,176 :: 		
0x0055	0x0872      	MOVF       R2, 0
;__Lib_MathDouble.c,177 :: 		
0x0056	0x1D03      	BTFSS      STATUS, 2
;__Lib_MathDouble.c,178 :: 		
0x0057	0x2869      	GOTO       NORM3232
;__Lib_MathDouble.c,179 :: 		
0x0058	0x0871      	MOVF       R1, 0
;__Lib_MathDouble.c,180 :: 		
0x0059	0x00F2      	MOVWF      R2
;__Lib_MathDouble.c,181 :: 		
0x005A	0x0870      	MOVF       R0, 0
;__Lib_MathDouble.c,182 :: 		
0x005B	0x00F1      	MOVWF      R1
;__Lib_MathDouble.c,183 :: 		
0x005C	0x01F0      	CLRF       R0
;__Lib_MathDouble.c,184 :: 		
0x005D	0x15A1      	BSF        __math_tempbD, 3
;__Lib_MathDouble.c,186 :: 		
0x005E	0x0872      	MOVF       R2, 0
;__Lib_MathDouble.c,187 :: 		
0x005F	0x1D03      	BTFSS      STATUS, 2
;__Lib_MathDouble.c,188 :: 		
0x0060	0x2869      	GOTO       NORM3232
;__Lib_MathDouble.c,189 :: 		
0x0061	0x0871      	MOVF       R1, 0
;__Lib_MathDouble.c,190 :: 		
0x0062	0x00F2      	MOVWF      R2
;__Lib_MathDouble.c,191 :: 		
0x0063	0x01F1      	CLRF       R1
;__Lib_MathDouble.c,192 :: 		
0x0064	0x11A1      	BCF        __math_tempbD, 3
;__Lib_MathDouble.c,193 :: 		
0x0065	0x1621      	BSF        __math_tempbD, 4
;__Lib_MathDouble.c,195 :: 		
0x0066	0x0872      	MOVF       R2, 0
;__Lib_MathDouble.c,196 :: 		
0x0067	0x1903      	BTFSC      STATUS, 2
;__Lib_MathDouble.c,197 :: 		
0x0068	0x2877      	GOTO       JPNRES032
;__Lib_MathDouble.c,198 :: 		
NORM3232:
;__Lib_MathDouble.c,199 :: 		
0x0069	0x0821      	MOVF       __math_tempbD, 0
;__Lib_MathDouble.c,200 :: 		
0x006A	0x02F3      	SUBWF      R3, 1
;__Lib_MathDouble.c,201 :: 		
0x006B	0x1D03      	BTFSS      STATUS, 2
;__Lib_MathDouble.c,202 :: 		
0x006C	0x1C03      	BTFSS      STATUS, 0
;__Lib_MathDouble.c,203 :: 		
0x006D	0x287B      	GOTO       JPNSETFUN32
;__Lib_MathDouble.c,204 :: 		
0x006E	0x1003      	BCF        STATUS, 0
;__Lib_MathDouble.c,205 :: 		
NORM3232A:
;__Lib_MathDouble.c,206 :: 		
0x006F	0x1BF2      	BTFSC      R2, 7
;__Lib_MathDouble.c,207 :: 		
0x0070	0x287F      	GOTO       JMPNFIXSIGN32
;__Lib_MathDouble.c,208 :: 		
0x0071	0x0DF0      	RLF        R0, 1
;__Lib_MathDouble.c,209 :: 		
0x0072	0x0DF1      	RLF        R1, 1
;__Lib_MathDouble.c,210 :: 		
0x0073	0x0DF2      	RLF        R2, 1
;__Lib_MathDouble.c,211 :: 		
0x0074	0x0BF3      	DECFSZ     R3, 1
;__Lib_MathDouble.c,212 :: 		
0x0075	0x286F      	GOTO       NORM3232A
;__Lib_MathDouble.c,213 :: 		
0x0076	0x287B      	GOTO       JPNSETFUN32
;__Lib_MathDouble.c,214 :: 		
JPNRES032:
;__Lib_MathDouble.c,215 :: 		
0x0077	0x3001      	MOVLW      1
;__Lib_MathDouble.c,216 :: 		
0x0078	0x00FC      	MOVWF      R12
;__Lib_MathDouble.c,218 :: 		
0x0079	0x2013      	CALL       _RES032
;__Lib_MathDouble.c,220 :: 		
0x007A	0x2882      	GOTO       NORM32EEE
;__Lib_MathDouble.c,221 :: 		
JPNSETFUN32:
;__Lib_MathDouble.c,222 :: 		
0x007B	0x3002      	MOVLW      2
;__Lib_MathDouble.c,223 :: 		
0x007C	0x00FC      	MOVWF      R12
;__Lib_MathDouble.c,225 :: 		
0x007D	0x2003      	CALL       _SETFUN32
;__Lib_MathDouble.c,227 :: 		
0x007E	0x2882      	GOTO       NORM32EEE
;__Lib_MathDouble.c,228 :: 		
JMPNFIXSIGN32:
;__Lib_MathDouble.c,229 :: 		
0x007F	0x3004      	MOVLW      4
;__Lib_MathDouble.c,230 :: 		
0x0080	0x00FC      	MOVWF      R12
;__Lib_MathDouble.c,232 :: 		
0x0081	0x200F      	CALL       _FIXSIGN32
;__Lib_MathDouble.c,234 :: 		
NORM32EEE:
;__Lib_MathDouble.c,236 :: 		
L_end_NRM3232:
0x0082	0x0008      	RETURN
; end of _NRM3232
_Mul_32x32_U:
;__Lib_Math.c,1774 :: 		
;__Lib_Math.c,1789 :: 		
0x0083	0x1283      	BCF        STATUS, 5
;__Lib_Math.c,1790 :: 		
0x0084	0x1303      	BCF        STATUS, 6
;__Lib_Math.c,1791 :: 		
0x0085	0x3022      	MOVLW      34
;__Lib_Math.c,1792 :: 		
0x0086	0x00FC      	MOVWF      R12
;__Lib_Math.c,1793 :: 		
0x0087	0x01F8      	CLRF       R8
;__Lib_Math.c,1794 :: 		
0x0088	0x01F9      	CLRF       R9
;__Lib_Math.c,1795 :: 		
0x0089	0x01FA      	CLRF       R10
;__Lib_Math.c,1796 :: 		
0x008A	0x01FB      	CLRF       R11
;__Lib_Math.c,1798 :: 		
_NEXT:
;__Lib_Math.c,1802 :: 		
0x008B	0x03FC      	DECF       R12, 1
;__Lib_Math.c,1803 :: 		
0x008C	0x1903      	BTFSC      STATUS, 2
;__Lib_Math.c,1804 :: 		
0x008D	0x28B9      	GOTO       _EXIT2
;__Lib_Math.c,1805 :: 		
0x008E	0x1003      	BCF        STATUS, 0
;__Lib_Math.c,1807 :: 		
_LOOP:
;__Lib_Math.c,1816 :: 		
0x008F	0x0CFB      	RRF        R11, 1
;__Lib_Math.c,1817 :: 		
0x0090	0x0CFA      	RRF        R10, 1
;__Lib_Math.c,1818 :: 		
0x0091	0x0CF9      	RRF        R9, 1
;__Lib_Math.c,1819 :: 		
0x0092	0x0CF8      	RRF        R8, 1
;__Lib_Math.c,1820 :: 		
0x0093	0x0CF3      	RRF        R3, 1
;__Lib_Math.c,1821 :: 		
0x0094	0x0CF2      	RRF        R2, 1
;__Lib_Math.c,1822 :: 		
0x0095	0x0CF1      	RRF        R1, 1
;__Lib_Math.c,1823 :: 		
0x0096	0x0CF0      	RRF        R0, 1
;__Lib_Math.c,1828 :: 		
0x0097	0x1C03      	BTFSS      STATUS, 0
;__Lib_Math.c,1829 :: 		
0x0098	0x288B      	GOTO       _NEXT
;__Lib_Math.c,1830 :: 		
0x0099	0x03FC      	DECF       R12, 1
;__Lib_Math.c,1831 :: 		
0x009A	0x1903      	BTFSC      STATUS, 2
;__Lib_Math.c,1832 :: 		
0x009B	0x28AB      	GOTO       _EXIT1
;__Lib_Math.c,1839 :: 		
0x009C	0x0874      	MOVF       R4, 0
;__Lib_Math.c,1840 :: 		
0x009D	0x07F8      	ADDWF      R8, 1
;__Lib_Math.c,1841 :: 		
0x009E	0x0875      	MOVF       R5, 0
;__Lib_Math.c,1842 :: 		
0x009F	0x1803      	BTFSC      STATUS, 0
;__Lib_Math.c,1843 :: 		
0x00A0	0x0F75      	INCFSZ     R5, 0
;__Lib_Math.c,1844 :: 		
0x00A1	0x07F9      	ADDWF      R9, 1
;__Lib_Math.c,1845 :: 		
0x00A2	0x0876      	MOVF       R6, 0
;__Lib_Math.c,1846 :: 		
0x00A3	0x1803      	BTFSC      STATUS, 0
;__Lib_Math.c,1847 :: 		
0x00A4	0x0F76      	INCFSZ     R6, 0
;__Lib_Math.c,1848 :: 		
0x00A5	0x07FA      	ADDWF      R10, 1
;__Lib_Math.c,1849 :: 		
0x00A6	0x0877      	MOVF       R7, 0
;__Lib_Math.c,1850 :: 		
0x00A7	0x1803      	BTFSC      STATUS, 0
;__Lib_Math.c,1851 :: 		
0x00A8	0x0F77      	INCFSZ     R7, 0
;__Lib_Math.c,1852 :: 		
0x00A9	0x07FB      	ADDWF      R11, 1
;__Lib_Math.c,1854 :: 		
0x00AA	0x288F      	GOTO       _LOOP
;__Lib_Math.c,1856 :: 		
_EXIT1:
;__Lib_Math.c,1861 :: 		
0x00AB	0x0874      	MOVF       R4, 0
;__Lib_Math.c,1862 :: 		
0x00AC	0x07F8      	ADDWF      R8, 1
;__Lib_Math.c,1863 :: 		
0x00AD	0x0875      	MOVF       R5, 0
;__Lib_Math.c,1864 :: 		
0x00AE	0x1803      	BTFSC      STATUS, 0
;__Lib_Math.c,1865 :: 		
0x00AF	0x0F75      	INCFSZ     R5, 0
;__Lib_Math.c,1866 :: 		
0x00B0	0x07F9      	ADDWF      R9, 1
;__Lib_Math.c,1867 :: 		
0x00B1	0x0876      	MOVF       R6, 0
;__Lib_Math.c,1868 :: 		
0x00B2	0x1803      	BTFSC      STATUS, 0
;__Lib_Math.c,1869 :: 		
0x00B3	0x0F76      	INCFSZ     R6, 0
;__Lib_Math.c,1870 :: 		
0x00B4	0x07FA      	ADDWF      R10, 1
;__Lib_Math.c,1871 :: 		
0x00B5	0x0877      	MOVF       R7, 0
;__Lib_Math.c,1872 :: 		
0x00B6	0x1803      	BTFSC      STATUS, 0
;__Lib_Math.c,1873 :: 		
0x00B7	0x0F77      	INCFSZ     R7, 0
;__Lib_Math.c,1874 :: 		
0x00B8	0x07FB      	ADDWF      R11, 1
;__Lib_Math.c,1877 :: 		
_EXIT2:
;__Lib_Math.c,1879 :: 		
L_end_Mul_32x32_U:
0x00B9	0x0008      	RETURN
; end of _Mul_32x32_U
_Div_32x32_U:
;__Lib_Math.c,1317 :: 		
;__Lib_Math.c,1326 :: 		
;__Lib_Math.c,1328 :: 		
0x00BA	0x1283      	BCF        STATUS, 5
;__Lib_Math.c,1329 :: 		
0x00BB	0x1303      	BCF        STATUS, 6
;__Lib_Math.c,1330 :: 		
0x00BC	0x01FB      	CLRF       R11
;__Lib_Math.c,1331 :: 		
0x00BD	0x01FA      	CLRF       R10
;__Lib_Math.c,1332 :: 		
0x00BE	0x01F9      	CLRF       R9
;__Lib_Math.c,1333 :: 		
0x00BF	0x01F8      	CLRF       R8
;__Lib_Math.c,1335 :: 		
0x00C0	0x01A0      	CLRF       ___math_tempb
;__Lib_Math.c,1337 :: 		
0x00C1	0x0D73      	RLF        R3, 0
;__Lib_Math.c,1338 :: 		
0x00C2	0x0DF8      	RLF        R8, 1
;__Lib_Math.c,1339 :: 		
0x00C3	0x0874      	MOVF       R4, 0
;__Lib_Math.c,1340 :: 		
0x00C4	0x02F8      	SUBWF      R8, 1
;__Lib_Math.c,1341 :: 		
0x00C5	0x0875      	MOVF       R5, 0
;__Lib_Math.c,1342 :: 		
0x00C6	0x1C03      	BTFSS      STATUS, 0
;__Lib_Math.c,1343 :: 		
0x00C7	0x0F75      	INCFSZ     R5, 0
;__Lib_Math.c,1344 :: 		
0x00C8	0x02F9      	SUBWF      R9, 1
;__Lib_Math.c,1345 :: 		
0x00C9	0x0876      	MOVF       R6, 0
;__Lib_Math.c,1346 :: 		
0x00CA	0x1C03      	BTFSS      STATUS, 0
;__Lib_Math.c,1347 :: 		
0x00CB	0x0F76      	INCFSZ     R6, 0
;__Lib_Math.c,1348 :: 		
0x00CC	0x02FA      	SUBWF      R10, 1
;__Lib_Math.c,1349 :: 		
0x00CD	0x0877      	MOVF       R7, 0
;__Lib_Math.c,1350 :: 		
0x00CE	0x1C03      	BTFSS      STATUS, 0
;__Lib_Math.c,1351 :: 		
0x00CF	0x0F77      	INCFSZ     R7, 0
;__Lib_Math.c,1352 :: 		
0x00D0	0x02FB      	SUBWF      R11, 1
;__Lib_Math.c,1354 :: 		
0x00D1	0x0100      	CLRW
;__Lib_Math.c,1355 :: 		
0x00D2	0x1C03      	BTFSS      STATUS, 0
;__Lib_Math.c,1356 :: 		
0x00D3	0x3001      	MOVLW      1
;__Lib_Math.c,1357 :: 		
0x00D4	0x02A0      	SUBWF      ___math_tempb, 1
;__Lib_Math.c,1358 :: 		
0x00D5	0x0DF3      	RLF        R3, 1
;__Lib_Math.c,1360 :: 		
0x00D6	0x3007      	MOVLW      7
;__Lib_Math.c,1361 :: 		
0x00D7	0x00FC      	MOVWF      R12
;__Lib_Math.c,1363 :: 		
LOOPU3232A:
;__Lib_Math.c,1364 :: 		
0x00D8	0x0D73      	RLF        R3, 0
;__Lib_Math.c,1365 :: 		
0x00D9	0x0DF8      	RLF        R8, 1
;__Lib_Math.c,1366 :: 		
0x00DA	0x0DF9      	RLF        R9, 1
;__Lib_Math.c,1367 :: 		
0x00DB	0x0DFA      	RLF        R10, 1
;__Lib_Math.c,1368 :: 		
0x00DC	0x0DFB      	RLF        R11, 1
;__Lib_Math.c,1369 :: 		
0x00DD	0x0DA0      	RLF        ___math_tempb, 1
;__Lib_Math.c,1370 :: 		
0x00DE	0x0874      	MOVF       R4, 0
;__Lib_Math.c,1371 :: 		
0x00DF	0x1C73      	BTFSS      R3, 0
;__Lib_Math.c,1372 :: 		
0x00E0	0x28F3      	GOTO       UADD22LA
;__Lib_Math.c,1374 :: 		
0x00E1	0x02F8      	SUBWF      R8, 1
;__Lib_Math.c,1375 :: 		
0x00E2	0x0875      	MOVF       R5, 0
;__Lib_Math.c,1376 :: 		
0x00E3	0x1C03      	BTFSS      STATUS, 0
;__Lib_Math.c,1377 :: 		
0x00E4	0x0F75      	INCFSZ     R5, 0
;__Lib_Math.c,1378 :: 		
0x00E5	0x02F9      	SUBWF      R9, 1
;__Lib_Math.c,1379 :: 		
0x00E6	0x0876      	MOVF       R6, 0
;__Lib_Math.c,1380 :: 		
0x00E7	0x1C03      	BTFSS      STATUS, 0
;__Lib_Math.c,1381 :: 		
0x00E8	0x0F76      	INCFSZ     R6, 0
;__Lib_Math.c,1382 :: 		
0x00E9	0x02FA      	SUBWF      R10, 1
;__Lib_Math.c,1383 :: 		
0x00EA	0x0877      	MOVF       R7, 0
;__Lib_Math.c,1384 :: 		
0x00EB	0x1C03      	BTFSS      STATUS, 0
;__Lib_Math.c,1385 :: 		
0x00EC	0x0F77      	INCFSZ     R7, 0
;__Lib_Math.c,1386 :: 		
0x00ED	0x02FB      	SUBWF      R11, 1
;__Lib_Math.c,1387 :: 		
0x00EE	0x0100      	CLRW
;__Lib_Math.c,1388 :: 		
0x00EF	0x1C03      	BTFSS      STATUS, 0
;__Lib_Math.c,1389 :: 		
0x00F0	0x3001      	MOVLW      1
;__Lib_Math.c,1390 :: 		
0x00F1	0x02A0      	SUBWF      ___math_tempb, 1
;__Lib_Math.c,1391 :: 		
0x00F2	0x2904      	GOTO       UOK22LA
;__Lib_Math.c,1393 :: 		
UADD22LA:
;__Lib_Math.c,1394 :: 		
0x00F3	0x07F8      	ADDWF      R8, 1
;__Lib_Math.c,1395 :: 		
0x00F4	0x0875      	MOVF       R5, 0
;__Lib_Math.c,1396 :: 		
0x00F5	0x1803      	BTFSC      STATUS, 0
;__Lib_Math.c,1397 :: 		
0x00F6	0x0F75      	INCFSZ     R5, 0
;__Lib_Math.c,1398 :: 		
0x00F7	0x07F9      	ADDWF      R9, 1
;__Lib_Math.c,1399 :: 		
0x00F8	0x0876      	MOVF       R6, 0
;__Lib_Math.c,1400 :: 		
0x00F9	0x1803      	BTFSC      STATUS, 0
;__Lib_Math.c,1401 :: 		
0x00FA	0x0F76      	INCFSZ     R6, 0
;__Lib_Math.c,1402 :: 		
0x00FB	0x07FA      	ADDWF      R10, 1
;__Lib_Math.c,1403 :: 		
0x00FC	0x0877      	MOVF       R7, 0
;__Lib_Math.c,1404 :: 		
0x00FD	0x1803      	BTFSC      STATUS, 0
;__Lib_Math.c,1405 :: 		
0x00FE	0x0F77      	INCFSZ     R7, 0
;__Lib_Math.c,1406 :: 		
0x00FF	0x07FB      	ADDWF      R11, 1
;__Lib_Math.c,1407 :: 		
0x0100	0x0100      	CLRW
;__Lib_Math.c,1408 :: 		
0x0101	0x1803      	BTFSC      STATUS, 0
;__Lib_Math.c,1409 :: 		
0x0102	0x3001      	MOVLW      1
;__Lib_Math.c,1410 :: 		
0x0103	0x07A0      	ADDWF      ___math_tempb, 1
;__Lib_Math.c,1412 :: 		
UOK22LA:
;__Lib_Math.c,1413 :: 		
0x0104	0x0DF3      	RLF        R3, 1
;__Lib_Math.c,1415 :: 		
0x0105	0x0BFC      	DECFSZ     R12, 1
;__Lib_Math.c,1416 :: 		
0x0106	0x28D8      	GOTO       LOOPU3232A
;__Lib_Math.c,1418 :: 		
0x0107	0x0D72      	RLF        R2, 0
;__Lib_Math.c,1419 :: 		
0x0108	0x0DF8      	RLF        R8, 1
;__Lib_Math.c,1420 :: 		
0x0109	0x0DF9      	RLF        R9, 1
;__Lib_Math.c,1421 :: 		
0x010A	0x0DFA      	RLF        R10, 1
;__Lib_Math.c,1422 :: 		
0x010B	0x0DFB      	RLF        R11, 1
;__Lib_Math.c,1423 :: 		
0x010C	0x0DA0      	RLF        ___math_tempb, 1
;__Lib_Math.c,1424 :: 		
0x010D	0x0874      	MOVF       R4, 0
;__Lib_Math.c,1425 :: 		
0x010E	0x1C73      	BTFSS      R3, 0
;__Lib_Math.c,1426 :: 		
0x010F	0x2922      	GOTO       UADD22L8
;__Lib_Math.c,1428 :: 		
0x0110	0x02F8      	SUBWF      R8, 1
;__Lib_Math.c,1429 :: 		
0x0111	0x0875      	MOVF       R5, 0
;__Lib_Math.c,1430 :: 		
0x0112	0x1C03      	BTFSS      STATUS, 0
;__Lib_Math.c,1431 :: 		
0x0113	0x0F75      	INCFSZ     R5, 0
;__Lib_Math.c,1432 :: 		
0x0114	0x02F9      	SUBWF      R9, 1
;__Lib_Math.c,1433 :: 		
0x0115	0x0876      	MOVF       R6, 0
;__Lib_Math.c,1434 :: 		
0x0116	0x1C03      	BTFSS      STATUS, 0
;__Lib_Math.c,1435 :: 		
0x0117	0x0F76      	INCFSZ     R6, 0
;__Lib_Math.c,1436 :: 		
0x0118	0x02FA      	SUBWF      R10, 1
;__Lib_Math.c,1437 :: 		
0x0119	0x0877      	MOVF       R7, 0
;__Lib_Math.c,1438 :: 		
0x011A	0x1C03      	BTFSS      STATUS, 0
;__Lib_Math.c,1439 :: 		
0x011B	0x0F77      	INCFSZ     R7, 0
;__Lib_Math.c,1440 :: 		
0x011C	0x02FB      	SUBWF      R11, 1
;__Lib_Math.c,1441 :: 		
0x011D	0x0100      	CLRW
;__Lib_Math.c,1442 :: 		
0x011E	0x1C03      	BTFSS      STATUS, 0
;__Lib_Math.c,1443 :: 		
0x011F	0x3001      	MOVLW      1
;__Lib_Math.c,1444 :: 		
0x0120	0x02A0      	SUBWF      ___math_tempb, 1
;__Lib_Math.c,1445 :: 		
0x0121	0x2933      	GOTO       UOK22L8
;__Lib_Math.c,1447 :: 		
UADD22L8:
;__Lib_Math.c,1448 :: 		
0x0122	0x07F8      	ADDWF      R8, 1
;__Lib_Math.c,1449 :: 		
0x0123	0x0875      	MOVF       R5, 0
;__Lib_Math.c,1450 :: 		
0x0124	0x1803      	BTFSC      STATUS, 0
;__Lib_Math.c,1451 :: 		
0x0125	0x0F75      	INCFSZ     R5, 0
;__Lib_Math.c,1452 :: 		
0x0126	0x07F9      	ADDWF      R9, 1
;__Lib_Math.c,1453 :: 		
0x0127	0x0876      	MOVF       R6, 0
;__Lib_Math.c,1454 :: 		
0x0128	0x1803      	BTFSC      STATUS, 0
;__Lib_Math.c,1455 :: 		
0x0129	0x0F76      	INCFSZ     R6, 0
;__Lib_Math.c,1456 :: 		
0x012A	0x07FA      	ADDWF      R10, 1
;__Lib_Math.c,1457 :: 		
0x012B	0x0877      	MOVF       R7, 0
;__Lib_Math.c,1458 :: 		
0x012C	0x1803      	BTFSC      STATUS, 0
;__Lib_Math.c,1459 :: 		
0x012D	0x0F77      	INCFSZ     R7, 0
;__Lib_Math.c,1460 :: 		
0x012E	0x07FB      	ADDWF      R11, 1
;__Lib_Math.c,1461 :: 		
0x012F	0x0100      	CLRW
;__Lib_Math.c,1462 :: 		
0x0130	0x1803      	BTFSC      STATUS, 0
;__Lib_Math.c,1463 :: 		
0x0131	0x3001      	MOVLW      1
;__Lib_Math.c,1464 :: 		
0x0132	0x07A0      	ADDWF      ___math_tempb, 1
;__Lib_Math.c,1466 :: 		
UOK22L8:
;__Lib_Math.c,1467 :: 		
0x0133	0x0DF2      	RLF        R2, 1
;__Lib_Math.c,1469 :: 		
0x0134	0x3007      	MOVLW      7
;__Lib_Math.c,1470 :: 		
0x0135	0x00FC      	MOVWF      R12
;__Lib_Math.c,1472 :: 		
LOOPU3232B:
;__Lib_Math.c,1473 :: 		
0x0136	0x0D72      	RLF        R2, 0
;__Lib_Math.c,1474 :: 		
0x0137	0x0DF8      	RLF        R8, 1
;__Lib_Math.c,1475 :: 		
0x0138	0x0DF9      	RLF        R9, 1
;__Lib_Math.c,1476 :: 		
0x0139	0x0DFA      	RLF        R10, 1
;__Lib_Math.c,1477 :: 		
0x013A	0x0DFB      	RLF        R11, 1
;__Lib_Math.c,1478 :: 		
0x013B	0x0DA0      	RLF        ___math_tempb, 1
;__Lib_Math.c,1479 :: 		
0x013C	0x0874      	MOVF       R4, 0
;__Lib_Math.c,1480 :: 		
0x013D	0x1C72      	BTFSS      R2, 0
;__Lib_Math.c,1481 :: 		
0x013E	0x2951      	GOTO       UADD22LB
;__Lib_Math.c,1483 :: 		
0x013F	0x02F8      	SUBWF      R8, 1
;__Lib_Math.c,1484 :: 		
0x0140	0x0875      	MOVF       R5, 0
;__Lib_Math.c,1485 :: 		
0x0141	0x1C03      	BTFSS      STATUS, 0
;__Lib_Math.c,1486 :: 		
0x0142	0x0F75      	INCFSZ     R5, 0
;__Lib_Math.c,1487 :: 		
0x0143	0x02F9      	SUBWF      R9, 1
;__Lib_Math.c,1488 :: 		
0x0144	0x0876      	MOVF       R6, 0
;__Lib_Math.c,1489 :: 		
0x0145	0x1C03      	BTFSS      STATUS, 0
;__Lib_Math.c,1490 :: 		
0x0146	0x0F76      	INCFSZ     R6, 0
;__Lib_Math.c,1491 :: 		
0x0147	0x02FA      	SUBWF      R10, 1
;__Lib_Math.c,1492 :: 		
0x0148	0x0877      	MOVF       R7, 0
;__Lib_Math.c,1493 :: 		
0x0149	0x1C03      	BTFSS      STATUS, 0
;__Lib_Math.c,1494 :: 		
0x014A	0x0F77      	INCFSZ     R7, 0
;__Lib_Math.c,1495 :: 		
0x014B	0x02FB      	SUBWF      R11, 1
;__Lib_Math.c,1496 :: 		
0x014C	0x0100      	CLRW
;__Lib_Math.c,1497 :: 		
0x014D	0x1C03      	BTFSS      STATUS, 0
;__Lib_Math.c,1498 :: 		
0x014E	0x3001      	MOVLW      1
;__Lib_Math.c,1499 :: 		
0x014F	0x02A0      	SUBWF      ___math_tempb, 1
;__Lib_Math.c,1500 :: 		
0x0150	0x2962      	GOTO       UOK22LB
;__Lib_Math.c,1502 :: 		
UADD22LB:
;__Lib_Math.c,1503 :: 		
0x0151	0x07F8      	ADDWF      R8, 1
;__Lib_Math.c,1504 :: 		
0x0152	0x0875      	MOVF       R5, 0
;__Lib_Math.c,1505 :: 		
0x0153	0x1803      	BTFSC      STATUS, 0
;__Lib_Math.c,1506 :: 		
0x0154	0x0F75      	INCFSZ     R5, 0
;__Lib_Math.c,1507 :: 		
0x0155	0x07F9      	ADDWF      R9, 1
;__Lib_Math.c,1508 :: 		
0x0156	0x0876      	MOVF       R6, 0
;__Lib_Math.c,1509 :: 		
0x0157	0x1803      	BTFSC      STATUS, 0
;__Lib_Math.c,1510 :: 		
0x0158	0x0F76      	INCFSZ     R6, 0
;__Lib_Math.c,1511 :: 		
0x0159	0x07FA      	ADDWF      R10, 1
;__Lib_Math.c,1512 :: 		
0x015A	0x0877      	MOVF       R7, 0
;__Lib_Math.c,1513 :: 		
0x015B	0x1803      	BTFSC      STATUS, 0
;__Lib_Math.c,1514 :: 		
0x015C	0x0F77      	INCFSZ     R7, 0
;__Lib_Math.c,1515 :: 		
0x015D	0x07FB      	ADDWF      R11, 1
;__Lib_Math.c,1516 :: 		
0x015E	0x0100      	CLRW
;__Lib_Math.c,1517 :: 		
0x015F	0x1803      	BTFSC      STATUS, 0
;__Lib_Math.c,1518 :: 		
0x0160	0x3001      	MOVLW      1
;__Lib_Math.c,1519 :: 		
0x0161	0x07A0      	ADDWF      ___math_tempb, 1
;__Lib_Math.c,1521 :: 		
UOK22LB:
;__Lib_Math.c,1522 :: 		
0x0162	0x0DF2      	RLF        R2, 1
;__Lib_Math.c,1524 :: 		
0x0163	0x0BFC      	DECFSZ     R12, 1
;__Lib_Math.c,1525 :: 		
0x0164	0x2936      	GOTO       LOOPU3232B
;__Lib_Math.c,1527 :: 		
0x0165	0x0D71      	RLF        R1, 0
;__Lib_Math.c,1528 :: 		
0x0166	0x0DF8      	RLF        R8, 1
;__Lib_Math.c,1529 :: 		
0x0167	0x0DF9      	RLF        R9, 1
;__Lib_Math.c,1530 :: 		
0x0168	0x0DFA      	RLF        R10, 1
;__Lib_Math.c,1531 :: 		
0x0169	0x0DFB      	RLF        R11, 1
;__Lib_Math.c,1532 :: 		
0x016A	0x0DA0      	RLF        ___math_tempb, 1
;__Lib_Math.c,1533 :: 		
0x016B	0x0874      	MOVF       R4, 0
;__Lib_Math.c,1534 :: 		
0x016C	0x1C72      	BTFSS      R2, 0
;__Lib_Math.c,1535 :: 		
0x016D	0x2980      	GOTO       UADD22L16
;__Lib_Math.c,1537 :: 		
0x016E	0x02F8      	SUBWF      R8, 1
;__Lib_Math.c,1538 :: 		
0x016F	0x0875      	MOVF       R5, 0
;__Lib_Math.c,1539 :: 		
0x0170	0x1C03      	BTFSS      STATUS, 0
;__Lib_Math.c,1540 :: 		
0x0171	0x0F75      	INCFSZ     R5, 0
;__Lib_Math.c,1541 :: 		
0x0172	0x02F9      	SUBWF      R9, 1
;__Lib_Math.c,1542 :: 		
0x0173	0x0876      	MOVF       R6, 0
;__Lib_Math.c,1543 :: 		
0x0174	0x1C03      	BTFSS      STATUS, 0
;__Lib_Math.c,1544 :: 		
0x0175	0x0F76      	INCFSZ     R6, 0
;__Lib_Math.c,1545 :: 		
0x0176	0x02FA      	SUBWF      R10, 1
;__Lib_Math.c,1546 :: 		
0x0177	0x0877      	MOVF       R7, 0
;__Lib_Math.c,1547 :: 		
0x0178	0x1C03      	BTFSS      STATUS, 0
;__Lib_Math.c,1548 :: 		
0x0179	0x0F77      	INCFSZ     R7, 0
;__Lib_Math.c,1549 :: 		
0x017A	0x02FB      	SUBWF      R11, 1
;__Lib_Math.c,1550 :: 		
0x017B	0x0100      	CLRW
;__Lib_Math.c,1551 :: 		
0x017C	0x1C03      	BTFSS      STATUS, 0
;__Lib_Math.c,1552 :: 		
0x017D	0x3001      	MOVLW      1
;__Lib_Math.c,1553 :: 		
0x017E	0x02A0      	SUBWF      ___math_tempb, 1
;__Lib_Math.c,1554 :: 		
0x017F	0x2991      	GOTO       UOK22L16
;__Lib_Math.c,1556 :: 		
UADD22L16:
;__Lib_Math.c,1557 :: 		
0x0180	0x07F8      	ADDWF      R8, 1
;__Lib_Math.c,1558 :: 		
0x0181	0x0875      	MOVF       R5, 0
;__Lib_Math.c,1559 :: 		
0x0182	0x1803      	BTFSC      STATUS, 0
;__Lib_Math.c,1560 :: 		
0x0183	0x0F75      	INCFSZ     R5, 0
;__Lib_Math.c,1561 :: 		
0x0184	0x07F9      	ADDWF      R9, 1
;__Lib_Math.c,1562 :: 		
0x0185	0x0876      	MOVF       R6, 0
;__Lib_Math.c,1563 :: 		
0x0186	0x1803      	BTFSC      STATUS, 0
;__Lib_Math.c,1564 :: 		
0x0187	0x0F76      	INCFSZ     R6, 0
;__Lib_Math.c,1565 :: 		
0x0188	0x07FA      	ADDWF      R10, 1
;__Lib_Math.c,1566 :: 		
0x0189	0x0877      	MOVF       R7, 0
;__Lib_Math.c,1567 :: 		
0x018A	0x1803      	BTFSC      STATUS, 0
;__Lib_Math.c,1568 :: 		
0x018B	0x0F77      	INCFSZ     R7, 0
;__Lib_Math.c,1569 :: 		
0x018C	0x07FB      	ADDWF      R11, 1
;__Lib_Math.c,1570 :: 		
0x018D	0x0100      	CLRW
;__Lib_Math.c,1571 :: 		
0x018E	0x1803      	BTFSC      STATUS, 0
;__Lib_Math.c,1572 :: 		
0x018F	0x3001      	MOVLW      1
;__Lib_Math.c,1573 :: 		
0x0190	0x07A0      	ADDWF      ___math_tempb, 1
;__Lib_Math.c,1575 :: 		
UOK22L16:
;__Lib_Math.c,1576 :: 		
0x0191	0x0DF1      	RLF        R1, 1
;__Lib_Math.c,1578 :: 		
0x0192	0x3007      	MOVLW      7
;__Lib_Math.c,1579 :: 		
0x0193	0x00FC      	MOVWF      R12
;__Lib_Math.c,1581 :: 		
LOOPU3232C:
;__Lib_Math.c,1582 :: 		
0x0194	0x0D71      	RLF        R1, 0
;__Lib_Math.c,1583 :: 		
0x0195	0x0DF8      	RLF        R8, 1
;__Lib_Math.c,1584 :: 		
0x0196	0x0DF9      	RLF        R9, 1
;__Lib_Math.c,1585 :: 		
0x0197	0x0DFA      	RLF        R10, 1
;__Lib_Math.c,1586 :: 		
0x0198	0x0DFB      	RLF        R11, 1
;__Lib_Math.c,1587 :: 		
0x0199	0x0DA0      	RLF        ___math_tempb, 1
;__Lib_Math.c,1588 :: 		
0x019A	0x0874      	MOVF       R4, 0
;__Lib_Math.c,1589 :: 		
0x019B	0x1C71      	BTFSS      R1, 0
;__Lib_Math.c,1590 :: 		
0x019C	0x29AF      	GOTO       UADD22LC
;__Lib_Math.c,1592 :: 		
0x019D	0x02F8      	SUBWF      R8, 1
;__Lib_Math.c,1593 :: 		
0x019E	0x0875      	MOVF       R5, 0
;__Lib_Math.c,1594 :: 		
0x019F	0x1C03      	BTFSS      STATUS, 0
;__Lib_Math.c,1595 :: 		
0x01A0	0x0F75      	INCFSZ     R5, 0
;__Lib_Math.c,1596 :: 		
0x01A1	0x02F9      	SUBWF      R9, 1
;__Lib_Math.c,1597 :: 		
0x01A2	0x0876      	MOVF       R6, 0
;__Lib_Math.c,1598 :: 		
0x01A3	0x1C03      	BTFSS      STATUS, 0
;__Lib_Math.c,1599 :: 		
0x01A4	0x0F76      	INCFSZ     R6, 0
;__Lib_Math.c,1600 :: 		
0x01A5	0x02FA      	SUBWF      R10, 1
;__Lib_Math.c,1601 :: 		
0x01A6	0x0877      	MOVF       R7, 0
;__Lib_Math.c,1602 :: 		
0x01A7	0x1C03      	BTFSS      STATUS, 0
;__Lib_Math.c,1603 :: 		
0x01A8	0x0F77      	INCFSZ     R7, 0
;__Lib_Math.c,1604 :: 		
0x01A9	0x02FB      	SUBWF      R11, 1
;__Lib_Math.c,1605 :: 		
0x01AA	0x0100      	CLRW
;__Lib_Math.c,1606 :: 		
0x01AB	0x1C03      	BTFSS      STATUS, 0
;__Lib_Math.c,1607 :: 		
0x01AC	0x3001      	MOVLW      1
;__Lib_Math.c,1608 :: 		
0x01AD	0x02A0      	SUBWF      ___math_tempb, 1
;__Lib_Math.c,1609 :: 		
0x01AE	0x29C0      	GOTO       UOK22LC
;__Lib_Math.c,1611 :: 		
UADD22LC:
;__Lib_Math.c,1612 :: 		
0x01AF	0x07F8      	ADDWF      R8, 1
;__Lib_Math.c,1613 :: 		
0x01B0	0x0875      	MOVF       R5, 0
;__Lib_Math.c,1614 :: 		
0x01B1	0x1803      	BTFSC      STATUS, 0
;__Lib_Math.c,1615 :: 		
0x01B2	0x0F75      	INCFSZ     R5, 0
;__Lib_Math.c,1616 :: 		
0x01B3	0x07F9      	ADDWF      R9, 1
;__Lib_Math.c,1617 :: 		
0x01B4	0x0876      	MOVF       R6, 0
;__Lib_Math.c,1618 :: 		
0x01B5	0x1803      	BTFSC      STATUS, 0
;__Lib_Math.c,1619 :: 		
0x01B6	0x0F76      	INCFSZ     R6, 0
;__Lib_Math.c,1620 :: 		
0x01B7	0x07FA      	ADDWF      R10, 1
;__Lib_Math.c,1621 :: 		
0x01B8	0x0877      	MOVF       R7, 0
;__Lib_Math.c,1622 :: 		
0x01B9	0x1803      	BTFSC      STATUS, 0
;__Lib_Math.c,1623 :: 		
0x01BA	0x0F77      	INCFSZ     R7, 0
;__Lib_Math.c,1624 :: 		
0x01BB	0x07FB      	ADDWF      R11, 1
;__Lib_Math.c,1625 :: 		
0x01BC	0x0100      	CLRW
;__Lib_Math.c,1626 :: 		
0x01BD	0x1803      	BTFSC      STATUS, 0
;__Lib_Math.c,1627 :: 		
0x01BE	0x3001      	MOVLW      1
;__Lib_Math.c,1628 :: 		
0x01BF	0x07A0      	ADDWF      ___math_tempb, 1
;__Lib_Math.c,1630 :: 		
UOK22LC:
;__Lib_Math.c,1631 :: 		
0x01C0	0x0DF1      	RLF        R1, 1
;__Lib_Math.c,1633 :: 		
0x01C1	0x0BFC      	DECFSZ     R12, 1
;__Lib_Math.c,1634 :: 		
0x01C2	0x2994      	GOTO       LOOPU3232C
;__Lib_Math.c,1636 :: 		
0x01C3	0x0D70      	RLF        R0, 0
;__Lib_Math.c,1637 :: 		
0x01C4	0x0DF8      	RLF        R8, 1
;__Lib_Math.c,1638 :: 		
0x01C5	0x0DF9      	RLF        R9, 1
;__Lib_Math.c,1639 :: 		
0x01C6	0x0DFA      	RLF        R10, 1
;__Lib_Math.c,1640 :: 		
0x01C7	0x0DFB      	RLF        R11, 1
;__Lib_Math.c,1641 :: 		
0x01C8	0x0DA0      	RLF        ___math_tempb, 1
;__Lib_Math.c,1642 :: 		
0x01C9	0x0874      	MOVF       R4, 0
;__Lib_Math.c,1643 :: 		
0x01CA	0x1C71      	BTFSS      R1, 0
;__Lib_Math.c,1644 :: 		
0x01CB	0x29DE      	GOTO       UADD22L24
;__Lib_Math.c,1646 :: 		
0x01CC	0x02F8      	SUBWF      R8, 1
;__Lib_Math.c,1647 :: 		
0x01CD	0x0875      	MOVF       R5, 0
;__Lib_Math.c,1648 :: 		
0x01CE	0x1C03      	BTFSS      STATUS, 0
;__Lib_Math.c,1649 :: 		
0x01CF	0x0F75      	INCFSZ     R5, 0
;__Lib_Math.c,1650 :: 		
0x01D0	0x02F9      	SUBWF      R9, 1
;__Lib_Math.c,1651 :: 		
0x01D1	0x0876      	MOVF       R6, 0
;__Lib_Math.c,1652 :: 		
0x01D2	0x1C03      	BTFSS      STATUS, 0
;__Lib_Math.c,1653 :: 		
0x01D3	0x0F76      	INCFSZ     R6, 0
;__Lib_Math.c,1654 :: 		
0x01D4	0x02FA      	SUBWF      R10, 1
;__Lib_Math.c,1655 :: 		
0x01D5	0x0877      	MOVF       R7, 0
;__Lib_Math.c,1656 :: 		
0x01D6	0x1C03      	BTFSS      STATUS, 0
;__Lib_Math.c,1657 :: 		
0x01D7	0x0F77      	INCFSZ     R7, 0
;__Lib_Math.c,1658 :: 		
0x01D8	0x02FB      	SUBWF      R11, 1
;__Lib_Math.c,1659 :: 		
0x01D9	0x0100      	CLRW
;__Lib_Math.c,1660 :: 		
0x01DA	0x1C03      	BTFSS      STATUS, 0
;__Lib_Math.c,1661 :: 		
0x01DB	0x3001      	MOVLW      1
;__Lib_Math.c,1662 :: 		
0x01DC	0x02A0      	SUBWF      ___math_tempb, 1
;__Lib_Math.c,1663 :: 		
0x01DD	0x29EF      	GOTO       UOK22L24
;__Lib_Math.c,1665 :: 		
UADD22L24:
;__Lib_Math.c,1666 :: 		
0x01DE	0x07F8      	ADDWF      R8, 1
;__Lib_Math.c,1667 :: 		
0x01DF	0x0875      	MOVF       R5, 0
;__Lib_Math.c,1668 :: 		
0x01E0	0x1803      	BTFSC      STATUS, 0
;__Lib_Math.c,1669 :: 		
0x01E1	0x0F75      	INCFSZ     R5, 0
;__Lib_Math.c,1670 :: 		
0x01E2	0x07F9      	ADDWF      R9, 1
;__Lib_Math.c,1671 :: 		
0x01E3	0x0876      	MOVF       R6, 0
;__Lib_Math.c,1672 :: 		
0x01E4	0x1803      	BTFSC      STATUS, 0
;__Lib_Math.c,1673 :: 		
0x01E5	0x0F76      	INCFSZ     R6, 0
;__Lib_Math.c,1674 :: 		
0x01E6	0x07FA      	ADDWF      R10, 1
;__Lib_Math.c,1675 :: 		
0x01E7	0x0877      	MOVF       R7, 0
;__Lib_Math.c,1676 :: 		
0x01E8	0x1803      	BTFSC      STATUS, 0
;__Lib_Math.c,1677 :: 		
0x01E9	0x0F77      	INCFSZ     R7, 0
;__Lib_Math.c,1678 :: 		
0x01EA	0x07FB      	ADDWF      R11, 1
;__Lib_Math.c,1679 :: 		
0x01EB	0x0100      	CLRW
;__Lib_Math.c,1680 :: 		
0x01EC	0x1803      	BTFSC      STATUS, 0
;__Lib_Math.c,1681 :: 		
0x01ED	0x3001      	MOVLW      1
;__Lib_Math.c,1682 :: 		
0x01EE	0x07A0      	ADDWF      ___math_tempb, 1
;__Lib_Math.c,1684 :: 		
UOK22L24:
;__Lib_Math.c,1685 :: 		
0x01EF	0x0DF0      	RLF        R0, 1
;__Lib_Math.c,1687 :: 		
0x01F0	0x3007      	MOVLW      7
;__Lib_Math.c,1688 :: 		
0x01F1	0x00FC      	MOVWF      R12
;__Lib_Math.c,1690 :: 		
LOOPU3232D:
;__Lib_Math.c,1691 :: 		
0x01F2	0x0D70      	RLF        R0, 0
;__Lib_Math.c,1692 :: 		
0x01F3	0x0DF8      	RLF        R8, 1
;__Lib_Math.c,1693 :: 		
0x01F4	0x0DF9      	RLF        R9, 1
;__Lib_Math.c,1694 :: 		
0x01F5	0x0DFA      	RLF        R10, 1
;__Lib_Math.c,1695 :: 		
0x01F6	0x0DFB      	RLF        R11, 1
;__Lib_Math.c,1696 :: 		
0x01F7	0x0DA0      	RLF        ___math_tempb, 1
;__Lib_Math.c,1697 :: 		
0x01F8	0x0874      	MOVF       R4, 0
;__Lib_Math.c,1698 :: 		
0x01F9	0x1C70      	BTFSS      R0, 0
;__Lib_Math.c,1699 :: 		
0x01FA	0x2A0D      	GOTO       UADD22LD
;__Lib_Math.c,1701 :: 		
0x01FB	0x02F8      	SUBWF      R8, 1
;__Lib_Math.c,1702 :: 		
0x01FC	0x0875      	MOVF       R5, 0
;__Lib_Math.c,1703 :: 		
0x01FD	0x1C03      	BTFSS      STATUS, 0
;__Lib_Math.c,1704 :: 		
0x01FE	0x0F75      	INCFSZ     R5, 0
;__Lib_Math.c,1705 :: 		
0x01FF	0x02F9      	SUBWF      R9, 1
;__Lib_Math.c,1706 :: 		
0x0200	0x0876      	MOVF       R6, 0
;__Lib_Math.c,1707 :: 		
0x0201	0x1C03      	BTFSS      STATUS, 0
;__Lib_Math.c,1708 :: 		
0x0202	0x0F76      	INCFSZ     R6, 0
;__Lib_Math.c,1709 :: 		
0x0203	0x02FA      	SUBWF      R10, 1
;__Lib_Math.c,1710 :: 		
0x0204	0x0877      	MOVF       R7, 0
;__Lib_Math.c,1711 :: 		
0x0205	0x1C03      	BTFSS      STATUS, 0
;__Lib_Math.c,1712 :: 		
0x0206	0x0F77      	INCFSZ     R7, 0
;__Lib_Math.c,1713 :: 		
0x0207	0x02FB      	SUBWF      R11, 1
;__Lib_Math.c,1714 :: 		
0x0208	0x0100      	CLRW
;__Lib_Math.c,1715 :: 		
0x0209	0x1C03      	BTFSS      STATUS, 0
;__Lib_Math.c,1716 :: 		
0x020A	0x3001      	MOVLW      1
;__Lib_Math.c,1717 :: 		
0x020B	0x02A0      	SUBWF      ___math_tempb, 1
;__Lib_Math.c,1718 :: 		
0x020C	0x2A1E      	GOTO       UOK22LD
;__Lib_Math.c,1720 :: 		
UADD22LD:
;__Lib_Math.c,1721 :: 		
0x020D	0x07F8      	ADDWF      R8, 1
;__Lib_Math.c,1722 :: 		
0x020E	0x0875      	MOVF       R5, 0
;__Lib_Math.c,1723 :: 		
0x020F	0x1803      	BTFSC      STATUS, 0
;__Lib_Math.c,1724 :: 		
0x0210	0x0F75      	INCFSZ     R5, 0
;__Lib_Math.c,1725 :: 		
0x0211	0x07F9      	ADDWF      R9, 1
;__Lib_Math.c,1726 :: 		
0x0212	0x0876      	MOVF       R6, 0
;__Lib_Math.c,1727 :: 		
0x0213	0x1803      	BTFSC      STATUS, 0
;__Lib_Math.c,1728 :: 		
0x0214	0x0F76      	INCFSZ     R6, 0
;__Lib_Math.c,1729 :: 		
0x0215	0x07FA      	ADDWF      R10, 1
;__Lib_Math.c,1730 :: 		
0x0216	0x0877      	MOVF       R7, 0
;__Lib_Math.c,1731 :: 		
0x0217	0x1803      	BTFSC      STATUS, 0
;__Lib_Math.c,1732 :: 		
0x0218	0x0F77      	INCFSZ     R7, 0
;__Lib_Math.c,1733 :: 		
0x0219	0x07FB      	ADDWF      R11, 1
;__Lib_Math.c,1734 :: 		
0x021A	0x0100      	CLRW
;__Lib_Math.c,1735 :: 		
0x021B	0x1803      	BTFSC      STATUS, 0
;__Lib_Math.c,1736 :: 		
0x021C	0x3001      	MOVLW      1
;__Lib_Math.c,1737 :: 		
0x021D	0x07A0      	ADDWF      ___math_tempb, 1
;__Lib_Math.c,1739 :: 		
UOK22LD:
;__Lib_Math.c,1740 :: 		
0x021E	0x0DF0      	RLF        R0, 1
;__Lib_Math.c,1742 :: 		
0x021F	0x0BFC      	DECFSZ     R12, 1
;__Lib_Math.c,1743 :: 		
0x0220	0x29F2      	GOTO       LOOPU3232D
;__Lib_Math.c,1745 :: 		
0x0221	0x1870      	BTFSC      R0, 0
;__Lib_Math.c,1746 :: 		
0x0222	0x2A31      	GOTO       UOK22L
;__Lib_Math.c,1747 :: 		
0x0223	0x0874      	MOVF       R4, 0
;__Lib_Math.c,1748 :: 		
0x0224	0x07F8      	ADDWF      R8, 1
;__Lib_Math.c,1749 :: 		
0x0225	0x0875      	MOVF       R5, 0
;__Lib_Math.c,1750 :: 		
0x0226	0x1803      	BTFSC      STATUS, 0
;__Lib_Math.c,1751 :: 		
0x0227	0x0F75      	INCFSZ     R5, 0
;__Lib_Math.c,1752 :: 		
0x0228	0x07F9      	ADDWF      R9, 1
;__Lib_Math.c,1753 :: 		
0x0229	0x0876      	MOVF       R6, 0
;__Lib_Math.c,1754 :: 		
0x022A	0x1803      	BTFSC      STATUS, 0
;__Lib_Math.c,1755 :: 		
0x022B	0x0F76      	INCFSZ     R6, 0
;__Lib_Math.c,1756 :: 		
0x022C	0x07FA      	ADDWF      R10, 1
;__Lib_Math.c,1757 :: 		
0x022D	0x0877      	MOVF       R7, 0
;__Lib_Math.c,1758 :: 		
0x022E	0x1803      	BTFSC      STATUS, 0
;__Lib_Math.c,1759 :: 		
0x022F	0x0F77      	INCFSZ     R7, 0
;__Lib_Math.c,1760 :: 		
0x0230	0x07FB      	ADDWF      R11, 1
;__Lib_Math.c,1762 :: 		
UOK22L:
;__Lib_Math.c,1765 :: 		
L_end_Div_32x32_U:
0x0231	0x0008      	RETURN
; end of _Div_32x32_U
_____DoICP:
;__Lib_System.c,6 :: 		
;__Lib_System.c,9 :: 		
0x0232	0x1283      	BCF        STATUS, 5
0x0233	0x1303      	BCF        STATUS, 6
0x0234	0x0827      	MOVF       ___DoICPAddr+1, 0
0x0235	0x008A      	MOVWF      PCLATH
;__Lib_System.c,10 :: 		
0x0236	0x0826      	MOVF       ___DoICPAddr, 0
0x0237	0x0082      	MOVWF      PCL
;__Lib_System.c,12 :: 		
L_end_____DoICP:
0x0238	0x0008      	RETURN
; end of _____DoICP
_Div_32x32_FP:
;__Lib_MathDouble.c,761 :: 		
;__Lib_MathDouble.c,773 :: 		
;__Lib_MathDouble.c,776 :: 		
0x0239	0x1283      	BCF        STATUS, 5
0x023A	0x1303      	BCF        STATUS, 6
0x023B	0x0874      	MOVF       R4, 0
0x023C	0x3A00      	XORLW      0
0x023D	0x1D03      	BTFSS      STATUS, 2
0x023E	0x2A54      	GOTO       L_Div_32x32_FP7
;__Lib_MathDouble.c,777 :: 		
0x023F	0x0875      	MOVF       R5, 0
0x0240	0x3A00      	XORLW      0
0x0241	0x1D03      	BTFSS      STATUS, 2
0x0242	0x2A54      	GOTO       L_Div_32x32_FP8
;__Lib_MathDouble.c,778 :: 		
0x0243	0x0876      	MOVF       R6, 0
0x0244	0x3A00      	XORLW      0
0x0245	0x1D03      	BTFSS      STATUS, 2
0x0246	0x2A54      	GOTO       L_Div_32x32_FP9
;__Lib_MathDouble.c,779 :: 		
0x0247	0x0877      	MOVF       R7, 0
0x0248	0x3A00      	XORLW      0
0x0249	0x1D03      	BTFSS      STATUS, 2
0x024A	0x2A54      	GOTO       L_Div_32x32_FP10
;__Lib_MathDouble.c,780 :: 		
0x024B	0x30FF      	MOVLW      255
0x024C	0x00F0      	MOVWF      R0
;__Lib_MathDouble.c,781 :: 		
0x024D	0x30FF      	MOVLW      255
0x024E	0x00F1      	MOVWF      R1
;__Lib_MathDouble.c,782 :: 		
0x024F	0x307F      	MOVLW      127
0x0250	0x00F2      	MOVWF      R2
;__Lib_MathDouble.c,783 :: 		
0x0251	0x30FF      	MOVLW      255
0x0252	0x00F3      	MOVWF      R3
;__Lib_MathDouble.c,784 :: 		
0x0253	0x2AEF      	GOTO       L_end_Div_32x32_FP
;__Lib_MathDouble.c,785 :: 		
L_Div_32x32_FP10:
L_Div_32x32_FP9:
L_Div_32x32_FP8:
L_Div_32x32_FP7:
;__Lib_MathDouble.c,788 :: 		
0x0254	0x1283      	BCF        STATUS, 5
;__Lib_MathDouble.c,789 :: 		
0x0255	0x1303      	BCF        STATUS, 6
;__Lib_MathDouble.c,791 :: 		
0x0256	0x0877      	MOVF       R7, 0
;__Lib_MathDouble.c,792 :: 		
0x0257	0x1903      	BTFSC      STATUS, 2
;__Lib_MathDouble.c,793 :: 		
0x0258	0x2AE3      	GOTO       JPDSETFDZ32
;__Lib_MathDouble.c,795 :: 		
0x0259	0x0873      	MOVF       R3, 0
;__Lib_MathDouble.c,796 :: 		
0x025A	0x1903      	BTFSC      STATUS, 2
;__Lib_MathDouble.c,797 :: 		
0x025B	0x2AE6      	GOTO       JPDRES032
;__Lib_MathDouble.c,799 :: 		
0x025C	0x0872      	MOVF       R2, 0
;__Lib_MathDouble.c,800 :: 		
0x025D	0x0676      	XORWF      R6, 0
;__Lib_MathDouble.c,801 :: 		
0x025E	0x3980      	ANDLW      128
;__Lib_MathDouble.c,802 :: 		
0x025F	0x00FA      	MOVWF      R10
;__Lib_MathDouble.c,803 :: 		
0x0260	0x17F2      	BSF        R2, 7
;__Lib_MathDouble.c,804 :: 		
0x0261	0x17F6      	BSF        R6, 7
;__Lib_MathDouble.c,806 :: 		
0x0262	0x01A1      	CLRF       __math_tempbD
;__Lib_MathDouble.c,807 :: 		
0x0263	0x0872      	MOVF       R2, 0
;__Lib_MathDouble.c,808 :: 		
0x0264	0x00F8      	MOVWF      R8
;__Lib_MathDouble.c,809 :: 		
0x0265	0x0871      	MOVF       R1, 0
;__Lib_MathDouble.c,810 :: 		
0x0266	0x00FC      	MOVWF      R12
;__Lib_MathDouble.c,811 :: 		
0x0267	0x0870      	MOVF       R0, 0
;__Lib_MathDouble.c,812 :: 		
0x0268	0x00FD      	MOVWF      R13
;__Lib_MathDouble.c,814 :: 		
0x0269	0x0874      	MOVF       R4, 0
;__Lib_MathDouble.c,815 :: 		
0x026A	0x02FD      	SUBWF      R13, 1
;__Lib_MathDouble.c,816 :: 		
0x026B	0x0875      	MOVF       R5, 0
;__Lib_MathDouble.c,817 :: 		
0x026C	0x1C03      	BTFSS      STATUS, 0
;__Lib_MathDouble.c,818 :: 		
0x026D	0x0F75      	INCFSZ     R5, 0
;__Lib_MathDouble.c,820 :: 		
0x026E	0x02FC      	SUBWF      R12, 1
;__Lib_MathDouble.c,821 :: 		
0x026F	0x0876      	MOVF       R6, 0
;__Lib_MathDouble.c,822 :: 		
0x0270	0x1C03      	BTFSS      STATUS, 0
;__Lib_MathDouble.c,823 :: 		
0x0271	0x0F76      	INCFSZ     R6, 0
;__Lib_MathDouble.c,825 :: 		
0x0272	0x02F8      	SUBWF      R8, 1
;__Lib_MathDouble.c,826 :: 		
0x0273	0x01F8      	CLRF       R8
;__Lib_MathDouble.c,827 :: 		
0x0274	0x01FC      	CLRF       R12
;__Lib_MathDouble.c,828 :: 		
0x0275	0x01FD      	CLRF       R13
;__Lib_MathDouble.c,829 :: 		
0x0276	0x1C03      	BTFSS      STATUS, 0
;__Lib_MathDouble.c,830 :: 		
0x0277	0x2A7F      	GOTO       DALIGN32OK
;__Lib_MathDouble.c,832 :: 		
0x0278	0x1003      	BCF        STATUS, 0
;__Lib_MathDouble.c,833 :: 		
0x0279	0x0CF2      	RRF        R2, 1
;__Lib_MathDouble.c,834 :: 		
0x027A	0x0CF1      	RRF        R1, 1
;__Lib_MathDouble.c,835 :: 		
0x027B	0x0CF0      	RRF        R0, 1
;__Lib_MathDouble.c,836 :: 		
0x027C	0x0CF8      	RRF        R8, 1
;__Lib_MathDouble.c,837 :: 		
0x027D	0x3001      	MOVLW      1
;__Lib_MathDouble.c,838 :: 		
0x027E	0x00A1      	MOVWF      __math_tempbD
;__Lib_MathDouble.c,839 :: 		
DALIGN32OK:
;__Lib_MathDouble.c,840 :: 		
0x027F	0x0877      	MOVF       R7, 0
;__Lib_MathDouble.c,841 :: 		
0x0280	0x02F3      	SUBWF      R3, 1
;__Lib_MathDouble.c,842 :: 		
0x0281	0x1C03      	BTFSS      STATUS, 0
;__Lib_MathDouble.c,843 :: 		
0x0282	0x2A89      	GOTO       ALTB32
;__Lib_MathDouble.c,845 :: 		
0x0283	0x307E      	MOVLW      126
;__Lib_MathDouble.c,846 :: 		
0x0284	0x0721      	ADDWF      __math_tempbD, 0
;__Lib_MathDouble.c,847 :: 		
0x0285	0x07F3      	ADDWF      R3, 1
;__Lib_MathDouble.c,848 :: 		
0x0286	0x1803      	BTFSC      STATUS, 0
;__Lib_MathDouble.c,849 :: 		
0x0287	0x2AE9      	GOTO       JPDSETFOV32
;__Lib_MathDouble.c,850 :: 		
0x0288	0x2A8E      	GOTO       DARGOK32
;__Lib_MathDouble.c,851 :: 		
ALTB32:
;__Lib_MathDouble.c,852 :: 		
0x0289	0x307E      	MOVLW      126
;__Lib_MathDouble.c,853 :: 		
0x028A	0x0721      	ADDWF      __math_tempbD, 0
;__Lib_MathDouble.c,854 :: 		
0x028B	0x07F3      	ADDWF      R3, 1
;__Lib_MathDouble.c,855 :: 		
0x028C	0x1C03      	BTFSS      STATUS, 0
;__Lib_MathDouble.c,856 :: 		
0x028D	0x2AEC      	GOTO       JPDSETFUN32
;__Lib_MathDouble.c,857 :: 		
DARGOK32:
;__Lib_MathDouble.c,858 :: 		
0x028E	0x3018      	MOVLW      24
;__Lib_MathDouble.c,860 :: 		
0x028F	0x07FA      	ADDWF      R10, 1
;__Lib_MathDouble.c,861 :: 		
DLOOP32:
;__Lib_MathDouble.c,862 :: 		
0x0290	0x0DFD      	RLF        R13, 1
;__Lib_MathDouble.c,863 :: 		
0x0291	0x0DFC      	RLF        R12, 1
;__Lib_MathDouble.c,864 :: 		
0x0292	0x0DF8      	RLF        R8, 1
;__Lib_MathDouble.c,865 :: 		
0x0293	0x0DF0      	RLF        R0, 1
;__Lib_MathDouble.c,866 :: 		
0x0294	0x0DF1      	RLF        R1, 1
;__Lib_MathDouble.c,867 :: 		
0x0295	0x0DF2      	RLF        R2, 1
;__Lib_MathDouble.c,868 :: 		
0x0296	0x0DA1      	RLF        __math_tempbD, 1
;__Lib_MathDouble.c,870 :: 		
0x0297	0x0874      	MOVF       R4, 0
;__Lib_MathDouble.c,871 :: 		
0x0298	0x02F0      	SUBWF      R0, 1
;__Lib_MathDouble.c,872 :: 		
0x0299	0x0875      	MOVF       R5, 0
;__Lib_MathDouble.c,873 :: 		
0x029A	0x1C03      	BTFSS      STATUS, 0
;__Lib_MathDouble.c,874 :: 		
0x029B	0x0F75      	INCFSZ     R5, 0
;__Lib_MathDouble.c,876 :: 		
0x029C	0x02F1      	SUBWF      R1, 1
;__Lib_MathDouble.c,877 :: 		
0x029D	0x0876      	MOVF       R6, 0
;__Lib_MathDouble.c,878 :: 		
0x029E	0x1C03      	BTFSS      STATUS, 0
;__Lib_MathDouble.c,879 :: 		
0x029F	0x0F76      	INCFSZ     R6, 0
;__Lib_MathDouble.c,881 :: 		
0x02A0	0x02F2      	SUBWF      R2, 1
;__Lib_MathDouble.c,882 :: 		
0x02A1	0x0D76      	RLF        R6, 0
;__Lib_MathDouble.c,883 :: 		
0x02A2	0x04A1      	IORWF      __math_tempbD, 1
;__Lib_MathDouble.c,884 :: 		
0x02A3	0x1C21      	BTFSS      __math_tempbD, 0
;__Lib_MathDouble.c,885 :: 		
0x02A4	0x2AA7      	GOTO       DREST32
;__Lib_MathDouble.c,886 :: 		
0x02A5	0x147D      	BSF        R13, 0
;__Lib_MathDouble.c,887 :: 		
0x02A6	0x2AB2      	GOTO       DOK32
;__Lib_MathDouble.c,888 :: 		
DREST32:
;__Lib_MathDouble.c,889 :: 		
0x02A7	0x0874      	MOVF       R4, 0
;__Lib_MathDouble.c,890 :: 		
0x02A8	0x07F0      	ADDWF      R0, 1
;__Lib_MathDouble.c,891 :: 		
0x02A9	0x0875      	MOVF       R5, 0
;__Lib_MathDouble.c,892 :: 		
0x02AA	0x1803      	BTFSC      STATUS, 0
;__Lib_MathDouble.c,893 :: 		
0x02AB	0x0F75      	INCFSZ     R5, 0
;__Lib_MathDouble.c,895 :: 		
0x02AC	0x07F1      	ADDWF      R1, 1
;__Lib_MathDouble.c,896 :: 		
0x02AD	0x0876      	MOVF       R6, 0
;__Lib_MathDouble.c,897 :: 		
0x02AE	0x1803      	BTFSC      STATUS, 0
;__Lib_MathDouble.c,898 :: 		
0x02AF	0x0A76      	INCF       R6, 0
;__Lib_MathDouble.c,899 :: 		
0x02B0	0x07F2      	ADDWF      R2, 1
;__Lib_MathDouble.c,900 :: 		
0x02B1	0x107D      	BCF        R13, 0
;__Lib_MathDouble.c,901 :: 		
DOK32:
;__Lib_MathDouble.c,903 :: 		
0x02B2	0x03FA      	DECF       R10, 1
;__Lib_MathDouble.c,904 :: 		
0x02B3	0x301F      	MOVLW      31
;__Lib_MathDouble.c,905 :: 		
0x02B4	0x057A      	ANDWF      R10, 0
;__Lib_MathDouble.c,906 :: 		
0x02B5	0x1D03      	BTFSS      STATUS, 2
;__Lib_MathDouble.c,907 :: 		
0x02B6	0x2A90      	GOTO       DLOOP32
;__Lib_MathDouble.c,909 :: 		
0x02B7	0x1B7B      	BTFSC      R11, 6
;__Lib_MathDouble.c,910 :: 		
0x02B8	0x1C7D      	BTFSS      R13, 0
;__Lib_MathDouble.c,911 :: 		
0x02B9	0x2AD9      	GOTO       DIV32OK
;__Lib_MathDouble.c,912 :: 		
0x02BA	0x1003      	BCF        STATUS, 0
;__Lib_MathDouble.c,913 :: 		
0x02BB	0x0DF0      	RLF        R0, 1
;__Lib_MathDouble.c,914 :: 		
0x02BC	0x0DF1      	RLF        R1, 1
;__Lib_MathDouble.c,915 :: 		
0x02BD	0x0DF2      	RLF        R2, 1
;__Lib_MathDouble.c,916 :: 		
0x02BE	0x0DA1      	RLF        __math_tempbD, 1
;__Lib_MathDouble.c,918 :: 		
0x02BF	0x0874      	MOVF       R4, 0
;__Lib_MathDouble.c,919 :: 		
0x02C0	0x02F0      	SUBWF      R0, 1
;__Lib_MathDouble.c,920 :: 		
0x02C1	0x0875      	MOVF       R5, 0
;__Lib_MathDouble.c,921 :: 		
0x02C2	0x1C03      	BTFSS      STATUS, 0
;__Lib_MathDouble.c,922 :: 		
0x02C3	0x0F75      	INCFSZ     R5, 0
;__Lib_MathDouble.c,923 :: 		
0x02C4	0x02F1      	SUBWF      R1, 1
;__Lib_MathDouble.c,924 :: 		
0x02C5	0x0876      	MOVF       R6, 0
;__Lib_MathDouble.c,925 :: 		
0x02C6	0x1C03      	BTFSS      STATUS, 0
;__Lib_MathDouble.c,926 :: 		
0x02C7	0x0F76      	INCFSZ     R6, 0
;__Lib_MathDouble.c,927 :: 		
0x02C8	0x02F2      	SUBWF      R2, 1
;__Lib_MathDouble.c,928 :: 		
0x02C9	0x0D76      	RLF        R6, 0
;__Lib_MathDouble.c,929 :: 		
0x02CA	0x0421      	IORWF      __math_tempbD, 0
;__Lib_MathDouble.c,930 :: 		
0x02CB	0x3901      	ANDLW      1
;__Lib_MathDouble.c,931 :: 		
0x02CC	0x07FD      	ADDWF      R13, 1
;__Lib_MathDouble.c,932 :: 		
0x02CD	0x1803      	BTFSC      STATUS, 0
;__Lib_MathDouble.c,933 :: 		
0x02CE	0x0AFC      	INCF       R12, 1
;__Lib_MathDouble.c,934 :: 		
0x02CF	0x1903      	BTFSC      STATUS, 2
;__Lib_MathDouble.c,935 :: 		
0x02D0	0x0AF8      	INCF       R8, 1
;__Lib_MathDouble.c,936 :: 		
0x02D1	0x1D03      	BTFSS      STATUS, 2
;__Lib_MathDouble.c,937 :: 		
0x02D2	0x2AD9      	GOTO       DIV32OK
;__Lib_MathDouble.c,938 :: 		
0x02D3	0x0CF8      	RRF        R8, 1
;__Lib_MathDouble.c,939 :: 		
0x02D4	0x0CFC      	RRF        R12, 1
;__Lib_MathDouble.c,940 :: 		
0x02D5	0x0CFD      	RRF        R13, 1
;__Lib_MathDouble.c,941 :: 		
0x02D6	0x0AF3      	INCF       R3, 1
;__Lib_MathDouble.c,942 :: 		
0x02D7	0x1903      	BTFSC      STATUS, 2
;__Lib_MathDouble.c,943 :: 		
0x02D8	0x2AE9      	GOTO       JPDSETFOV32
;__Lib_MathDouble.c,944 :: 		
DIV32OK:
;__Lib_MathDouble.c,945 :: 		
0x02D9	0x1FFA      	BTFSS      R10, 7
;__Lib_MathDouble.c,946 :: 		
0x02DA	0x13F8      	BCF        R8, 7
;__Lib_MathDouble.c,947 :: 		
0x02DB	0x0878      	MOVF       R8, 0
;__Lib_MathDouble.c,948 :: 		
0x02DC	0x00F2      	MOVWF      R2
;__Lib_MathDouble.c,949 :: 		
0x02DD	0x087C      	MOVF       R12, 0
;__Lib_MathDouble.c,950 :: 		
0x02DE	0x00F1      	MOVWF      R1
;__Lib_MathDouble.c,951 :: 		
0x02DF	0x087D      	MOVF       R13, 0
;__Lib_MathDouble.c,952 :: 		
0x02E0	0x00F0      	MOVWF      R0
;__Lib_MathDouble.c,954 :: 		
0x02E1	0x3000      	MOVLW      0
;__Lib_MathDouble.c,956 :: 		
0x02E2	0x2AEE      	GOTO       DIV32EEE
;__Lib_MathDouble.c,957 :: 		
JPDSETFDZ32:
;__Lib_MathDouble.c,958 :: 		
0x02E3	0x3001      	MOVLW      1
;__Lib_MathDouble.c,961 :: 		
0x02E4	0x2033      	CALL       _SETFDZ32
;__Lib_MathDouble.c,963 :: 		
0x02E5	0x2AEE      	GOTO       DIV32EEE
;__Lib_MathDouble.c,964 :: 		
JPDRES032:
;__Lib_MathDouble.c,965 :: 		
0x02E6	0x3002      	MOVLW      2
;__Lib_MathDouble.c,968 :: 		
0x02E7	0x2013      	CALL       _RES032
;__Lib_MathDouble.c,970 :: 		
0x02E8	0x2AEE      	GOTO       DIV32EEE
;__Lib_MathDouble.c,971 :: 		
JPDSETFOV32:
;__Lib_MathDouble.c,972 :: 		
0x02E9	0x3004      	MOVLW      4
;__Lib_MathDouble.c,975 :: 		
0x02EA	0x201A      	CALL       _SETFOV32
;__Lib_MathDouble.c,977 :: 		
0x02EB	0x2AEE      	GOTO       DIV32EEE
;__Lib_MathDouble.c,978 :: 		
JPDSETFUN32:
;__Lib_MathDouble.c,979 :: 		
0x02EC	0x3008      	MOVLW      8
;__Lib_MathDouble.c,982 :: 		
0x02ED	0x2003      	CALL       _SETFUN32
;__Lib_MathDouble.c,984 :: 		
DIV32EEE:
;__Lib_MathDouble.c,985 :: 		
0x02EE	0x0000      	NOP
;__Lib_MathDouble.c,994 :: 		
L_end_Div_32x32_FP:
0x02EF	0x0008      	RETURN
; end of _Div_32x32_FP
_gira:
;RbotController.c,98 :: 		void gira(unsigned long grados){
;RbotController.c,100 :: 		valor=((grados*1600)/180)+500;
0x02F0	0x1283      	BCF        STATUS, 5
0x02F1	0x1303      	BCF        STATUS, 6
0x02F2	0x082A      	MOVF       FARG_gira_grados, 0
0x02F3	0x00F0      	MOVWF      R0
0x02F4	0x082B      	MOVF       FARG_gira_grados+1, 0
0x02F5	0x00F1      	MOVWF      R0+1
0x02F6	0x082C      	MOVF       FARG_gira_grados+2, 0
0x02F7	0x00F2      	MOVWF      R0+2
0x02F8	0x082D      	MOVF       FARG_gira_grados+3, 0
0x02F9	0x00F3      	MOVWF      R0+3
0x02FA	0x3040      	MOVLW      64
0x02FB	0x00F4      	MOVWF      R4
0x02FC	0x3006      	MOVLW      6
0x02FD	0x00F5      	MOVWF      R4+1
0x02FE	0x01F6      	CLRF       R4+2
0x02FF	0x01F7      	CLRF       R4+3
0x0300	0x2083      	CALL       _Mul_32x32_U
0x0301	0x30B4      	MOVLW      180
0x0302	0x00F4      	MOVWF      R4
0x0303	0x01F5      	CLRF       R4+1
0x0304	0x01F6      	CLRF       R4+2
0x0305	0x01F7      	CLRF       R4+3
0x0306	0x20BA      	CALL       _Div_32x32_U
0x0307	0x30F4      	MOVLW      244
0x0308	0x0770      	ADDWF      R0, 0
0x0309	0x00B0      	MOVWF      gira_valor_L0
0x030A	0x0871      	MOVF       R0+1, 0
0x030B	0x1803      	BTFSC      STATUS, 0
0x030C	0x3E01      	ADDLW      1
0x030D	0x3E01      	ADDLW      1
0x030E	0x00B1      	MOVWF      gira_valor_L0+1
;RbotController.c,101 :: 		for (i=0;i<=50;i++){
0x030F	0x01AE      	CLRF       gira_i_L0
0x0310	0x01AF      	CLRF       gira_i_L0+1
L_gira20:
0x0311	0x3080      	MOVLW      128
0x0312	0x00F0      	MOVWF      R0
0x0313	0x3080      	MOVLW      128
0x0314	0x062F      	XORWF      gira_i_L0+1, 0
0x0315	0x0270      	SUBWF      R0, 0
0x0316	0x1D03      	BTFSS      STATUS, 2
0x0317	0x2B1A      	GOTO       L__gira38
0x0318	0x082E      	MOVF       gira_i_L0, 0
0x0319	0x3C32      	SUBLW      50
L__gira38:
0x031A	0x1C03      	BTFSS      STATUS, 0
0x031B	0x2B2C      	GOTO       L_gira21
;RbotController.c,102 :: 		PORTB.F0=1;
0x031C	0x1406      	BSF        PORTB, 0
;RbotController.c,103 :: 		VDelay_us(valor);
0x031D	0x0830      	MOVF       gira_valor_L0, 0
0x031E	0x00B2      	MOVWF      FARG_VDelay_us_time_us
0x031F	0x0831      	MOVF       gira_valor_L0+1, 0
0x0320	0x00B3      	MOVWF      FARG_VDelay_us_time_us+1
0x0321	0x2036      	CALL       _VDelay_us
;RbotController.c,104 :: 		PORTB.F0=0;
0x0322	0x1006      	BCF        PORTB, 0
;RbotController.c,105 :: 		VDelay_us(5000);
0x0323	0x3088      	MOVLW      136
0x0324	0x00B2      	MOVWF      FARG_VDelay_us_time_us
0x0325	0x3013      	MOVLW      19
0x0326	0x00B3      	MOVWF      FARG_VDelay_us_time_us+1
0x0327	0x2036      	CALL       _VDelay_us
;RbotController.c,101 :: 		for (i=0;i<=50;i++){
0x0328	0x0AAE      	INCF       gira_i_L0, 1
0x0329	0x1903      	BTFSC      STATUS, 2
0x032A	0x0AAF      	INCF       gira_i_L0+1, 1
;RbotController.c,106 :: 		}
0x032B	0x2B11      	GOTO       L_gira20
L_gira21:
;RbotController.c,107 :: 		}
L_end_gira:
0x032C	0x0008      	RETURN
; end of _gira
_word2double:
;__Lib_MathDouble.c,1862 :: 		
;__Lib_MathDouble.c,1868 :: 		
0x032D	0x1283      	BCF        STATUS, 5
;__Lib_MathDouble.c,1869 :: 		
0x032E	0x1303      	BCF        STATUS, 6
;__Lib_MathDouble.c,1870 :: 		
0x032F	0x0870      	MOVF       R0, 0
;__Lib_MathDouble.c,1871 :: 		
0x0330	0x00F8      	MOVWF      R8
;__Lib_MathDouble.c,1872 :: 		
0x0331	0x0871      	MOVF       R1, 0
;__Lib_MathDouble.c,1873 :: 		
0x0332	0x00F0      	MOVWF      R0
;__Lib_MathDouble.c,1874 :: 		
0x0333	0x01F1      	CLRF       R1
;__Lib_MathDouble.c,1875 :: 		
0x0334	0x01F2      	CLRF       R2
;__Lib_MathDouble.c,1876 :: 		
0x0335	0x01F3      	CLRF       R3
;__Lib_MathDouble.c,1879 :: 		
0x0336	0x01FB      	CLRF       R11
;__Lib_MathDouble.c,1880 :: 		
0x0337	0x01FC      	CLRF       R12
;__Lib_MathDouble.c,1882 :: 		
0x0338	0x3096      	MOVLW      150
;__Lib_MathDouble.c,1883 :: 		
0x0339	0x00F3      	MOVWF      R3
;__Lib_MathDouble.c,1884 :: 		
0x033A	0x01FA      	CLRF       R10
;__Lib_MathDouble.c,1886 :: 		
0x033B	0x0870      	MOVF       R0, 0
;__Lib_MathDouble.c,1887 :: 		
0x033C	0x00F1      	MOVWF      R1
;__Lib_MathDouble.c,1888 :: 		
0x033D	0x0878      	MOVF       R8, 0
;__Lib_MathDouble.c,1889 :: 		
0x033E	0x00F0      	MOVWF      R0
;__Lib_MathDouble.c,1890 :: 		
0x033F	0x01F8      	CLRF       R8
;__Lib_MathDouble.c,1891 :: 		
0x0340	0x01F2      	CLRF       R2
;__Lib_MathDouble.c,1893 :: 		
0x0341	0x2054      	CALL       _NRM3232
;__Lib_MathDouble.c,1894 :: 		
L_end_word2double:
0x0342	0x0008      	RETURN
; end of _word2double
_double2word:
;__Lib_MathDouble.c,1529 :: 		
;__Lib_MathDouble.c,1536 :: 		
0x0343	0x1283      	BCF        STATUS, 5
;__Lib_MathDouble.c,1537 :: 		
0x0344	0x1303      	BCF        STATUS, 6
;__Lib_MathDouble.c,1539 :: 		
0x0345	0x01FB      	CLRF       R11
;__Lib_MathDouble.c,1540 :: 		
0x0346	0x01FC      	CLRF       R12
;__Lib_MathDouble.c,1541 :: 		
0x0347	0x01FA      	CLRF       R10
;__Lib_MathDouble.c,1543 :: 		
0x0348	0x0873      	MOVF       R3, 0
;__Lib_MathDouble.c,1544 :: 		
0x0349	0x1903      	BTFSC      STATUS, 2
;__Lib_MathDouble.c,1545 :: 		
0x034A	0x2B82      	GOTO       IRES016U
;__Lib_MathDouble.c,1547 :: 		
0x034B	0x17F2      	BSF        R2, 7
;__Lib_MathDouble.c,1549 :: 		
0x034C	0x308E      	MOVLW      142
;__Lib_MathDouble.c,1550 :: 		
0x034D	0x02F3      	SUBWF      R3, 1
;__Lib_MathDouble.c,1551 :: 		
0x034E	0x1BF3      	BTFSC      R3, 7
;__Lib_MathDouble.c,1552 :: 		
0x034F	0x2B53      	GOTO       SETEXP16U
;__Lib_MathDouble.c,1553 :: 		
0x0350	0x1903      	BTFSC      STATUS, 2
;__Lib_MathDouble.c,1554 :: 		
0x0351	0x2B53      	GOTO       SETEXP16U
;__Lib_MathDouble.c,1555 :: 		
0x0352	0x2B85      	GOTO       SETIOV16U
;__Lib_MathDouble.c,1556 :: 		
SETEXP16U:
;__Lib_MathDouble.c,1557 :: 		
0x0353	0x09F3      	COMF       R3, 1
;__Lib_MathDouble.c,1558 :: 		
0x0354	0x0AF3      	INCF       R3, 1
;__Lib_MathDouble.c,1560 :: 		
0x0355	0x3008      	MOVLW      8
;__Lib_MathDouble.c,1561 :: 		
0x0356	0x0273      	SUBWF      R3, 0
;__Lib_MathDouble.c,1562 :: 		
0x0357	0x1C03      	BTFSS      STATUS, 0
;__Lib_MathDouble.c,1563 :: 		
0x0358	0x2B68      	GOTO       TSHIFT3216U
;__Lib_MathDouble.c,1564 :: 		
0x0359	0x00F3      	MOVWF      R3
;__Lib_MathDouble.c,1565 :: 		
0x035A	0x0DF1      	RLF        R1, 1
;__Lib_MathDouble.c,1566 :: 		
0x035B	0x0872      	MOVF       R2, 0
;__Lib_MathDouble.c,1567 :: 		
0x035C	0x00F1      	MOVWF      R1
;__Lib_MathDouble.c,1568 :: 		
0x035D	0x01F2      	CLRF       R2
;__Lib_MathDouble.c,1570 :: 		
0x035E	0x3008      	MOVLW      8
;__Lib_MathDouble.c,1571 :: 		
0x035F	0x0273      	SUBWF      R3, 0
;__Lib_MathDouble.c,1572 :: 		
0x0360	0x1C03      	BTFSS      STATUS, 0
;__Lib_MathDouble.c,1573 :: 		
0x0361	0x2B68      	GOTO       TSHIFT3216U
;__Lib_MathDouble.c,1574 :: 		
0x0362	0x0DF1      	RLF        R1, 1
;__Lib_MathDouble.c,1575 :: 		
0x0363	0x01F1      	CLRF       R1
;__Lib_MathDouble.c,1577 :: 		
0x0364	0x0873      	MOVF       R3, 0
;__Lib_MathDouble.c,1578 :: 		
0x0365	0x1D03      	BTFSS      STATUS, 2
;__Lib_MathDouble.c,1579 :: 		
0x0366	0x1003      	BCF        STATUS, 0
;__Lib_MathDouble.c,1580 :: 		
0x0367	0x2B70      	GOTO       SHIFT3216UOK
;__Lib_MathDouble.c,1581 :: 		
TSHIFT3216U:
;__Lib_MathDouble.c,1582 :: 		
0x0368	0x0873      	MOVF       R3, 0
;__Lib_MathDouble.c,1583 :: 		
0x0369	0x1903      	BTFSC      STATUS, 2
;__Lib_MathDouble.c,1584 :: 		
0x036A	0x2B70      	GOTO       SHIFT3216UOK
;__Lib_MathDouble.c,1585 :: 		
SHIFT3216U:
;__Lib_MathDouble.c,1586 :: 		
0x036B	0x1003      	BCF        STATUS, 0
;__Lib_MathDouble.c,1587 :: 		
0x036C	0x0CF2      	RRF        R2, 1
;__Lib_MathDouble.c,1588 :: 		
0x036D	0x0CF1      	RRF        R1, 1
;__Lib_MathDouble.c,1589 :: 		
0x036E	0x0BF3      	DECFSZ     R3, 1
;__Lib_MathDouble.c,1590 :: 		
0x036F	0x2B6B      	GOTO       SHIFT3216U
;__Lib_MathDouble.c,1591 :: 		
SHIFT3216UOK:
;__Lib_MathDouble.c,1592 :: 		
0x0370	0x1B7B      	BTFSC      R11, 6
;__Lib_MathDouble.c,1593 :: 		
0x0371	0x1C71      	BTFSS      R1, 0
;__Lib_MathDouble.c,1594 :: 		
0x0372	0x2B7A      	GOTO       INT3216UOK
;__Lib_MathDouble.c,1595 :: 		
0x0373	0x1C03      	BTFSS      STATUS, 0
;__Lib_MathDouble.c,1596 :: 		
0x0374	0x2B7A      	GOTO       INT3216UOK
;__Lib_MathDouble.c,1597 :: 		
0x0375	0x0AF1      	INCF       R1, 1
;__Lib_MathDouble.c,1598 :: 		
0x0376	0x1903      	BTFSC      STATUS, 2
;__Lib_MathDouble.c,1599 :: 		
0x0377	0x0AF2      	INCF       R2, 1
;__Lib_MathDouble.c,1600 :: 		
0x0378	0x1BF2      	BTFSC      R2, 7
;__Lib_MathDouble.c,1601 :: 		
0x0379	0x2B91      	GOTO       JPKSETIOV3224
;__Lib_MathDouble.c,1602 :: 		
INT3216UOK:
;__Lib_MathDouble.c,1603 :: 		
0x037A	0x1FFA      	BTFSS      R10, 7
;__Lib_MathDouble.c,1604 :: 		
0x037B	0x2B94      	GOTO       INT3216UEOK
;__Lib_MathDouble.c,1606 :: 		
0x037C	0x09F2      	COMF       R2, 1
;__Lib_MathDouble.c,1607 :: 		
0x037D	0x09F1      	COMF       R1, 1
;__Lib_MathDouble.c,1608 :: 		
0x037E	0x0AF1      	INCF       R1, 1
;__Lib_MathDouble.c,1609 :: 		
0x037F	0x1903      	BTFSC      STATUS, 2
;__Lib_MathDouble.c,1610 :: 		
0x0380	0x0AF2      	INCF       R2, 1
;__Lib_MathDouble.c,1611 :: 		
0x0381	0x2B94      	GOTO       INT3216UEOK
;__Lib_MathDouble.c,1613 :: 		
IRES016U:
;__Lib_MathDouble.c,1614 :: 		
0x0382	0x01F2      	CLRF       R2
;__Lib_MathDouble.c,1615 :: 		
0x0383	0x01F1      	CLRF       R1
;__Lib_MathDouble.c,1616 :: 		
0x0384	0x2B94      	GOTO       INT3216UEOK
;__Lib_MathDouble.c,1617 :: 		
SETIOV16U:
;__Lib_MathDouble.c,1618 :: 		
0x0385	0x147B      	BSF        R11, 0
;__Lib_MathDouble.c,1619 :: 		
0x0386	0x1FFB      	BTFSS      R11, 7
;__Lib_MathDouble.c,1620 :: 		
0x0387	0x2B97      	GOTO       INT3216UEER
;__Lib_MathDouble.c,1622 :: 		
0x0388	0x01F2      	CLRF       R2
;__Lib_MathDouble.c,1623 :: 		
0x0389	0x1FFA      	BTFSS      R10, 7
;__Lib_MathDouble.c,1624 :: 		
0x038A	0x2B97      	GOTO       INT3216UEER
;__Lib_MathDouble.c,1625 :: 		
0x038B	0x30FF      	MOVLW      255
;__Lib_MathDouble.c,1626 :: 		
0x038C	0x00F2      	MOVWF      R2
;__Lib_MathDouble.c,1627 :: 		
0x038D	0x00F1      	MOVWF      R1
;__Lib_MathDouble.c,1628 :: 		
0x038E	0x0DFA      	RLF        R10, 1
;__Lib_MathDouble.c,1629 :: 		
0x038F	0x0CF2      	RRF        R2, 1
;__Lib_MathDouble.c,1630 :: 		
0x0390	0x2B97      	GOTO       INT3216UEER
;__Lib_MathDouble.c,1632 :: 		
JPKSETIOV3224:
;__Lib_MathDouble.c,1633 :: 		
0x0391	0x3001      	MOVLW      1
;__Lib_MathDouble.c,1634 :: 		
0x0392	0x00FC      	MOVWF      R12
;__Lib_MathDouble.c,1635 :: 		
0x0393	0x2B99      	GOTO       INT3216UEEE
;__Lib_MathDouble.c,1636 :: 		
INT3216UEOK:
;__Lib_MathDouble.c,1637 :: 		
0x0394	0x3000      	MOVLW      0
;__Lib_MathDouble.c,1638 :: 		
0x0395	0x00FC      	MOVWF      R12
;__Lib_MathDouble.c,1639 :: 		
0x0396	0x2B99      	GOTO       INT3216UEEE
;__Lib_MathDouble.c,1640 :: 		
INT3216UEER:
;__Lib_MathDouble.c,1641 :: 		
0x0397	0x30FF      	MOVLW      255
;__Lib_MathDouble.c,1642 :: 		
0x0398	0x00FC      	MOVWF      R12
;__Lib_MathDouble.c,1643 :: 		
INT3216UEEE:
;__Lib_MathDouble.c,1646 :: 		
0x0399	0x08FC      	MOVF       R12, 1
;__Lib_MathDouble.c,1648 :: 		
0x039A	0x1903      	BTFSC      STATUS, 2
;__Lib_MathDouble.c,1649 :: 		
0x039B	0x2B9D      	GOTO       L_Double2Word_0
;__Lib_MathDouble.c,1651 :: 		
0x039C	0x2026      	CALL       _SETIOV3224
;__Lib_MathDouble.c,1653 :: 		
L_Double2Word_0:
;__Lib_MathDouble.c,1654 :: 		
0x039D	0x0871      	MOVF       R1, 0
;__Lib_MathDouble.c,1655 :: 		
0x039E	0x00F0      	MOVWF      R0
;__Lib_MathDouble.c,1656 :: 		
0x039F	0x0872      	MOVF       R2, 0
;__Lib_MathDouble.c,1657 :: 		
0x03A0	0x00F1      	MOVWF      R1
;__Lib_MathDouble.c,1660 :: 		
L_end_double2word:
0x03A1	0x0008      	RETURN
; end of _double2word
_motion:
;RbotController.c,39 :: 		void  motion() {
;RbotController.c,40 :: 		switch (INPUT) {
0x03A2	0x1283      	BCF        STATUS, 5
0x03A3	0x1303      	BCF        STATUS, 6
0x03A4	0x0808      	MOVF       PORTD, 0
0x03A5	0x00F2      	MOVWF      R2
0x03A6	0x0CF2      	RRF        R2, 1
0x03A7	0x13F2      	BCF        R2, 7
0x03A8	0x0CF2      	RRF        R2, 1
0x03A9	0x13F2      	BCF        R2, 7
0x03AA	0x0CF2      	RRF        R2, 1
0x03AB	0x13F2      	BCF        R2, 7
0x03AC	0x0CF2      	RRF        R2, 1
0x03AD	0x13F2      	BCF        R2, 7
0x03AE	0x2BBC      	GOTO       L_motion2
;RbotController.c,41 :: 		case (Stop||Forward||Backward||Right||Left):
L_motion4:
;RbotController.c,42 :: 		HBriged = INPUT;
0x03AF	0x0808      	MOVF       PORTD, 0
0x03B0	0x00F0      	MOVWF      R0
0x03B1	0x0CF0      	RRF        R0, 1
0x03B2	0x13F0      	BCF        R0, 7
0x03B3	0x0CF0      	RRF        R0, 1
0x03B4	0x13F0      	BCF        R0, 7
0x03B5	0x0CF0      	RRF        R0, 1
0x03B6	0x13F0      	BCF        R0, 7
0x03B7	0x0CF0      	RRF        R0, 1
0x03B8	0x13F0      	BCF        R0, 7
0x03B9	0x0870      	MOVF       R0, 0
0x03BA	0x0085      	MOVWF      PORTA
;RbotController.c,43 :: 		break;
0x03BB	0x2BC0      	GOTO       L_motion3
;RbotController.c,44 :: 		}
L_motion2:
0x03BC	0x0872      	MOVF       R2, 0
0x03BD	0x3A01      	XORLW      1
0x03BE	0x1903      	BTFSC      STATUS, 2
0x03BF	0x2BAF      	GOTO       L_motion4
L_motion3:
;RbotController.c,45 :: 		}
L_end_motion:
0x03C0	0x0008      	RETURN
; end of _motion
_servo:
;RbotController.c,76 :: 		void servo(){
;RbotController.c,77 :: 		gira(pos);
0x03C1	0x1283      	BCF        STATUS, 5
0x03C2	0x1303      	BCF        STATUS, 6
0x03C3	0x0822      	MOVF       _pos, 0
0x03C4	0x00AA      	MOVWF      FARG_gira_grados
0x03C5	0x0823      	MOVF       _pos+1, 0
0x03C6	0x00AB      	MOVWF      FARG_gira_grados+1
0x03C7	0x3000      	MOVLW      0
0x03C8	0x1BAB      	BTFSC      FARG_gira_grados+1, 7
0x03C9	0x30FF      	MOVLW      255
0x03CA	0x00AC      	MOVWF      FARG_gira_grados+2
0x03CB	0x00AD      	MOVWF      FARG_gira_grados+3
0x03CC	0x22F0      	CALL       _gira
;RbotController.c,78 :: 		if(CW){
0x03CD	0x0824      	MOVF       _CW, 0
0x03CE	0x1903      	BTFSC      STATUS, 2
0x03CF	0x2BD5      	GOTO       L_servo14
;RbotController.c,79 :: 		pos+=5;
0x03D0	0x3005      	MOVLW      5
0x03D1	0x07A2      	ADDWF      _pos, 1
0x03D2	0x1803      	BTFSC      STATUS, 0
0x03D3	0x0AA3      	INCF       _pos+1, 1
;RbotController.c,80 :: 		}else {
0x03D4	0x2BD9      	GOTO       L_servo15
L_servo14:
;RbotController.c,81 :: 		pos-=5;
0x03D5	0x3005      	MOVLW      5
0x03D6	0x02A2      	SUBWF      _pos, 1
0x03D7	0x1C03      	BTFSS      STATUS, 0
0x03D8	0x03A3      	DECF       _pos+1, 1
;RbotController.c,82 :: 		}
L_servo15:
;RbotController.c,83 :: 		if(pos==180){
0x03D9	0x3000      	MOVLW      0
0x03DA	0x0623      	XORWF      _pos+1, 0
0x03DB	0x1D03      	BTFSS      STATUS, 2
0x03DC	0x2BDF      	GOTO       L__servo34
0x03DD	0x30B4      	MOVLW      180
0x03DE	0x0622      	XORWF      _pos, 0
L__servo34:
0x03DF	0x1D03      	BTFSS      STATUS, 2
0x03E0	0x2BE2      	GOTO       L_servo16
;RbotController.c,84 :: 		CW = false;
0x03E1	0x01A4      	CLRF       _CW
;RbotController.c,85 :: 		}
L_servo16:
;RbotController.c,86 :: 		if(pos==0){
0x03E2	0x3000      	MOVLW      0
0x03E3	0x0623      	XORWF      _pos+1, 0
0x03E4	0x1D03      	BTFSS      STATUS, 2
0x03E5	0x2BE8      	GOTO       L__servo35
0x03E6	0x3000      	MOVLW      0
0x03E7	0x0622      	XORWF      _pos, 0
L__servo35:
0x03E8	0x1D03      	BTFSS      STATUS, 2
0x03E9	0x2BEC      	GOTO       L_servo17
;RbotController.c,87 :: 		CW = true;
0x03EA	0x3001      	MOVLW      1
0x03EB	0x00A4      	MOVWF      _CW
;RbotController.c,88 :: 		}
L_servo17:
;RbotController.c,89 :: 		}
L_end_servo:
0x03EC	0x0008      	RETURN
; end of _servo
_watcher:
;RbotController.c,109 :: 		void watcher(){
;RbotController.c,110 :: 		TMR1H = 0;                  //Sets the Initial Value of Timer
0x03ED	0x1283      	BCF        STATUS, 5
0x03EE	0x1303      	BCF        STATUS, 6
0x03EF	0x018F      	CLRF       TMR1H
;RbotController.c,111 :: 		TMR1L = 0;                  //Sets the Initial Value of Timer
0x03F0	0x018E      	CLRF       TMR1L
;RbotController.c,112 :: 		TRIGGER = 1;               //TRIGGER HIGH
0x03F1	0x1408      	BSF        PORTD, 0
;RbotController.c,113 :: 		Delay_us(10);               //10uS Delay
0x03F2	0x3006      	MOVLW      6
0x03F3	0x00FD      	MOVWF      R13
L_watcher23:
0x03F4	0x0BFD      	DECFSZ     R13, 1
0x03F5	0x2BF4      	GOTO       L_watcher23
0x03F6	0x0000      	NOP
;RbotController.c,114 :: 		TRIGGER = 0;               //TRIGGER LOW
0x03F7	0x1008      	BCF        PORTD, 0
;RbotController.c,115 :: 		while(!ECCHO);           //Waiting for Echo
L_watcher24:
0x03F8	0x1888      	BTFSC      PORTD, 1
0x03F9	0x2BFB      	GOTO       L_watcher25
0x03FA	0x2BF8      	GOTO       L_watcher24
L_watcher25:
;RbotController.c,116 :: 		T1CON.F0 = 1;               //Timer Starts
0x03FB	0x1410      	BSF        T1CON, 0
;RbotController.c,117 :: 		while(ECCHO);            //Waiting for Echo goes LOW
L_watcher26:
0x03FC	0x1C88      	BTFSS      PORTD, 1
0x03FD	0x2BFF      	GOTO       L_watcher27
0x03FE	0x2BFC      	GOTO       L_watcher26
L_watcher27:
;RbotController.c,118 :: 		T1CON.F0 = 0;               //Timer Stops
0x03FF	0x1010      	BCF        T1CON, 0
;RbotController.c,119 :: 		a = (TMR1L|(TMR1H<<8));   //Reads Timer Value
0x0400	0x080F      	MOVF       TMR1H, 0
0x0401	0x00F1      	MOVWF      R0+1
0x0402	0x01F0      	CLRF       R0
0x0403	0x080E      	MOVF       TMR1L, 0
0x0404	0x04F0      	IORWF      R0, 1
0x0405	0x3000      	MOVLW      0
0x0406	0x04F1      	IORWF      R0+1, 1
0x0407	0x0870      	MOVF       R0, 0
0x0408	0x00A8      	MOVWF      _a
0x0409	0x0871      	MOVF       R0+1, 0
0x040A	0x00A9      	MOVWF      _a+1
;RbotController.c,120 :: 		a = a/58.82;                //Converts Time to Distance
0x040B	0x232D      	CALL       _word2double
0x040C	0x30AE      	MOVLW      174
0x040D	0x00F4      	MOVWF      R4
0x040E	0x3047      	MOVLW      71
0x040F	0x00F5      	MOVWF      R4+1
0x0410	0x306B      	MOVLW      107
0x0411	0x00F6      	MOVWF      R4+2
0x0412	0x3084      	MOVLW      132
0x0413	0x00F7      	MOVWF      R4+3
0x0414	0x2239      	CALL       _Div_32x32_FP
0x0415	0x2343      	CALL       _double2word
0x0416	0x0870      	MOVF       R0, 0
0x0417	0x00A8      	MOVWF      _a
0x0418	0x0871      	MOVF       R0+1, 0
0x0419	0x00A9      	MOVWF      _a+1
;RbotController.c,121 :: 		a = (a + 1)*2;                  //Distance Calibration
0x041A	0x0870      	MOVF       R0, 0
0x041B	0x3E01      	ADDLW      1
0x041C	0x00F3      	MOVWF      R3
0x041D	0x3000      	MOVLW      0
0x041E	0x1803      	BTFSC      STATUS, 0
0x041F	0x3E01      	ADDLW      1
0x0420	0x0771      	ADDWF      R0+1, 0
0x0421	0x00F4      	MOVWF      R3+1
0x0422	0x0873      	MOVF       R3, 0
0x0423	0x00F1      	MOVWF      R1
0x0424	0x0874      	MOVF       R3+1, 0
0x0425	0x00F2      	MOVWF      R1+1
0x0426	0x0DF1      	RLF        R1, 1
0x0427	0x0DF2      	RLF        R1+1, 1
0x0428	0x1071      	BCF        R1, 0
0x0429	0x0871      	MOVF       R1, 0
0x042A	0x00A8      	MOVWF      _a
0x042B	0x0872      	MOVF       R1+1, 0
0x042C	0x00A9      	MOVWF      _a+1
;RbotController.c,122 :: 		if(a<250){
0x042D	0x3000      	MOVLW      0
0x042E	0x0272      	SUBWF      R1+1, 0
0x042F	0x1D03      	BTFSS      STATUS, 2
0x0430	0x2C33      	GOTO       L__watcher40
0x0431	0x30FA      	MOVLW      250
0x0432	0x0271      	SUBWF      R1, 0
L__watcher40:
0x0433	0x1803      	BTFSC      STATUS, 0
0x0434	0x2C37      	GOTO       L_watcher28
;RbotController.c,123 :: 		b = a;
0x0435	0x0828      	MOVF       _a, 0
0x0436	0x00A5      	MOVWF      _b
;RbotController.c,124 :: 		}
L_watcher28:
;RbotController.c,125 :: 		BUS = b;
0x0437	0x0825      	MOVF       _b, 0
0x0438	0x0086      	MOVWF      PORTB
;RbotController.c,126 :: 		}
L_end_watcher:
0x0439	0x0008      	RETURN
; end of _watcher
_setup:
;RbotController.c,46 :: 		void setup(){
;RbotController.c,47 :: 		ANSEL = 0X00;
0x043A	0x1683      	BSF        STATUS, 5
0x043B	0x1703      	BSF        STATUS, 6
0x043C	0x0188      	CLRF       ANSEL
;RbotController.c,48 :: 		ANSELH=0x00;
0x043D	0x0189      	CLRF       ANSELH
;RbotController.c,49 :: 		TRISA = 0x00;
0x043E	0x1303      	BCF        STATUS, 6
0x043F	0x0185      	CLRF       TRISA
;RbotController.c,50 :: 		TRISB=0x00;
0x0440	0x0186      	CLRF       TRISB
;RbotController.c,51 :: 		TRISD = 0X02;           //RD1 as Input PIN (ECHO)
0x0441	0x3002      	MOVLW      2
0x0442	0x0088      	MOVWF      TRISD
;RbotController.c,52 :: 		HBriged = 0x00;
0x0443	0x1283      	BCF        STATUS, 5
0x0444	0x0185      	CLRF       PORTA
;RbotController.c,53 :: 		T1CON = 0x10;                 //Initialize Timer Module
0x0445	0x3010      	MOVLW      16
0x0446	0x0090      	MOVWF      T1CON
;RbotController.c,54 :: 		BUS = 0x69;
0x0447	0x3069      	MOVLW      105
0x0448	0x0086      	MOVWF      PORTB
;RbotController.c,55 :: 		delay_ms(3000);
0x0449	0x301F      	MOVLW      31
0x044A	0x00FB      	MOVWF      R11
0x044B	0x3071      	MOVLW      113
0x044C	0x00FC      	MOVWF      R12
0x044D	0x301E      	MOVLW      30
0x044E	0x00FD      	MOVWF      R13
L_setup5:
0x044F	0x0BFD      	DECFSZ     R13, 1
0x0450	0x2C4F      	GOTO       L_setup5
0x0451	0x0BFC      	DECFSZ     R12, 1
0x0452	0x2C4F      	GOTO       L_setup5
0x0453	0x0BFB      	DECFSZ     R11, 1
0x0454	0x2C4F      	GOTO       L_setup5
0x0455	0x0000      	NOP
;RbotController.c,56 :: 		}
L_end_setup:
0x0456	0x0008      	RETURN
; end of _setup
___CC2DW:
;__Lib_System.c,134 :: 		
;__Lib_System.c,137 :: 		
_CC2D_Loop1:
;__Lib_System.c,139 :: 		
0x0457	0x2232      	CALL       _____DoICP
0x0458	0x118A      	BCF        PCLATH, 3
0x0459	0x120A      	BCF        PCLATH, 4
;__Lib_System.c,141 :: 		
0x045A	0x0080      	MOVWF      INDF
;__Lib_System.c,142 :: 		
0x045B	0x0A84      	INCF       FSR, 1
;__Lib_System.c,143 :: 		
0x045C	0x0AA6      	INCF       ___DoICPAddr, 1
;__Lib_System.c,145 :: 		
0x045D	0x1903      	BTFSC      STATUS, 2
;__Lib_System.c,146 :: 		
0x045E	0x0AA7      	INCF       ___DoICPAddr+1, 1
;__Lib_System.c,147 :: 		
0x045F	0x03F0      	DECF       R0, 1
;__Lib_System.c,149 :: 		
0x0460	0x1D03      	BTFSS      STATUS, 2
;__Lib_System.c,150 :: 		
0x0461	0x2C57      	GOTO       _CC2D_Loop1
;__Lib_System.c,152 :: 		
L_end___CC2DW:
0x0462	0x0008      	RETURN
; end of ___CC2DW
_main:
0x0463	0x1283      	BCF        STATUS, 5
0x0464	0x1303      	BCF        STATUS, 6
0x0465	0x01A2      	CLRF       _pos
0x0466	0x01A3      	CLRF       35
0x0467	0x3001      	MOVLW      1
0x0468	0x00A4      	MOVWF      _CW
;RbotController.c,30 :: 		void main(){
;RbotController.c,31 :: 		setup();
0x0469	0x243A      	CALL       _setup
;RbotController.c,32 :: 		while(1){
L_main0:
;RbotController.c,33 :: 		servo();
0x046A	0x23C1      	CALL       _servo
;RbotController.c,34 :: 		motion();
0x046B	0x23A2      	CALL       _motion
;RbotController.c,35 :: 		watcher();
0x046C	0x23ED      	CALL       _watcher
;RbotController.c,37 :: 		}
0x046D	0x2C6A      	GOTO       L_main0
;RbotController.c,38 :: 		}
L_end_main:
0x046E	0x2C6E      	GOTO       $+0
; end of _main
Symbol List:
//** Routines locations **
//ADDRESS    SIZE    PROCEDURE
//----------------------------------------------
0x0003      [12]    _SETFUN32
0x000F       [4]    _FIXSIGN32
0x0013       [7]    _RES032
0x001A      [12]    _SETFOV32
0x0026      [13]    _SETIOV3224
0x0033       [3]    _SETFDZ32
0x0036      [30]    _VDelay_us
0x0054      [47]    _NRM3232
0x0083      [55]    _Mul_32x32_U
0x00BA     [376]    _Div_32x32_U
0x0232       [7]    _____DoICP
0x0239     [183]    _Div_32x32_FP
0x02F0      [61]    _gira
0x032D      [22]    _word2double
0x0343      [95]    _double2word
0x03A2      [31]    _motion
0x03C1      [44]    _servo
0x03ED      [77]    _watcher
0x043A      [29]    _setup
0x0457      [12]    ___CC2DW
0x0463      [12]    _main
//** Variables locations ** 
//ADDRESS    SIZE    VARIABLE
//----------------------------------------------
0x0000       [1]    INDF
0x0002       [1]    PCL
0x0003       [1]    STATUS
0x0004       [1]    FSR
0x0005       [1]    PORTA
0x0006       [1]    PORTB
0x0008       [1]    PORTD
0x000A       [1]    PCLATH
0x000E       [1]    TMR1L
0x000F       [1]    TMR1H
0x0010       [1]    T1CON
0x0020       [1]    ___math_tempb
0x0021       [1]    __math_tempbD
0x0022       [2]    _pos
0x0024       [1]    _CW
0x0025       [1]    _b
0x0026       [2]    ___DoICPAddr
0x0028       [2]    _a
0x002A       [4]    FARG_gira_grados
0x002E       [2]    gira_i_L0
0x0030       [2]    gira_valor_L0
0x0032       [2]    FARG_VDelay_us_time_us
0x0070       [1]    R0
0x0071       [1]    R1
0x0072       [1]    R2
0x0073       [1]    R3
0x0074       [1]    R4
0x0075       [1]    R5
0x0076       [1]    R6
0x0077       [1]    R7
0x0078       [1]    R8
0x0079       [1]    R9
0x007A       [1]    R10
0x007B       [1]    R11
0x007C       [1]    R12
0x007D       [1]    R13
0x007E       [1]    R14
0x007F       [1]    R15
0x0085       [1]    TRISA
0x0086       [1]    TRISB
0x0088       [1]    TRISD
0x0188       [1]    ANSEL
0x0189       [1]    ANSELH
