
ROM used: 161 (2%)
          161 (2%) including unused fragments

          0 Average locations per line
          5 Average locations per statement

RAM used: 7 (2%) at main() level
          8 (2%) worst case

Stack used: 1 worst case (out of 8 total available)

Lines Stmts  %   Files
----- ----- ---  -----
   76    31 100  SerialPCW.c
  425     0   0  C:\Program Files (x86)\PICC\devices\16f887.h
----- -----
  501    31 Total

Page ROM  %  RAM   Vol Diff  Functions:
---- --- --- ---   --- ----  ----------
0     23  14   1             @delay_ms1
0    120  75   2   831  6.3  main
0     14   9   0             @goto10073

Program metrics:
    Functions               1
    Statements              31
    Comments                84
    Volume (V)              837
    Difficilty (D)          6.0
    Effort to implement (E) 5038
    Time to implement (T)   5 minutes
    Est Delivered Bugs (B)  0
    Cyclomatic Complexity   12
    Maintainability (MI)    128

 Segment     Used  Free
-----------  ----  ----
00000-00003     4  0  
00004-007FF   157  1887  
00800-00FFF     0  2048  
01000-017FF     0  2048  
01800-01FFF     0  2048  



