;  LST file generated by mikroListExporter - v.2.0 
; Date/Time: 22/11/2018 9:30:35 p. m.
;----------------------------------------------

;Address Opcode 	ASM
0x0000	0x2889      	GOTO       137
_UART1_Write:
;__Lib_UART_c67.c,39 :: 		
;__Lib_UART_c67.c,40 :: 		
L_UART1_Write3:
0x0003	0x1683      	BSF        STATUS, 5
0x0004	0x1303      	BCF        STATUS, 6
0x0005	0x1898      	BTFSC      TXSTA, 1
0x0006	0x2809      	GOTO       L_UART1_Write4
;__Lib_UART_c67.c,41 :: 		
0x0007	0x0000      	NOP
0x0008	0x2803      	GOTO       L_UART1_Write3
L_UART1_Write4:
;__Lib_UART_c67.c,42 :: 		
0x0009	0x1283      	BCF        STATUS, 5
0x000A	0x082C      	MOVF       FARG_UART1_Write_data_, 0
0x000B	0x0099      	MOVWF      TXREG
;__Lib_UART_c67.c,43 :: 		
L_end_UART1_Write:
0x000C	0x0008      	RETURN
; end of _UART1_Write
_____DoICP:
;__Lib_System.c,6 :: 		
;__Lib_System.c,9 :: 		
0x000D	0x1283      	BCF        STATUS, 5
0x000E	0x1303      	BCF        STATUS, 6
0x000F	0x0822      	MOVF       ___DoICPAddr+1, 0
0x0010	0x008A      	MOVWF      PCLATH
;__Lib_System.c,10 :: 		
0x0011	0x0821      	MOVF       ___DoICPAddr, 0
0x0012	0x0082      	MOVWF      PCL
;__Lib_System.c,12 :: 		
L_end_____DoICP:
0x0013	0x0008      	RETURN
; end of _____DoICP
_Div_8X8_U:
;__Lib_Math.c,189 :: 		
;__Lib_Math.c,196 :: 		
0x0014	0x1283      	BCF        STATUS, 5
;__Lib_Math.c,197 :: 		
0x0015	0x1303      	BCF        STATUS, 6
;__Lib_Math.c,198 :: 		
0x0016	0x01F8      	CLRF       R8
;__Lib_Math.c,199 :: 		
0x0017	0x3008      	MOVLW      8
;__Lib_Math.c,200 :: 		
0x0018	0x00FC      	MOVWF      R12
;__Lib_Math.c,201 :: 		
0x0019	0x0D70      	RLF        R0, 0
;__Lib_Math.c,202 :: 		
0x001A	0x0DF8      	RLF        R8, 1
;__Lib_Math.c,203 :: 		
0x001B	0x0874      	MOVF       R4, 0
;__Lib_Math.c,204 :: 		
0x001C	0x02F8      	SUBWF      R8, 1
;__Lib_Math.c,205 :: 		
0x001D	0x1803      	BTFSC      STATUS, 0
;__Lib_Math.c,206 :: 		
0x001E	0x2821      	GOTO       $+3
;__Lib_Math.c,207 :: 		
0x001F	0x07F8      	ADDWF      R8, 1
;__Lib_Math.c,208 :: 		
0x0020	0x1003      	BCF        STATUS, 0
;__Lib_Math.c,209 :: 		
0x0021	0x0DF0      	RLF        R0, 1
;__Lib_Math.c,210 :: 		
0x0022	0x0BFC      	DECFSZ     R12, 1
;__Lib_Math.c,211 :: 		
0x0023	0x2819      	GOTO       $-10
;__Lib_Math.c,213 :: 		
L_end_Div_8X8_U:
0x0024	0x0008      	RETURN
; end of _Div_8X8_U
___CC2DW:
;__Lib_System.c,134 :: 		
;__Lib_System.c,137 :: 		
_CC2D_Loop1:
;__Lib_System.c,139 :: 		
0x0025	0x200D      	CALL       _____DoICP
0x0026	0x118A      	BCF        PCLATH, 3
0x0027	0x120A      	BCF        PCLATH, 4
;__Lib_System.c,141 :: 		
0x0028	0x0080      	MOVWF      INDF
;__Lib_System.c,142 :: 		
0x0029	0x0A84      	INCF       FSR, 1
;__Lib_System.c,143 :: 		
0x002A	0x0AA1      	INCF       ___DoICPAddr, 1
;__Lib_System.c,145 :: 		
0x002B	0x1903      	BTFSC      STATUS, 2
;__Lib_System.c,146 :: 		
0x002C	0x0AA2      	INCF       ___DoICPAddr+1, 1
;__Lib_System.c,147 :: 		
0x002D	0x03F0      	DECF       R0, 1
;__Lib_System.c,149 :: 		
0x002E	0x1D03      	BTFSS      STATUS, 2
;__Lib_System.c,150 :: 		
0x002F	0x2825      	GOTO       _CC2D_Loop1
;__Lib_System.c,152 :: 		
L_end___CC2DW:
0x0030	0x0008      	RETURN
; end of ___CC2DW
_ByteToStr:
;__Lib_Conversions.c,66 :: 		
;__Lib_Conversions.c,69 :: 		
0x0031	0x1283      	BCF        STATUS, 5
0x0032	0x1303      	BCF        STATUS, 6
0x0033	0x01AA      	CLRF       ByteToStr_DigitPos_L0
L_ByteToStr0:
0x0034	0x3003      	MOVLW      3
0x0035	0x022A      	SUBWF      ByteToStr_DigitPos_L0, 0
0x0036	0x1803      	BTFSC      STATUS, 0
0x0037	0x283F      	GOTO       L_ByteToStr1
;__Lib_Conversions.c,70 :: 		
0x0038	0x082A      	MOVF       ByteToStr_DigitPos_L0, 0
0x0039	0x0729      	ADDWF      FARG_ByteToStr_output, 0
0x003A	0x0084      	MOVWF      FSR
0x003B	0x3020      	MOVLW      32
0x003C	0x0080      	MOVWF      INDF
;__Lib_Conversions.c,69 :: 		
0x003D	0x0AAA      	INCF       ByteToStr_DigitPos_L0, 1
;__Lib_Conversions.c,70 :: 		
0x003E	0x2834      	GOTO       L_ByteToStr0
L_ByteToStr1:
;__Lib_Conversions.c,72 :: 		
0x003F	0x082A      	MOVF       ByteToStr_DigitPos_L0, 0
0x0040	0x0729      	ADDWF      FARG_ByteToStr_output, 0
0x0041	0x0084      	MOVWF      FSR
0x0042	0x0180      	CLRF       INDF
0x0043	0x03AA      	DECF       ByteToStr_DigitPos_L0, 1
;__Lib_Conversions.c,74 :: 		
L_ByteToStr3:
;__Lib_Conversions.c,75 :: 		
0x0044	0x082A      	MOVF       ByteToStr_DigitPos_L0, 0
0x0045	0x0729      	ADDWF      FARG_ByteToStr_output, 0
0x0046	0x00AB      	MOVWF      FLOC__ByteToStr
0x0047	0x300A      	MOVLW      10
0x0048	0x00F4      	MOVWF      R4
0x0049	0x0828      	MOVF       FARG_ByteToStr_input, 0
0x004A	0x00F0      	MOVWF      R0
0x004B	0x2014      	CALL       _Div_8X8_U
0x004C	0x0878      	MOVF       R8, 0
0x004D	0x00F0      	MOVWF      R0
0x004E	0x3030      	MOVLW      48
0x004F	0x07F0      	ADDWF      R0, 1
0x0050	0x082B      	MOVF       FLOC__ByteToStr, 0
0x0051	0x0084      	MOVWF      FSR
0x0052	0x0870      	MOVF       R0, 0
0x0053	0x0080      	MOVWF      INDF
;__Lib_Conversions.c,76 :: 		
0x0054	0x300A      	MOVLW      10
0x0055	0x00F4      	MOVWF      R4
0x0056	0x0828      	MOVF       FARG_ByteToStr_input, 0
0x0057	0x00F0      	MOVWF      R0
0x0058	0x2014      	CALL       _Div_8X8_U
0x0059	0x0870      	MOVF       R0, 0
0x005A	0x00A8      	MOVWF      FARG_ByteToStr_input
;__Lib_Conversions.c,77 :: 		
0x005B	0x0870      	MOVF       R0, 0
0x005C	0x3A00      	XORLW      0
0x005D	0x1D03      	BTFSS      STATUS, 2
0x005E	0x2860      	GOTO       L_ByteToStr5
;__Lib_Conversions.c,78 :: 		
0x005F	0x2862      	GOTO       L_ByteToStr4
L_ByteToStr5:
;__Lib_Conversions.c,79 :: 		
0x0060	0x03AA      	DECF       ByteToStr_DigitPos_L0, 1
;__Lib_Conversions.c,80 :: 		
0x0061	0x2844      	GOTO       L_ByteToStr3
L_ByteToStr4:
;__Lib_Conversions.c,81 :: 		
L_end_ByteToStr:
0x0062	0x0008      	RETURN
; end of _ByteToStr
_UART1_Write_Text:
;__Lib_UART_c67.c,47 :: 		
;__Lib_UART_c67.c,48 :: 		
0x0063	0x1283      	BCF        STATUS, 5
0x0064	0x1303      	BCF        STATUS, 6
0x0065	0x01AA      	CLRF       UART1_Write_Text_counter_L0
;__Lib_UART_c67.c,50 :: 		
0x0066	0x0828      	MOVF       FARG_UART1_Write_Text_uart_text, 0
0x0067	0x0084      	MOVWF      FSR
0x0068	0x0800      	MOVF       INDF, 0
0x0069	0x00A9      	MOVWF      UART1_Write_Text_data__L0
;__Lib_UART_c67.c,51 :: 		
L_UART1_Write_Text5:
0x006A	0x0829      	MOVF       UART1_Write_Text_data__L0, 0
0x006B	0x3A00      	XORLW      0
0x006C	0x1903      	BTFSC      STATUS, 2
0x006D	0x2878      	GOTO       L_UART1_Write_Text6
;__Lib_UART_c67.c,52 :: 		
0x006E	0x0829      	MOVF       UART1_Write_Text_data__L0, 0
0x006F	0x00AC      	MOVWF      FARG_UART1_Write_data_
0x0070	0x2003      	CALL       _UART1_Write
;__Lib_UART_c67.c,53 :: 		
0x0071	0x0AAA      	INCF       UART1_Write_Text_counter_L0, 1
;__Lib_UART_c67.c,54 :: 		
0x0072	0x082A      	MOVF       UART1_Write_Text_counter_L0, 0
0x0073	0x0728      	ADDWF      FARG_UART1_Write_Text_uart_text, 0
0x0074	0x0084      	MOVWF      FSR
0x0075	0x0800      	MOVF       INDF, 0
0x0076	0x00A9      	MOVWF      UART1_Write_Text_data__L0
;__Lib_UART_c67.c,55 :: 		
0x0077	0x286A      	GOTO       L_UART1_Write_Text5
L_UART1_Write_Text6:
;__Lib_UART_c67.c,56 :: 		
L_end_UART1_Write_Text:
0x0078	0x0008      	RETURN
; end of _UART1_Write_Text
_UART1_Init:
;__Lib_UART_c67.c,2 :: 		
;__Lib_UART_c67.c,5 :: 		
0x0079	0x1683      	BSF        STATUS, 5
0x007A	0x1303      	BCF        STATUS, 6
0x007B	0x1698      	BSF        TXSTA, 5
;__Lib_UART_c67.c,6 :: 		
0x007C	0x3090      	MOVLW      144
0x007D	0x1283      	BCF        STATUS, 5
0x007E	0x0098      	MOVWF      RCSTA
;__Lib_UART_c67.c,7 :: 		
0x007F	0x1683      	BSF        STATUS, 5
0x0080	0x1787      	BSF        TRISC7_bit, BitPos(TRISC7_bit+0)
;__Lib_UART_c67.c,8 :: 		
0x0081	0x1307      	BCF        TRISC6_bit, BitPos(TRISC6_bit+0)
;__Lib_UART_c67.c,10 :: 		
L_UART1_Init0:
0x0082	0x1283      	BCF        STATUS, 5
0x0083	0x1E8C      	BTFSS      PIR1, 5
0x0084	0x2888      	GOTO       L_UART1_Init1
;__Lib_UART_c67.c,11 :: 		
0x0085	0x081A      	MOVF       RCREG, 0
0x0086	0x00F0      	MOVWF      R0
0x0087	0x2882      	GOTO       L_UART1_Init0
L_UART1_Init1:
;__Lib_UART_c67.c,12 :: 		
L_end_UART1_Init:
0x0088	0x0008      	RETURN
; end of _UART1_Init
_main:
0x0089	0x3041      	MOVLW      65
0x008A	0x1283      	BCF        STATUS, 5
0x008B	0x1303      	BCF        STATUS, 6
0x008C	0x00A0      	MOVWF      _text
;SerialComMikro.c,3 :: 		void main(){
;SerialComMikro.c,5 :: 		UART1_Init(9600);
0x008D	0x3033      	MOVLW      51
0x008E	0x1683      	BSF        STATUS, 5
0x008F	0x0099      	MOVWF      SPBRG
0x0090	0x1518      	BSF        TXSTA, 2
0x0091	0x2079      	CALL       _UART1_Init
;SerialComMikro.c,7 :: 		ByteToStr(text,txt);
0x0092	0x0820      	MOVF       _text, 0
0x0093	0x00A8      	MOVWF      FARG_ByteToStr_input
0x0094	0x3023      	MOVLW      _txt
0x0095	0x00A9      	MOVWF      FARG_ByteToStr_output
0x0096	0x2031      	CALL       _ByteToStr
;SerialComMikro.c,8 :: 		while(1){
L_main0:
;SerialComMikro.c,10 :: 		UART1_Write_text(text);
0x0097	0x0820      	MOVF       _text, 0
0x0098	0x00A8      	MOVWF      FARG_UART1_Write_Text_uart_text
0x0099	0x2063      	CALL       _UART1_Write_Text
;SerialComMikro.c,11 :: 		delay_ms(500);
0x009A	0x3006      	MOVLW      6
0x009B	0x00FB      	MOVWF      R11
0x009C	0x3013      	MOVLW      19
0x009D	0x00FC      	MOVWF      R12
0x009E	0x30AD      	MOVLW      173
0x009F	0x00FD      	MOVWF      R13
L_main2:
0x00A0	0x0BFD      	DECFSZ     R13, 1
0x00A1	0x28A0      	GOTO       L_main2
0x00A2	0x0BFC      	DECFSZ     R12, 1
0x00A3	0x28A0      	GOTO       L_main2
0x00A4	0x0BFB      	DECFSZ     R11, 1
0x00A5	0x28A0      	GOTO       L_main2
0x00A6	0x0000      	NOP
0x00A7	0x0000      	NOP
;SerialComMikro.c,13 :: 		}
0x00A8	0x2897      	GOTO       L_main0
;SerialComMikro.c,16 :: 		}
L_end_main:
0x00A9	0x28A9      	GOTO       $+0
; end of _main
Symbol List:
//** Routines locations **
//ADDRESS    SIZE    PROCEDURE
//----------------------------------------------
0x0003      [10]    _UART1_Write
0x000D       [7]    _____DoICP
0x0014      [17]    _Div_8X8_U
0x0025      [12]    ___CC2DW
0x0031      [50]    _ByteToStr
0x0063      [22]    _UART1_Write_Text
0x0079      [16]    _UART1_Init
0x0089      [33]    _main
//** Variables locations ** 
//ADDRESS    SIZE    VARIABLE
//----------------------------------------------
0x0000       [1]    INDF
0x0002       [1]    PCL
0x0003       [1]    STATUS
0x0004       [1]    FSR
0x000A       [1]    PCLATH
0x000C       [1]    PIR1
0x0018       [1]    RCSTA
0x0019       [1]    TXREG
0x001A       [1]    RCREG
0x0020       [1]    _text
0x0021       [2]    ___DoICPAddr
0x0023       [5]    _txt
0x0028       [1]    FARG_ByteToStr_input
0x0028       [1]    FARG_UART1_Write_Text_uart_text
0x0029       [1]    FARG_ByteToStr_output
0x0029       [1]    UART1_Write_Text_data__L0
0x002A       [1]    ByteToStr_DigitPos_L0
0x002A       [1]    UART1_Write_Text_counter_L0
0x002B       [1]    FLOC__ByteToStr
0x002C       [1]    FARG_UART1_Write_data_
0x0070       [1]    R0
0x0071       [1]    R1
0x0072       [1]    R2
0x0073       [1]    R3
0x0074       [1]    R4
0x0075       [1]    R5
0x0076       [1]    R6
0x0077       [1]    R7
0x0078       [1]    R8
0x0079       [1]    R9
0x007A       [1]    R10
0x007B       [1]    R11
0x007C       [1]    R12
0x007D       [1]    R13
0x007E       [1]    R14
0x007F       [1]    R15
0x0087       [0]    TRISC7_bit
0x0087       [0]    TRISC6_bit
0x0098       [1]    TXSTA
0x0099       [1]    SPBRG
0x009A       [1]    SPBRGH
