;  LST file generated by mikroListExporter - v.2.0 
; Date/Time: 26/11/2018 12:49:07 p. m.
;----------------------------------------------

;Address Opcode 	ASM
0x0000	0x2826      	GOTO       38
_____DoICP:
;__Lib_System.c,6 :: 		
;__Lib_System.c,9 :: 		
0x0003	0x1283      	BCF        STATUS, 5
0x0004	0x1303      	BCF        STATUS, 6
0x0005	0x0822      	MOVF       ___DoICPAddr+1, 0
0x0006	0x008A      	MOVWF      PCLATH
;__Lib_System.c,10 :: 		
0x0007	0x0821      	MOVF       ___DoICPAddr, 0
0x0008	0x0082      	MOVWF      PCL
;__Lib_System.c,12 :: 		
L_end_____DoICP:
0x0009	0x0008      	RETURN
; end of _____DoICP
___CC2DW:
;__Lib_System.c,134 :: 		
;__Lib_System.c,137 :: 		
_CC2D_Loop1:
;__Lib_System.c,139 :: 		
0x000A	0x2003      	CALL       _____DoICP
0x000B	0x118A      	BCF        PCLATH, 3
0x000C	0x120A      	BCF        PCLATH, 4
;__Lib_System.c,141 :: 		
0x000D	0x0080      	MOVWF      INDF
;__Lib_System.c,142 :: 		
0x000E	0x0A84      	INCF       FSR, 1
;__Lib_System.c,143 :: 		
0x000F	0x0AA1      	INCF       ___DoICPAddr, 1
;__Lib_System.c,145 :: 		
0x0010	0x1903      	BTFSC      STATUS, 2
;__Lib_System.c,146 :: 		
0x0011	0x0AA2      	INCF       ___DoICPAddr+1, 1
;__Lib_System.c,147 :: 		
0x0012	0x03F0      	DECF       R0, 1
;__Lib_System.c,149 :: 		
0x0013	0x1D03      	BTFSS      STATUS, 2
;__Lib_System.c,150 :: 		
0x0014	0x280A      	GOTO       _CC2D_Loop1
;__Lib_System.c,152 :: 		
L_end___CC2DW:
0x0015	0x0008      	RETURN
; end of ___CC2DW
_UART1_Init:
;__Lib_UART_c67.c,2 :: 		
;__Lib_UART_c67.c,5 :: 		
0x0016	0x1683      	BSF        STATUS, 5
0x0017	0x1303      	BCF        STATUS, 6
0x0018	0x1698      	BSF        TXSTA, 5
;__Lib_UART_c67.c,6 :: 		
0x0019	0x3090      	MOVLW      144
0x001A	0x1283      	BCF        STATUS, 5
0x001B	0x0098      	MOVWF      RCSTA
;__Lib_UART_c67.c,7 :: 		
0x001C	0x1683      	BSF        STATUS, 5
0x001D	0x1787      	BSF        TRISC7_bit, BitPos(TRISC7_bit+0)
;__Lib_UART_c67.c,8 :: 		
0x001E	0x1307      	BCF        TRISC6_bit, BitPos(TRISC6_bit+0)
;__Lib_UART_c67.c,10 :: 		
L_UART1_Init0:
0x001F	0x1283      	BCF        STATUS, 5
0x0020	0x1E8C      	BTFSS      PIR1, 5
0x0021	0x2825      	GOTO       L_UART1_Init1
;__Lib_UART_c67.c,11 :: 		
0x0022	0x081A      	MOVF       RCREG, 0
0x0023	0x00F0      	MOVWF      R0
0x0024	0x281F      	GOTO       L_UART1_Init0
L_UART1_Init1:
;__Lib_UART_c67.c,12 :: 		
L_end_UART1_Init:
0x0025	0x0008      	RETURN
; end of _UART1_Init
_main:
0x0026	0x1283      	BCF        STATUS, 5
0x0027	0x1303      	BCF        STATUS, 6
0x0028	0x01A0      	CLRF       _Data
;SerialComMikro.c,3 :: 		void main(){
;SerialComMikro.c,4 :: 		UART1_Init(9600);
0x0029	0x3033      	MOVLW      51
0x002A	0x1683      	BSF        STATUS, 5
0x002B	0x0099      	MOVWF      SPBRG
0x002C	0x1518      	BSF        TXSTA, 2
0x002D	0x2016      	CALL       _UART1_Init
;SerialComMikro.c,6 :: 		TRISB=0x00;
0x002E	0x1683      	BSF        STATUS, 5
0x002F	0x0186      	CLRF       TRISB
;SerialComMikro.c,7 :: 		PORTB=0X00;
0x0030	0x1283      	BCF        STATUS, 5
0x0031	0x0186      	CLRF       PORTB
;SerialComMikro.c,8 :: 		delay_ms(100);
0x0032	0x3002      	MOVLW      2
0x0033	0x00FB      	MOVWF      R11
0x0034	0x3004      	MOVLW      4
0x0035	0x00FC      	MOVWF      R12
0x0036	0x30BA      	MOVLW      186
0x0037	0x00FD      	MOVWF      R13
L_main0:
0x0038	0x0BFD      	DECFSZ     R13, 1
0x0039	0x2838      	GOTO       L_main0
0x003A	0x0BFC      	DECFSZ     R12, 1
0x003B	0x2838      	GOTO       L_main0
0x003C	0x0BFB      	DECFSZ     R11, 1
0x003D	0x2838      	GOTO       L_main0
0x003E	0x0000      	NOP
;SerialComMikro.c,10 :: 		while(1){
L_main1:
;SerialComMikro.c,11 :: 		Transmiter = Data;
0x003F	0x0820      	MOVF       _Data, 0
0x0040	0x0086      	MOVWF      PORTB
;SerialComMikro.c,12 :: 		delay_ms(10);
0x0041	0x301A      	MOVLW      26
0x0042	0x00FC      	MOVWF      R12
0x0043	0x30F8      	MOVLW      248
0x0044	0x00FD      	MOVWF      R13
L_main3:
0x0045	0x0BFD      	DECFSZ     R13, 1
0x0046	0x2845      	GOTO       L_main3
0x0047	0x0BFC      	DECFSZ     R12, 1
0x0048	0x2845      	GOTO       L_main3
0x0049	0x0000      	NOP
;SerialComMikro.c,13 :: 		Data+= 1;
0x004A	0x0AA0      	INCF       _Data, 1
;SerialComMikro.c,14 :: 		if(Data>=16){
0x004B	0x3010      	MOVLW      16
0x004C	0x0220      	SUBWF      _Data, 0
0x004D	0x1C03      	BTFSS      STATUS, 0
0x004E	0x2850      	GOTO       L_main4
;SerialComMikro.c,15 :: 		Data = 0;
0x004F	0x01A0      	CLRF       _Data
;SerialComMikro.c,16 :: 		}
L_main4:
;SerialComMikro.c,17 :: 		}
0x0050	0x283F      	GOTO       L_main1
;SerialComMikro.c,18 :: 		}
L_end_main:
0x0051	0x2851      	GOTO       $+0
; end of _main
Symbol List:
//** Routines locations **
//ADDRESS    SIZE    PROCEDURE
//----------------------------------------------
0x0003       [7]    _____DoICP
0x000A      [12]    ___CC2DW
0x0016      [16]    _UART1_Init
0x0026      [44]    _main
//** Variables locations ** 
//ADDRESS    SIZE    VARIABLE
//----------------------------------------------
0x0000       [1]    INDF
0x0002       [1]    PCL
0x0003       [1]    STATUS
0x0004       [1]    FSR
0x0006       [1]    PORTB
0x000A       [1]    PCLATH
0x000C       [1]    PIR1
0x0018       [1]    RCSTA
0x001A       [1]    RCREG
0x0020       [1]    _Data
0x0021       [2]    ___DoICPAddr
0x0070       [1]    R0
0x0071       [1]    R1
0x0072       [1]    R2
0x0073       [1]    R3
0x0074       [1]    R4
0x0075       [1]    R5
0x0076       [1]    R6
0x0077       [1]    R7
0x0078       [1]    R8
0x0079       [1]    R9
0x007A       [1]    R10
0x007B       [1]    R11
0x007C       [1]    R12
0x007D       [1]    R13
0x007E       [1]    R14
0x007F       [1]    R15
0x0086       [1]    TRISB
0x0087       [0]    TRISC7_bit
0x0087       [0]    TRISC6_bit
0x0098       [1]    TXSTA
0x0099       [1]    SPBRG
0x009A       [1]    SPBRGH
