;  LST file generated by mikroListExporter - v.2.0 
; Date/Time: 25/11/2018 7:33:21 p. m.
;----------------------------------------------

;Address Opcode 	ASM
0x0000	0x285E      	GOTO       94
_____DoICP:
;__Lib_System.c,6 :: 		
;__Lib_System.c,9 :: 		
0x0003	0x1283      	BCF        STATUS, 5
0x0004	0x1303      	BCF        STATUS, 6
0x0005	0x0821      	MOVF       ___DoICPAddr+1, 0
0x0006	0x008A      	MOVWF      PCLATH
;__Lib_System.c,10 :: 		
0x0007	0x0820      	MOVF       ___DoICPAddr, 0
0x0008	0x0082      	MOVWF      PCL
;__Lib_System.c,12 :: 		
L_end_____DoICP:
0x0009	0x0008      	RETURN
; end of _____DoICP
_motion:
;RbotController.c,19 :: 		void  motion() {
;RbotController.c,20 :: 		switch (INPUT) {
0x000A	0x3004      	MOVLW      4
0x000B	0x1283      	BCF        STATUS, 5
0x000C	0x1303      	BCF        STATUS, 6
0x000D	0x00F0      	MOVWF      R0
0x000E	0x0808      	MOVF       PORTD, 0
0x000F	0x00F2      	MOVWF      R2
0x0010	0x01F3      	CLRF       R2+1
0x0011	0x0870      	MOVF       R0, 0
L__motion9:
0x0012	0x1903      	BTFSC      STATUS, 2
0x0013	0x2819      	GOTO       L__motion10
0x0014	0x0DF2      	RLF        R2, 1
0x0015	0x0DF3      	RLF        R2+1, 1
0x0016	0x1072      	BCF        R2, 0
0x0017	0x3EFF      	ADDLW      255
0x0018	0x2812      	GOTO       L__motion9
L__motion10:
0x0019	0x2841      	GOTO       L_motion2
;RbotController.c,21 :: 		case (0x00)||(0x0A)||(0x06)||(~0x0A)||(~0x06):
L_motion4:
;RbotController.c,22 :: 		HBriged = INPUT;
0x001A	0x0808      	MOVF       PORTD, 0
0x001B	0x00F0      	MOVWF      R0
0x001C	0x0DF0      	RLF        R0, 1
0x001D	0x1070      	BCF        R0, 0
0x001E	0x0DF0      	RLF        R0, 1
0x001F	0x1070      	BCF        R0, 0
0x0020	0x0DF0      	RLF        R0, 1
0x0021	0x1070      	BCF        R0, 0
0x0022	0x0DF0      	RLF        R0, 1
0x0023	0x1070      	BCF        R0, 0
0x0024	0x0870      	MOVF       R0, 0
0x0025	0x0085      	MOVWF      PORTA
;RbotController.c,23 :: 		break;
0x0026	0x2851      	GOTO       L_motion3
;RbotController.c,24 :: 		case (0x01):
L_motion5:
;RbotController.c,25 :: 		HBriged = INPUT;
0x0027	0x0808      	MOVF       PORTD, 0
0x0028	0x00F0      	MOVWF      R0
0x0029	0x0DF0      	RLF        R0, 1
0x002A	0x1070      	BCF        R0, 0
0x002B	0x0DF0      	RLF        R0, 1
0x002C	0x1070      	BCF        R0, 0
0x002D	0x0DF0      	RLF        R0, 1
0x002E	0x1070      	BCF        R0, 0
0x002F	0x0DF0      	RLF        R0, 1
0x0030	0x1070      	BCF        R0, 0
0x0031	0x0870      	MOVF       R0, 0
0x0032	0x0085      	MOVWF      PORTA
;RbotController.c,26 :: 		delay_ms(200);
0x0033	0x3003      	MOVLW      3
0x0034	0x00FB      	MOVWF      R11
0x0035	0x3008      	MOVLW      8
0x0036	0x00FC      	MOVWF      R12
0x0037	0x3077      	MOVLW      119
0x0038	0x00FD      	MOVWF      R13
L_motion6:
0x0039	0x0BFD      	DECFSZ     R13, 1
0x003A	0x2839      	GOTO       L_motion6
0x003B	0x0BFC      	DECFSZ     R12, 1
0x003C	0x2839      	GOTO       L_motion6
0x003D	0x0BFB      	DECFSZ     R11, 1
0x003E	0x2839      	GOTO       L_motion6
;RbotController.c,27 :: 		HBriged = 0x00;
0x003F	0x0185      	CLRF       PORTA
;RbotController.c,28 :: 		break;
0x0040	0x2851      	GOTO       L_motion3
;RbotController.c,29 :: 		}
L_motion2:
0x0041	0x3000      	MOVLW      0
0x0042	0x0673      	XORWF      R2+1, 0
0x0043	0x1D03      	BTFSS      STATUS, 2
0x0044	0x2847      	GOTO       L__motion11
0x0045	0x3001      	MOVLW      1
0x0046	0x0672      	XORWF      R2, 0
L__motion11:
0x0047	0x1903      	BTFSC      STATUS, 2
0x0048	0x281A      	GOTO       L_motion4
0x0049	0x3000      	MOVLW      0
0x004A	0x0673      	XORWF      R2+1, 0
0x004B	0x1D03      	BTFSS      STATUS, 2
0x004C	0x284F      	GOTO       L__motion12
0x004D	0x3001      	MOVLW      1
0x004E	0x0672      	XORWF      R2, 0
L__motion12:
0x004F	0x1903      	BTFSC      STATUS, 2
0x0050	0x2827      	GOTO       L_motion5
L_motion3:
;RbotController.c,30 :: 		}
L_end_motion:
0x0051	0x0008      	RETURN
; end of _motion
___CC2DW:
;__Lib_System.c,134 :: 		
;__Lib_System.c,137 :: 		
_CC2D_Loop1:
;__Lib_System.c,139 :: 		
0x0052	0x2003      	CALL       _____DoICP
0x0053	0x118A      	BCF        PCLATH, 3
0x0054	0x120A      	BCF        PCLATH, 4
;__Lib_System.c,141 :: 		
0x0055	0x0080      	MOVWF      INDF
;__Lib_System.c,142 :: 		
0x0056	0x0A84      	INCF       FSR, 1
;__Lib_System.c,143 :: 		
0x0057	0x0AA0      	INCF       ___DoICPAddr, 1
;__Lib_System.c,145 :: 		
0x0058	0x1903      	BTFSC      STATUS, 2
;__Lib_System.c,146 :: 		
0x0059	0x0AA1      	INCF       ___DoICPAddr+1, 1
;__Lib_System.c,147 :: 		
0x005A	0x03F0      	DECF       R0, 1
;__Lib_System.c,149 :: 		
0x005B	0x1D03      	BTFSS      STATUS, 2
;__Lib_System.c,150 :: 		
0x005C	0x2852      	GOTO       _CC2D_Loop1
;__Lib_System.c,152 :: 		
L_end___CC2DW:
0x005D	0x0008      	RETURN
; end of ___CC2DW
_main:
;RbotController.c,8 :: 		void main(){
;RbotController.c,9 :: 		ANSEL = 0X00;
0x005E	0x1683      	BSF        STATUS, 5
0x005F	0x1703      	BSF        STATUS, 6
0x0060	0x0188      	CLRF       ANSEL
;RbotController.c,10 :: 		TRISA=0x00;
0x0061	0x1303      	BCF        STATUS, 6
0x0062	0x0185      	CLRF       TRISA
;RbotController.c,11 :: 		TRISD=0XFF;
0x0063	0x30FF      	MOVLW      255
0x0064	0x0088      	MOVWF      TRISD
;RbotController.c,12 :: 		HBriged = 0x00;
0x0065	0x1283      	BCF        STATUS, 5
0x0066	0x0185      	CLRF       PORTA
;RbotController.c,13 :: 		while(1){
L_main0:
;RbotController.c,15 :: 		motion();
0x0067	0x200A      	CALL       _motion
;RbotController.c,17 :: 		}
0x0068	0x2867      	GOTO       L_main0
;RbotController.c,18 :: 		}
L_end_main:
0x0069	0x2869      	GOTO       $+0
; end of _main
Symbol List:
//** Routines locations **
//ADDRESS    SIZE    PROCEDURE
//----------------------------------------------
0x0003       [7]    _____DoICP
0x000A      [72]    _motion
0x0052      [12]    ___CC2DW
0x005E      [12]    _main
//** Variables locations ** 
//ADDRESS    SIZE    VARIABLE
//----------------------------------------------
0x0000       [1]    INDF
0x0002       [1]    PCL
0x0003       [1]    STATUS
0x0004       [1]    FSR
0x0005       [1]    PORTA
0x0008       [1]    PORTD
0x000A       [1]    PCLATH
0x0020       [2]    ___DoICPAddr
0x0070       [1]    R0
0x0071       [1]    R1
0x0072       [1]    R2
0x0073       [1]    R3
0x0074       [1]    R4
0x0075       [1]    R5
0x0076       [1]    R6
0x0077       [1]    R7
0x0078       [1]    R8
0x0079       [1]    R9
0x007A       [1]    R10
0x007B       [1]    R11
0x007C       [1]    R12
0x007D       [1]    R13
0x007E       [1]    R14
0x007F       [1]    R15
0x0085       [1]    TRISA
0x0088       [1]    TRISD
0x0188       [1]    ANSEL
