;  LST file generated by mikroListExporter - v.2.0 
; Date/Time: 26/11/2018 12:25:57 p. m.
;----------------------------------------------

;Address Opcode 	ASM
0x0000	0x283A      	GOTO       58
_____DoICP:
;__Lib_System.c,6 :: 		
;__Lib_System.c,9 :: 		
0x0003	0x1283      	BCF        STATUS, 5
0x0004	0x1303      	BCF        STATUS, 6
0x0005	0x0821      	MOVF       ___DoICPAddr+1, 0
0x0006	0x008A      	MOVWF      PCLATH
;__Lib_System.c,10 :: 		
0x0007	0x0820      	MOVF       ___DoICPAddr, 0
0x0008	0x0082      	MOVWF      PCL
;__Lib_System.c,12 :: 		
L_end_____DoICP:
0x0009	0x0008      	RETURN
; end of _____DoICP
___CC2DW:
;__Lib_System.c,134 :: 		
;__Lib_System.c,137 :: 		
_CC2D_Loop1:
;__Lib_System.c,139 :: 		
0x000A	0x2003      	CALL       _____DoICP
0x000B	0x118A      	BCF        PCLATH, 3
0x000C	0x120A      	BCF        PCLATH, 4
;__Lib_System.c,141 :: 		
0x000D	0x0080      	MOVWF      INDF
;__Lib_System.c,142 :: 		
0x000E	0x0A84      	INCF       FSR, 1
;__Lib_System.c,143 :: 		
0x000F	0x0AA0      	INCF       ___DoICPAddr, 1
;__Lib_System.c,145 :: 		
0x0010	0x1903      	BTFSC      STATUS, 2
;__Lib_System.c,146 :: 		
0x0011	0x0AA1      	INCF       ___DoICPAddr+1, 1
;__Lib_System.c,147 :: 		
0x0012	0x03F0      	DECF       R0, 1
;__Lib_System.c,149 :: 		
0x0013	0x1D03      	BTFSS      STATUS, 2
;__Lib_System.c,150 :: 		
0x0014	0x280A      	GOTO       _CC2D_Loop1
;__Lib_System.c,152 :: 		
L_end___CC2DW:
0x0015	0x0008      	RETURN
; end of ___CC2DW
_UART1_Write:
;__Lib_UART_c67.c,39 :: 		
;__Lib_UART_c67.c,40 :: 		
L_UART1_Write3:
0x0016	0x1683      	BSF        STATUS, 5
0x0017	0x1303      	BCF        STATUS, 6
0x0018	0x1898      	BTFSC      TXSTA, 1
0x0019	0x281C      	GOTO       L_UART1_Write4
;__Lib_UART_c67.c,41 :: 		
0x001A	0x0000      	NOP
0x001B	0x2816      	GOTO       L_UART1_Write3
L_UART1_Write4:
;__Lib_UART_c67.c,42 :: 		
0x001C	0x1283      	BCF        STATUS, 5
0x001D	0x0822      	MOVF       FARG_UART1_Write_data_, 0
0x001E	0x0099      	MOVWF      TXREG
;__Lib_UART_c67.c,43 :: 		
L_end_UART1_Write:
0x001F	0x0008      	RETURN
; end of _UART1_Write
_setup:
;SerialCom.c,17 :: 		void setup () {
;SerialCom.c,18 :: 		ANSEL = 0X00;
0x0020	0x1683      	BSF        STATUS, 5
0x0021	0x1703      	BSF        STATUS, 6
0x0022	0x0188      	CLRF       ANSEL
;SerialCom.c,19 :: 		ANSELH = 0X00;
0x0023	0x0189      	CLRF       ANSELH
;SerialCom.c,20 :: 		TRISA = 0X00;
0x0024	0x1303      	BCF        STATUS, 6
0x0025	0x0185      	CLRF       TRISA
;SerialCom.c,21 :: 		TRISB = 0X50;
0x0026	0x3050      	MOVLW      80
0x0027	0x0086      	MOVWF      TRISB
;SerialCom.c,22 :: 		TRISD = 0X00;
0x0028	0x0188      	CLRF       TRISD
;SerialCom.c,24 :: 		}
L_end_setup:
0x0029	0x0008      	RETURN
; end of _setup
_UART1_Init:
;__Lib_UART_c67.c,2 :: 		
;__Lib_UART_c67.c,5 :: 		
0x002A	0x1683      	BSF        STATUS, 5
0x002B	0x1303      	BCF        STATUS, 6
0x002C	0x1698      	BSF        TXSTA, 5
;__Lib_UART_c67.c,6 :: 		
0x002D	0x3090      	MOVLW      144
0x002E	0x1283      	BCF        STATUS, 5
0x002F	0x0098      	MOVWF      RCSTA
;__Lib_UART_c67.c,7 :: 		
0x0030	0x1683      	BSF        STATUS, 5
0x0031	0x1787      	BSF        TRISC7_bit, BitPos(TRISC7_bit+0)
;__Lib_UART_c67.c,8 :: 		
0x0032	0x1307      	BCF        TRISC6_bit, BitPos(TRISC6_bit+0)
;__Lib_UART_c67.c,10 :: 		
L_UART1_Init0:
0x0033	0x1283      	BCF        STATUS, 5
0x0034	0x1E8C      	BTFSS      PIR1, 5
0x0035	0x2839      	GOTO       L_UART1_Init1
;__Lib_UART_c67.c,11 :: 		
0x0036	0x081A      	MOVF       RCREG, 0
0x0037	0x00F0      	MOVWF      R0
0x0038	0x2833      	GOTO       L_UART1_Init0
L_UART1_Init1:
;__Lib_UART_c67.c,12 :: 		
L_end_UART1_Init:
0x0039	0x0008      	RETURN
; end of _UART1_Init
_main:
;SerialCom.c,5 :: 		void main() {
;SerialCom.c,6 :: 		setup();
0x003A	0x2020      	CALL       _setup
;SerialCom.c,7 :: 		UART1_Init(9600);
0x003B	0x3033      	MOVLW      51
0x003C	0x0099      	MOVWF      SPBRG
0x003D	0x1518      	BSF        TXSTA, 2
0x003E	0x202A      	CALL       _UART1_Init
;SerialCom.c,8 :: 		Delay_ms(200);                  // Wait for UART module to stabilize
0x003F	0x3003      	MOVLW      3
0x0040	0x00FB      	MOVWF      R11
0x0041	0x3008      	MOVLW      8
0x0042	0x00FC      	MOVWF      R12
0x0043	0x3077      	MOVLW      119
0x0044	0x00FD      	MOVWF      R13
L_main0:
0x0045	0x0BFD      	DECFSZ     R13, 1
0x0046	0x2845      	GOTO       L_main0
0x0047	0x0BFC      	DECFSZ     R12, 1
0x0048	0x2845      	GOTO       L_main0
0x0049	0x0BFB      	DECFSZ     R11, 1
0x004A	0x2845      	GOTO       L_main0
;SerialCom.c,12 :: 		while (1) {
L_main1:
;SerialCom.c,13 :: 		UART1_Write(50);
0x004B	0x3032      	MOVLW      50
0x004C	0x00A2      	MOVWF      FARG_UART1_Write_data_
0x004D	0x2016      	CALL       _UART1_Write
;SerialCom.c,14 :: 		}
0x004E	0x284B      	GOTO       L_main1
;SerialCom.c,15 :: 		}
L_end_main:
0x004F	0x284F      	GOTO       $+0
; end of _main
Symbol List:
//** Routines locations **
//ADDRESS    SIZE    PROCEDURE
//----------------------------------------------
0x0003       [7]    _____DoICP
0x000A      [12]    ___CC2DW
0x0016      [10]    _UART1_Write
0x0020      [10]    _setup
0x002A      [16]    _UART1_Init
0x003A      [22]    _main
//** Variables locations ** 
//ADDRESS    SIZE    VARIABLE
//----------------------------------------------
0x0000       [1]    INDF
0x0002       [1]    PCL
0x0003       [1]    STATUS
0x0004       [1]    FSR
0x000A       [1]    PCLATH
0x000C       [1]    PIR1
0x0018       [1]    RCSTA
0x0019       [1]    TXREG
0x001A       [1]    RCREG
0x0020       [2]    ___DoICPAddr
0x0022       [1]    FARG_UART1_Write_data_
0x0070       [1]    R0
0x0071       [1]    R1
0x0072       [1]    R2
0x0073       [1]    R3
0x0074       [1]    R4
0x0075       [1]    R5
0x0076       [1]    R6
0x0077       [1]    R7
0x0078       [1]    R8
0x0079       [1]    R9
0x007A       [1]    R10
0x007B       [1]    R11
0x007C       [1]    R12
0x007D       [1]    R13
0x007E       [1]    R14
0x007F       [1]    R15
0x0085       [1]    TRISA
0x0086       [1]    TRISB
0x0087       [0]    TRISC7_bit
0x0087       [0]    TRISC6_bit
0x0088       [1]    TRISD
0x0098       [1]    TXSTA
0x0099       [1]    SPBRG
0x009A       [1]    SPBRGH
0x0188       [1]    ANSEL
0x0189       [1]    ANSELH
