;  LST file generated by mikroListExporter - v.2.0 
; Date/Time: 26/11/2018 8:13:59 p. m.
;----------------------------------------------

;Address Opcode 	ASM
0x0000	0x29A4      	GOTO       420
_SETFUN32:
;__Lib_MathDouble.c,138 :: 		
;__Lib_MathDouble.c,145 :: 		
0x0003	0x157B      	BSF        R11, 2
;__Lib_MathDouble.c,146 :: 		
0x0004	0x1FFB      	BTFSS      R11, 7
;__Lib_MathDouble.c,147 :: 		
0x0005	0x280D      	GOTO       SETFUN32EEE
;__Lib_MathDouble.c,148 :: 		
0x0006	0x3001      	MOVLW      1
;__Lib_MathDouble.c,149 :: 		
0x0007	0x00F3      	MOVWF      R3
;__Lib_MathDouble.c,150 :: 		
0x0008	0x01F2      	CLRF       R2
;__Lib_MathDouble.c,151 :: 		
0x0009	0x01F1      	CLRF       R1
;__Lib_MathDouble.c,152 :: 		
0x000A	0x01F0      	CLRF       R0
;__Lib_MathDouble.c,153 :: 		
0x000B	0x0DFA      	RLF        R10, 1
;__Lib_MathDouble.c,154 :: 		
0x000C	0x0CF2      	RRF        R2, 1
;__Lib_MathDouble.c,155 :: 		
SETFUN32EEE:
;__Lib_MathDouble.c,156 :: 		
0x000D	0x30FF      	MOVLW      255
;__Lib_MathDouble.c,158 :: 		
L_end_SETFUN32:
0x000E	0x0008      	RETURN
; end of _SETFUN32
_FIXSIGN32:
;__Lib_MathDouble.c,112 :: 		
;__Lib_MathDouble.c,116 :: 		
0x000F	0x1FFA      	BTFSS      R10, 7
;__Lib_MathDouble.c,117 :: 		
0x0010	0x13F2      	BCF        R2, 7
;__Lib_MathDouble.c,118 :: 		
0x0011	0x3000      	MOVLW      0
;__Lib_MathDouble.c,120 :: 		
L_end_FIXSIGN32:
0x0012	0x0008      	RETURN
; end of _FIXSIGN32
_RES032:
;__Lib_MathDouble.c,123 :: 		
;__Lib_MathDouble.c,128 :: 		
0x0013	0x01F2      	CLRF       R2
;__Lib_MathDouble.c,129 :: 		
0x0014	0x01F1      	CLRF       R1
;__Lib_MathDouble.c,130 :: 		
0x0015	0x01F0      	CLRF       R0
;__Lib_MathDouble.c,131 :: 		
0x0016	0x01F8      	CLRF       R8
;__Lib_MathDouble.c,132 :: 		
0x0017	0x01F3      	CLRF       R3
;__Lib_MathDouble.c,133 :: 		
0x0018	0x3000      	MOVLW      0
;__Lib_MathDouble.c,135 :: 		
L_end_RES032:
0x0019	0x0008      	RETURN
; end of _RES032
_SETFDZ32:
;__Lib_MathDouble.c,102 :: 		
;__Lib_MathDouble.c,105 :: 		
0x001A	0x15FB      	BSF        R11, 3
;__Lib_MathDouble.c,106 :: 		
0x001B	0x30FF      	MOVLW      255
;__Lib_MathDouble.c,108 :: 		
L_end_SETFDZ32:
0x001C	0x0008      	RETURN
; end of _SETFDZ32
_SETFOV32:
;__Lib_MathDouble.c,79 :: 		
;__Lib_MathDouble.c,86 :: 		
0x001D	0x14FB      	BSF        R11, 1
;__Lib_MathDouble.c,87 :: 		
0x001E	0x1FFB      	BTFSS      R11, 7
;__Lib_MathDouble.c,88 :: 		
0x001F	0x2827      	GOTO       SETFOV32EEE
;__Lib_MathDouble.c,89 :: 		
0x0020	0x30FF      	MOVLW      255
;__Lib_MathDouble.c,90 :: 		
0x0021	0x00F3      	MOVWF      R3
;__Lib_MathDouble.c,91 :: 		
0x0022	0x00F2      	MOVWF      R2
;__Lib_MathDouble.c,92 :: 		
0x0023	0x00F1      	MOVWF      R1
;__Lib_MathDouble.c,93 :: 		
0x0024	0x00F0      	MOVWF      R0
;__Lib_MathDouble.c,94 :: 		
0x0025	0x0DFA      	RLF        R10, 1
;__Lib_MathDouble.c,95 :: 		
0x0026	0x0CF2      	RRF        R2, 1
;__Lib_MathDouble.c,96 :: 		
SETFOV32EEE:
;__Lib_MathDouble.c,97 :: 		
0x0027	0x30FF      	MOVLW      255
;__Lib_MathDouble.c,99 :: 		
L_end_SETFOV32:
0x0028	0x0008      	RETURN
; end of _SETFOV32
_SETIOV3224:
;__Lib_MathDouble.c,1000 :: 		
;__Lib_MathDouble.c,1006 :: 		
0x0029	0x147B      	BSF        R11, 0
;__Lib_MathDouble.c,1007 :: 		
0x002A	0x1FFB      	BTFSS      R11, 7
;__Lib_MathDouble.c,1008 :: 		
0x002B	0x2834      	GOTO       SETIOV3224EEE
;__Lib_MathDouble.c,1010 :: 		
0x002C	0x01F2      	CLRF       R2
;__Lib_MathDouble.c,1011 :: 		
0x002D	0x1FFA      	BTFSS      R10, 7
;__Lib_MathDouble.c,1012 :: 		
0x002E	0x30FF      	MOVLW      255
;__Lib_MathDouble.c,1013 :: 		
0x002F	0x00F2      	MOVWF      R2
;__Lib_MathDouble.c,1014 :: 		
0x0030	0x00F1      	MOVWF      R1
;__Lib_MathDouble.c,1015 :: 		
0x0031	0x00F0      	MOVWF      R0
;__Lib_MathDouble.c,1016 :: 		
0x0032	0x0DFA      	RLF        R10, 1
;__Lib_MathDouble.c,1017 :: 		
0x0033	0x0CF2      	RRF        R2, 1
;__Lib_MathDouble.c,1018 :: 		
SETIOV3224EEE:
;__Lib_MathDouble.c,1019 :: 		
0x0034	0x30FF      	MOVLW      255
;__Lib_MathDouble.c,1021 :: 		
L_end_SETIOV3224:
0x0035	0x0008      	RETURN
; end of _SETIOV3224
_____DoICP:
;__Lib_System.c,6 :: 		
;__Lib_System.c,9 :: 		
0x0036	0x1283      	BCF        STATUS, 5
0x0037	0x1303      	BCF        STATUS, 6
0x0038	0x0822      	MOVF       ___DoICPAddr+1, 0
0x0039	0x008A      	MOVWF      PCLATH
;__Lib_System.c,10 :: 		
0x003A	0x0821      	MOVF       ___DoICPAddr, 0
0x003B	0x0082      	MOVWF      PCL
;__Lib_System.c,12 :: 		
L_end_____DoICP:
0x003C	0x0008      	RETURN
; end of _____DoICP
_NRM3232:
;__Lib_MathDouble.c,167 :: 		
;__Lib_MathDouble.c,173 :: 		
;__Lib_MathDouble.c,175 :: 		
0x003D	0x01A0      	CLRF       __math_tempbD
;__Lib_MathDouble.c,176 :: 		
0x003E	0x0872      	MOVF       R2, 0
;__Lib_MathDouble.c,177 :: 		
0x003F	0x1D03      	BTFSS      STATUS, 2
;__Lib_MathDouble.c,178 :: 		
0x0040	0x2852      	GOTO       NORM3232
;__Lib_MathDouble.c,179 :: 		
0x0041	0x0871      	MOVF       R1, 0
;__Lib_MathDouble.c,180 :: 		
0x0042	0x00F2      	MOVWF      R2
;__Lib_MathDouble.c,181 :: 		
0x0043	0x0870      	MOVF       R0, 0
;__Lib_MathDouble.c,182 :: 		
0x0044	0x00F1      	MOVWF      R1
;__Lib_MathDouble.c,183 :: 		
0x0045	0x01F0      	CLRF       R0
;__Lib_MathDouble.c,184 :: 		
0x0046	0x15A0      	BSF        __math_tempbD, 3
;__Lib_MathDouble.c,186 :: 		
0x0047	0x0872      	MOVF       R2, 0
;__Lib_MathDouble.c,187 :: 		
0x0048	0x1D03      	BTFSS      STATUS, 2
;__Lib_MathDouble.c,188 :: 		
0x0049	0x2852      	GOTO       NORM3232
;__Lib_MathDouble.c,189 :: 		
0x004A	0x0871      	MOVF       R1, 0
;__Lib_MathDouble.c,190 :: 		
0x004B	0x00F2      	MOVWF      R2
;__Lib_MathDouble.c,191 :: 		
0x004C	0x01F1      	CLRF       R1
;__Lib_MathDouble.c,192 :: 		
0x004D	0x11A0      	BCF        __math_tempbD, 3
;__Lib_MathDouble.c,193 :: 		
0x004E	0x1620      	BSF        __math_tempbD, 4
;__Lib_MathDouble.c,195 :: 		
0x004F	0x0872      	MOVF       R2, 0
;__Lib_MathDouble.c,196 :: 		
0x0050	0x1903      	BTFSC      STATUS, 2
;__Lib_MathDouble.c,197 :: 		
0x0051	0x2860      	GOTO       JPNRES032
;__Lib_MathDouble.c,198 :: 		
NORM3232:
;__Lib_MathDouble.c,199 :: 		
0x0052	0x0820      	MOVF       __math_tempbD, 0
;__Lib_MathDouble.c,200 :: 		
0x0053	0x02F3      	SUBWF      R3, 1
;__Lib_MathDouble.c,201 :: 		
0x0054	0x1D03      	BTFSS      STATUS, 2
;__Lib_MathDouble.c,202 :: 		
0x0055	0x1C03      	BTFSS      STATUS, 0
;__Lib_MathDouble.c,203 :: 		
0x0056	0x2864      	GOTO       JPNSETFUN32
;__Lib_MathDouble.c,204 :: 		
0x0057	0x1003      	BCF        STATUS, 0
;__Lib_MathDouble.c,205 :: 		
NORM3232A:
;__Lib_MathDouble.c,206 :: 		
0x0058	0x1BF2      	BTFSC      R2, 7
;__Lib_MathDouble.c,207 :: 		
0x0059	0x2868      	GOTO       JMPNFIXSIGN32
;__Lib_MathDouble.c,208 :: 		
0x005A	0x0DF0      	RLF        R0, 1
;__Lib_MathDouble.c,209 :: 		
0x005B	0x0DF1      	RLF        R1, 1
;__Lib_MathDouble.c,210 :: 		
0x005C	0x0DF2      	RLF        R2, 1
;__Lib_MathDouble.c,211 :: 		
0x005D	0x0BF3      	DECFSZ     R3, 1
;__Lib_MathDouble.c,212 :: 		
0x005E	0x2858      	GOTO       NORM3232A
;__Lib_MathDouble.c,213 :: 		
0x005F	0x2864      	GOTO       JPNSETFUN32
;__Lib_MathDouble.c,214 :: 		
JPNRES032:
;__Lib_MathDouble.c,215 :: 		
0x0060	0x3001      	MOVLW      1
;__Lib_MathDouble.c,216 :: 		
0x0061	0x00FC      	MOVWF      R12
;__Lib_MathDouble.c,218 :: 		
0x0062	0x2013      	CALL       _RES032
;__Lib_MathDouble.c,220 :: 		
0x0063	0x286B      	GOTO       NORM32EEE
;__Lib_MathDouble.c,221 :: 		
JPNSETFUN32:
;__Lib_MathDouble.c,222 :: 		
0x0064	0x3002      	MOVLW      2
;__Lib_MathDouble.c,223 :: 		
0x0065	0x00FC      	MOVWF      R12
;__Lib_MathDouble.c,225 :: 		
0x0066	0x2003      	CALL       _SETFUN32
;__Lib_MathDouble.c,227 :: 		
0x0067	0x286B      	GOTO       NORM32EEE
;__Lib_MathDouble.c,228 :: 		
JMPNFIXSIGN32:
;__Lib_MathDouble.c,229 :: 		
0x0068	0x3004      	MOVLW      4
;__Lib_MathDouble.c,230 :: 		
0x0069	0x00FC      	MOVWF      R12
;__Lib_MathDouble.c,232 :: 		
0x006A	0x200F      	CALL       _FIXSIGN32
;__Lib_MathDouble.c,234 :: 		
NORM32EEE:
;__Lib_MathDouble.c,236 :: 		
L_end_NRM3232:
0x006B	0x0008      	RETURN
; end of _NRM3232
_double2word:
;__Lib_MathDouble.c,1529 :: 		
;__Lib_MathDouble.c,1536 :: 		
0x006C	0x1283      	BCF        STATUS, 5
;__Lib_MathDouble.c,1537 :: 		
0x006D	0x1303      	BCF        STATUS, 6
;__Lib_MathDouble.c,1539 :: 		
0x006E	0x01FB      	CLRF       R11
;__Lib_MathDouble.c,1540 :: 		
0x006F	0x01FC      	CLRF       R12
;__Lib_MathDouble.c,1541 :: 		
0x0070	0x01FA      	CLRF       R10
;__Lib_MathDouble.c,1543 :: 		
0x0071	0x0873      	MOVF       R3, 0
;__Lib_MathDouble.c,1544 :: 		
0x0072	0x1903      	BTFSC      STATUS, 2
;__Lib_MathDouble.c,1545 :: 		
0x0073	0x28AB      	GOTO       IRES016U
;__Lib_MathDouble.c,1547 :: 		
0x0074	0x17F2      	BSF        R2, 7
;__Lib_MathDouble.c,1549 :: 		
0x0075	0x308E      	MOVLW      142
;__Lib_MathDouble.c,1550 :: 		
0x0076	0x02F3      	SUBWF      R3, 1
;__Lib_MathDouble.c,1551 :: 		
0x0077	0x1BF3      	BTFSC      R3, 7
;__Lib_MathDouble.c,1552 :: 		
0x0078	0x287C      	GOTO       SETEXP16U
;__Lib_MathDouble.c,1553 :: 		
0x0079	0x1903      	BTFSC      STATUS, 2
;__Lib_MathDouble.c,1554 :: 		
0x007A	0x287C      	GOTO       SETEXP16U
;__Lib_MathDouble.c,1555 :: 		
0x007B	0x28AE      	GOTO       SETIOV16U
;__Lib_MathDouble.c,1556 :: 		
SETEXP16U:
;__Lib_MathDouble.c,1557 :: 		
0x007C	0x09F3      	COMF       R3, 1
;__Lib_MathDouble.c,1558 :: 		
0x007D	0x0AF3      	INCF       R3, 1
;__Lib_MathDouble.c,1560 :: 		
0x007E	0x3008      	MOVLW      8
;__Lib_MathDouble.c,1561 :: 		
0x007F	0x0273      	SUBWF      R3, 0
;__Lib_MathDouble.c,1562 :: 		
0x0080	0x1C03      	BTFSS      STATUS, 0
;__Lib_MathDouble.c,1563 :: 		
0x0081	0x2891      	GOTO       TSHIFT3216U
;__Lib_MathDouble.c,1564 :: 		
0x0082	0x00F3      	MOVWF      R3
;__Lib_MathDouble.c,1565 :: 		
0x0083	0x0DF1      	RLF        R1, 1
;__Lib_MathDouble.c,1566 :: 		
0x0084	0x0872      	MOVF       R2, 0
;__Lib_MathDouble.c,1567 :: 		
0x0085	0x00F1      	MOVWF      R1
;__Lib_MathDouble.c,1568 :: 		
0x0086	0x01F2      	CLRF       R2
;__Lib_MathDouble.c,1570 :: 		
0x0087	0x3008      	MOVLW      8
;__Lib_MathDouble.c,1571 :: 		
0x0088	0x0273      	SUBWF      R3, 0
;__Lib_MathDouble.c,1572 :: 		
0x0089	0x1C03      	BTFSS      STATUS, 0
;__Lib_MathDouble.c,1573 :: 		
0x008A	0x2891      	GOTO       TSHIFT3216U
;__Lib_MathDouble.c,1574 :: 		
0x008B	0x0DF1      	RLF        R1, 1
;__Lib_MathDouble.c,1575 :: 		
0x008C	0x01F1      	CLRF       R1
;__Lib_MathDouble.c,1577 :: 		
0x008D	0x0873      	MOVF       R3, 0
;__Lib_MathDouble.c,1578 :: 		
0x008E	0x1D03      	BTFSS      STATUS, 2
;__Lib_MathDouble.c,1579 :: 		
0x008F	0x1003      	BCF        STATUS, 0
;__Lib_MathDouble.c,1580 :: 		
0x0090	0x2899      	GOTO       SHIFT3216UOK
;__Lib_MathDouble.c,1581 :: 		
TSHIFT3216U:
;__Lib_MathDouble.c,1582 :: 		
0x0091	0x0873      	MOVF       R3, 0
;__Lib_MathDouble.c,1583 :: 		
0x0092	0x1903      	BTFSC      STATUS, 2
;__Lib_MathDouble.c,1584 :: 		
0x0093	0x2899      	GOTO       SHIFT3216UOK
;__Lib_MathDouble.c,1585 :: 		
SHIFT3216U:
;__Lib_MathDouble.c,1586 :: 		
0x0094	0x1003      	BCF        STATUS, 0
;__Lib_MathDouble.c,1587 :: 		
0x0095	0x0CF2      	RRF        R2, 1
;__Lib_MathDouble.c,1588 :: 		
0x0096	0x0CF1      	RRF        R1, 1
;__Lib_MathDouble.c,1589 :: 		
0x0097	0x0BF3      	DECFSZ     R3, 1
;__Lib_MathDouble.c,1590 :: 		
0x0098	0x2894      	GOTO       SHIFT3216U
;__Lib_MathDouble.c,1591 :: 		
SHIFT3216UOK:
;__Lib_MathDouble.c,1592 :: 		
0x0099	0x1B7B      	BTFSC      R11, 6
;__Lib_MathDouble.c,1593 :: 		
0x009A	0x1C71      	BTFSS      R1, 0
;__Lib_MathDouble.c,1594 :: 		
0x009B	0x28A3      	GOTO       INT3216UOK
;__Lib_MathDouble.c,1595 :: 		
0x009C	0x1C03      	BTFSS      STATUS, 0
;__Lib_MathDouble.c,1596 :: 		
0x009D	0x28A3      	GOTO       INT3216UOK
;__Lib_MathDouble.c,1597 :: 		
0x009E	0x0AF1      	INCF       R1, 1
;__Lib_MathDouble.c,1598 :: 		
0x009F	0x1903      	BTFSC      STATUS, 2
;__Lib_MathDouble.c,1599 :: 		
0x00A0	0x0AF2      	INCF       R2, 1
;__Lib_MathDouble.c,1600 :: 		
0x00A1	0x1BF2      	BTFSC      R2, 7
;__Lib_MathDouble.c,1601 :: 		
0x00A2	0x28BA      	GOTO       JPKSETIOV3224
;__Lib_MathDouble.c,1602 :: 		
INT3216UOK:
;__Lib_MathDouble.c,1603 :: 		
0x00A3	0x1FFA      	BTFSS      R10, 7
;__Lib_MathDouble.c,1604 :: 		
0x00A4	0x28BD      	GOTO       INT3216UEOK
;__Lib_MathDouble.c,1606 :: 		
0x00A5	0x09F2      	COMF       R2, 1
;__Lib_MathDouble.c,1607 :: 		
0x00A6	0x09F1      	COMF       R1, 1
;__Lib_MathDouble.c,1608 :: 		
0x00A7	0x0AF1      	INCF       R1, 1
;__Lib_MathDouble.c,1609 :: 		
0x00A8	0x1903      	BTFSC      STATUS, 2
;__Lib_MathDouble.c,1610 :: 		
0x00A9	0x0AF2      	INCF       R2, 1
;__Lib_MathDouble.c,1611 :: 		
0x00AA	0x28BD      	GOTO       INT3216UEOK
;__Lib_MathDouble.c,1613 :: 		
IRES016U:
;__Lib_MathDouble.c,1614 :: 		
0x00AB	0x01F2      	CLRF       R2
;__Lib_MathDouble.c,1615 :: 		
0x00AC	0x01F1      	CLRF       R1
;__Lib_MathDouble.c,1616 :: 		
0x00AD	0x28BD      	GOTO       INT3216UEOK
;__Lib_MathDouble.c,1617 :: 		
SETIOV16U:
;__Lib_MathDouble.c,1618 :: 		
0x00AE	0x147B      	BSF        R11, 0
;__Lib_MathDouble.c,1619 :: 		
0x00AF	0x1FFB      	BTFSS      R11, 7
;__Lib_MathDouble.c,1620 :: 		
0x00B0	0x28C0      	GOTO       INT3216UEER
;__Lib_MathDouble.c,1622 :: 		
0x00B1	0x01F2      	CLRF       R2
;__Lib_MathDouble.c,1623 :: 		
0x00B2	0x1FFA      	BTFSS      R10, 7
;__Lib_MathDouble.c,1624 :: 		
0x00B3	0x28C0      	GOTO       INT3216UEER
;__Lib_MathDouble.c,1625 :: 		
0x00B4	0x30FF      	MOVLW      255
;__Lib_MathDouble.c,1626 :: 		
0x00B5	0x00F2      	MOVWF      R2
;__Lib_MathDouble.c,1627 :: 		
0x00B6	0x00F1      	MOVWF      R1
;__Lib_MathDouble.c,1628 :: 		
0x00B7	0x0DFA      	RLF        R10, 1
;__Lib_MathDouble.c,1629 :: 		
0x00B8	0x0CF2      	RRF        R2, 1
;__Lib_MathDouble.c,1630 :: 		
0x00B9	0x28C0      	GOTO       INT3216UEER
;__Lib_MathDouble.c,1632 :: 		
JPKSETIOV3224:
;__Lib_MathDouble.c,1633 :: 		
0x00BA	0x3001      	MOVLW      1
;__Lib_MathDouble.c,1634 :: 		
0x00BB	0x00FC      	MOVWF      R12
;__Lib_MathDouble.c,1635 :: 		
0x00BC	0x28C2      	GOTO       INT3216UEEE
;__Lib_MathDouble.c,1636 :: 		
INT3216UEOK:
;__Lib_MathDouble.c,1637 :: 		
0x00BD	0x3000      	MOVLW      0
;__Lib_MathDouble.c,1638 :: 		
0x00BE	0x00FC      	MOVWF      R12
;__Lib_MathDouble.c,1639 :: 		
0x00BF	0x28C2      	GOTO       INT3216UEEE
;__Lib_MathDouble.c,1640 :: 		
INT3216UEER:
;__Lib_MathDouble.c,1641 :: 		
0x00C0	0x30FF      	MOVLW      255
;__Lib_MathDouble.c,1642 :: 		
0x00C1	0x00FC      	MOVWF      R12
;__Lib_MathDouble.c,1643 :: 		
INT3216UEEE:
;__Lib_MathDouble.c,1646 :: 		
0x00C2	0x08FC      	MOVF       R12, 1
;__Lib_MathDouble.c,1648 :: 		
0x00C3	0x1903      	BTFSC      STATUS, 2
;__Lib_MathDouble.c,1649 :: 		
0x00C4	0x28C6      	GOTO       L_Double2Word_0
;__Lib_MathDouble.c,1651 :: 		
0x00C5	0x2029      	CALL       _SETIOV3224
;__Lib_MathDouble.c,1653 :: 		
L_Double2Word_0:
;__Lib_MathDouble.c,1654 :: 		
0x00C6	0x0871      	MOVF       R1, 0
;__Lib_MathDouble.c,1655 :: 		
0x00C7	0x00F0      	MOVWF      R0
;__Lib_MathDouble.c,1656 :: 		
0x00C8	0x0872      	MOVF       R2, 0
;__Lib_MathDouble.c,1657 :: 		
0x00C9	0x00F1      	MOVWF      R1
;__Lib_MathDouble.c,1660 :: 		
L_end_double2word:
0x00CA	0x0008      	RETURN
; end of _double2word
_Div_32x32_FP:
;__Lib_MathDouble.c,761 :: 		
;__Lib_MathDouble.c,773 :: 		
;__Lib_MathDouble.c,776 :: 		
0x00CB	0x1283      	BCF        STATUS, 5
0x00CC	0x1303      	BCF        STATUS, 6
0x00CD	0x0874      	MOVF       R4, 0
0x00CE	0x3A00      	XORLW      0
0x00CF	0x1D03      	BTFSS      STATUS, 2
0x00D0	0x28E6      	GOTO       L_Div_32x32_FP7
;__Lib_MathDouble.c,777 :: 		
0x00D1	0x0875      	MOVF       R5, 0
0x00D2	0x3A00      	XORLW      0
0x00D3	0x1D03      	BTFSS      STATUS, 2
0x00D4	0x28E6      	GOTO       L_Div_32x32_FP8
;__Lib_MathDouble.c,778 :: 		
0x00D5	0x0876      	MOVF       R6, 0
0x00D6	0x3A00      	XORLW      0
0x00D7	0x1D03      	BTFSS      STATUS, 2
0x00D8	0x28E6      	GOTO       L_Div_32x32_FP9
;__Lib_MathDouble.c,779 :: 		
0x00D9	0x0877      	MOVF       R7, 0
0x00DA	0x3A00      	XORLW      0
0x00DB	0x1D03      	BTFSS      STATUS, 2
0x00DC	0x28E6      	GOTO       L_Div_32x32_FP10
;__Lib_MathDouble.c,780 :: 		
0x00DD	0x30FF      	MOVLW      255
0x00DE	0x00F0      	MOVWF      R0
;__Lib_MathDouble.c,781 :: 		
0x00DF	0x30FF      	MOVLW      255
0x00E0	0x00F1      	MOVWF      R1
;__Lib_MathDouble.c,782 :: 		
0x00E1	0x307F      	MOVLW      127
0x00E2	0x00F2      	MOVWF      R2
;__Lib_MathDouble.c,783 :: 		
0x00E3	0x30FF      	MOVLW      255
0x00E4	0x00F3      	MOVWF      R3
;__Lib_MathDouble.c,784 :: 		
0x00E5	0x2981      	GOTO       L_end_Div_32x32_FP
;__Lib_MathDouble.c,785 :: 		
L_Div_32x32_FP10:
L_Div_32x32_FP9:
L_Div_32x32_FP8:
L_Div_32x32_FP7:
;__Lib_MathDouble.c,788 :: 		
0x00E6	0x1283      	BCF        STATUS, 5
;__Lib_MathDouble.c,789 :: 		
0x00E7	0x1303      	BCF        STATUS, 6
;__Lib_MathDouble.c,791 :: 		
0x00E8	0x0877      	MOVF       R7, 0
;__Lib_MathDouble.c,792 :: 		
0x00E9	0x1903      	BTFSC      STATUS, 2
;__Lib_MathDouble.c,793 :: 		
0x00EA	0x2975      	GOTO       JPDSETFDZ32
;__Lib_MathDouble.c,795 :: 		
0x00EB	0x0873      	MOVF       R3, 0
;__Lib_MathDouble.c,796 :: 		
0x00EC	0x1903      	BTFSC      STATUS, 2
;__Lib_MathDouble.c,797 :: 		
0x00ED	0x2978      	GOTO       JPDRES032
;__Lib_MathDouble.c,799 :: 		
0x00EE	0x0872      	MOVF       R2, 0
;__Lib_MathDouble.c,800 :: 		
0x00EF	0x0676      	XORWF      R6, 0
;__Lib_MathDouble.c,801 :: 		
0x00F0	0x3980      	ANDLW      128
;__Lib_MathDouble.c,802 :: 		
0x00F1	0x00FA      	MOVWF      R10
;__Lib_MathDouble.c,803 :: 		
0x00F2	0x17F2      	BSF        R2, 7
;__Lib_MathDouble.c,804 :: 		
0x00F3	0x17F6      	BSF        R6, 7
;__Lib_MathDouble.c,806 :: 		
0x00F4	0x01A0      	CLRF       __math_tempbD
;__Lib_MathDouble.c,807 :: 		
0x00F5	0x0872      	MOVF       R2, 0
;__Lib_MathDouble.c,808 :: 		
0x00F6	0x00F8      	MOVWF      R8
;__Lib_MathDouble.c,809 :: 		
0x00F7	0x0871      	MOVF       R1, 0
;__Lib_MathDouble.c,810 :: 		
0x00F8	0x00FC      	MOVWF      R12
;__Lib_MathDouble.c,811 :: 		
0x00F9	0x0870      	MOVF       R0, 0
;__Lib_MathDouble.c,812 :: 		
0x00FA	0x00FD      	MOVWF      R13
;__Lib_MathDouble.c,814 :: 		
0x00FB	0x0874      	MOVF       R4, 0
;__Lib_MathDouble.c,815 :: 		
0x00FC	0x02FD      	SUBWF      R13, 1
;__Lib_MathDouble.c,816 :: 		
0x00FD	0x0875      	MOVF       R5, 0
;__Lib_MathDouble.c,817 :: 		
0x00FE	0x1C03      	BTFSS      STATUS, 0
;__Lib_MathDouble.c,818 :: 		
0x00FF	0x0F75      	INCFSZ     R5, 0
;__Lib_MathDouble.c,820 :: 		
0x0100	0x02FC      	SUBWF      R12, 1
;__Lib_MathDouble.c,821 :: 		
0x0101	0x0876      	MOVF       R6, 0
;__Lib_MathDouble.c,822 :: 		
0x0102	0x1C03      	BTFSS      STATUS, 0
;__Lib_MathDouble.c,823 :: 		
0x0103	0x0F76      	INCFSZ     R6, 0
;__Lib_MathDouble.c,825 :: 		
0x0104	0x02F8      	SUBWF      R8, 1
;__Lib_MathDouble.c,826 :: 		
0x0105	0x01F8      	CLRF       R8
;__Lib_MathDouble.c,827 :: 		
0x0106	0x01FC      	CLRF       R12
;__Lib_MathDouble.c,828 :: 		
0x0107	0x01FD      	CLRF       R13
;__Lib_MathDouble.c,829 :: 		
0x0108	0x1C03      	BTFSS      STATUS, 0
;__Lib_MathDouble.c,830 :: 		
0x0109	0x2911      	GOTO       DALIGN32OK
;__Lib_MathDouble.c,832 :: 		
0x010A	0x1003      	BCF        STATUS, 0
;__Lib_MathDouble.c,833 :: 		
0x010B	0x0CF2      	RRF        R2, 1
;__Lib_MathDouble.c,834 :: 		
0x010C	0x0CF1      	RRF        R1, 1
;__Lib_MathDouble.c,835 :: 		
0x010D	0x0CF0      	RRF        R0, 1
;__Lib_MathDouble.c,836 :: 		
0x010E	0x0CF8      	RRF        R8, 1
;__Lib_MathDouble.c,837 :: 		
0x010F	0x3001      	MOVLW      1
;__Lib_MathDouble.c,838 :: 		
0x0110	0x00A0      	MOVWF      __math_tempbD
;__Lib_MathDouble.c,839 :: 		
DALIGN32OK:
;__Lib_MathDouble.c,840 :: 		
0x0111	0x0877      	MOVF       R7, 0
;__Lib_MathDouble.c,841 :: 		
0x0112	0x02F3      	SUBWF      R3, 1
;__Lib_MathDouble.c,842 :: 		
0x0113	0x1C03      	BTFSS      STATUS, 0
;__Lib_MathDouble.c,843 :: 		
0x0114	0x291B      	GOTO       ALTB32
;__Lib_MathDouble.c,845 :: 		
0x0115	0x307E      	MOVLW      126
;__Lib_MathDouble.c,846 :: 		
0x0116	0x0720      	ADDWF      __math_tempbD, 0
;__Lib_MathDouble.c,847 :: 		
0x0117	0x07F3      	ADDWF      R3, 1
;__Lib_MathDouble.c,848 :: 		
0x0118	0x1803      	BTFSC      STATUS, 0
;__Lib_MathDouble.c,849 :: 		
0x0119	0x297B      	GOTO       JPDSETFOV32
;__Lib_MathDouble.c,850 :: 		
0x011A	0x2920      	GOTO       DARGOK32
;__Lib_MathDouble.c,851 :: 		
ALTB32:
;__Lib_MathDouble.c,852 :: 		
0x011B	0x307E      	MOVLW      126
;__Lib_MathDouble.c,853 :: 		
0x011C	0x0720      	ADDWF      __math_tempbD, 0
;__Lib_MathDouble.c,854 :: 		
0x011D	0x07F3      	ADDWF      R3, 1
;__Lib_MathDouble.c,855 :: 		
0x011E	0x1C03      	BTFSS      STATUS, 0
;__Lib_MathDouble.c,856 :: 		
0x011F	0x297E      	GOTO       JPDSETFUN32
;__Lib_MathDouble.c,857 :: 		
DARGOK32:
;__Lib_MathDouble.c,858 :: 		
0x0120	0x3018      	MOVLW      24
;__Lib_MathDouble.c,860 :: 		
0x0121	0x07FA      	ADDWF      R10, 1
;__Lib_MathDouble.c,861 :: 		
DLOOP32:
;__Lib_MathDouble.c,862 :: 		
0x0122	0x0DFD      	RLF        R13, 1
;__Lib_MathDouble.c,863 :: 		
0x0123	0x0DFC      	RLF        R12, 1
;__Lib_MathDouble.c,864 :: 		
0x0124	0x0DF8      	RLF        R8, 1
;__Lib_MathDouble.c,865 :: 		
0x0125	0x0DF0      	RLF        R0, 1
;__Lib_MathDouble.c,866 :: 		
0x0126	0x0DF1      	RLF        R1, 1
;__Lib_MathDouble.c,867 :: 		
0x0127	0x0DF2      	RLF        R2, 1
;__Lib_MathDouble.c,868 :: 		
0x0128	0x0DA0      	RLF        __math_tempbD, 1
;__Lib_MathDouble.c,870 :: 		
0x0129	0x0874      	MOVF       R4, 0
;__Lib_MathDouble.c,871 :: 		
0x012A	0x02F0      	SUBWF      R0, 1
;__Lib_MathDouble.c,872 :: 		
0x012B	0x0875      	MOVF       R5, 0
;__Lib_MathDouble.c,873 :: 		
0x012C	0x1C03      	BTFSS      STATUS, 0
;__Lib_MathDouble.c,874 :: 		
0x012D	0x0F75      	INCFSZ     R5, 0
;__Lib_MathDouble.c,876 :: 		
0x012E	0x02F1      	SUBWF      R1, 1
;__Lib_MathDouble.c,877 :: 		
0x012F	0x0876      	MOVF       R6, 0
;__Lib_MathDouble.c,878 :: 		
0x0130	0x1C03      	BTFSS      STATUS, 0
;__Lib_MathDouble.c,879 :: 		
0x0131	0x0F76      	INCFSZ     R6, 0
;__Lib_MathDouble.c,881 :: 		
0x0132	0x02F2      	SUBWF      R2, 1
;__Lib_MathDouble.c,882 :: 		
0x0133	0x0D76      	RLF        R6, 0
;__Lib_MathDouble.c,883 :: 		
0x0134	0x04A0      	IORWF      __math_tempbD, 1
;__Lib_MathDouble.c,884 :: 		
0x0135	0x1C20      	BTFSS      __math_tempbD, 0
;__Lib_MathDouble.c,885 :: 		
0x0136	0x2939      	GOTO       DREST32
;__Lib_MathDouble.c,886 :: 		
0x0137	0x147D      	BSF        R13, 0
;__Lib_MathDouble.c,887 :: 		
0x0138	0x2944      	GOTO       DOK32
;__Lib_MathDouble.c,888 :: 		
DREST32:
;__Lib_MathDouble.c,889 :: 		
0x0139	0x0874      	MOVF       R4, 0
;__Lib_MathDouble.c,890 :: 		
0x013A	0x07F0      	ADDWF      R0, 1
;__Lib_MathDouble.c,891 :: 		
0x013B	0x0875      	MOVF       R5, 0
;__Lib_MathDouble.c,892 :: 		
0x013C	0x1803      	BTFSC      STATUS, 0
;__Lib_MathDouble.c,893 :: 		
0x013D	0x0F75      	INCFSZ     R5, 0
;__Lib_MathDouble.c,895 :: 		
0x013E	0x07F1      	ADDWF      R1, 1
;__Lib_MathDouble.c,896 :: 		
0x013F	0x0876      	MOVF       R6, 0
;__Lib_MathDouble.c,897 :: 		
0x0140	0x1803      	BTFSC      STATUS, 0
;__Lib_MathDouble.c,898 :: 		
0x0141	0x0A76      	INCF       R6, 0
;__Lib_MathDouble.c,899 :: 		
0x0142	0x07F2      	ADDWF      R2, 1
;__Lib_MathDouble.c,900 :: 		
0x0143	0x107D      	BCF        R13, 0
;__Lib_MathDouble.c,901 :: 		
DOK32:
;__Lib_MathDouble.c,903 :: 		
0x0144	0x03FA      	DECF       R10, 1
;__Lib_MathDouble.c,904 :: 		
0x0145	0x301F      	MOVLW      31
;__Lib_MathDouble.c,905 :: 		
0x0146	0x057A      	ANDWF      R10, 0
;__Lib_MathDouble.c,906 :: 		
0x0147	0x1D03      	BTFSS      STATUS, 2
;__Lib_MathDouble.c,907 :: 		
0x0148	0x2922      	GOTO       DLOOP32
;__Lib_MathDouble.c,909 :: 		
0x0149	0x1B7B      	BTFSC      R11, 6
;__Lib_MathDouble.c,910 :: 		
0x014A	0x1C7D      	BTFSS      R13, 0
;__Lib_MathDouble.c,911 :: 		
0x014B	0x296B      	GOTO       DIV32OK
;__Lib_MathDouble.c,912 :: 		
0x014C	0x1003      	BCF        STATUS, 0
;__Lib_MathDouble.c,913 :: 		
0x014D	0x0DF0      	RLF        R0, 1
;__Lib_MathDouble.c,914 :: 		
0x014E	0x0DF1      	RLF        R1, 1
;__Lib_MathDouble.c,915 :: 		
0x014F	0x0DF2      	RLF        R2, 1
;__Lib_MathDouble.c,916 :: 		
0x0150	0x0DA0      	RLF        __math_tempbD, 1
;__Lib_MathDouble.c,918 :: 		
0x0151	0x0874      	MOVF       R4, 0
;__Lib_MathDouble.c,919 :: 		
0x0152	0x02F0      	SUBWF      R0, 1
;__Lib_MathDouble.c,920 :: 		
0x0153	0x0875      	MOVF       R5, 0
;__Lib_MathDouble.c,921 :: 		
0x0154	0x1C03      	BTFSS      STATUS, 0
;__Lib_MathDouble.c,922 :: 		
0x0155	0x0F75      	INCFSZ     R5, 0
;__Lib_MathDouble.c,923 :: 		
0x0156	0x02F1      	SUBWF      R1, 1
;__Lib_MathDouble.c,924 :: 		
0x0157	0x0876      	MOVF       R6, 0
;__Lib_MathDouble.c,925 :: 		
0x0158	0x1C03      	BTFSS      STATUS, 0
;__Lib_MathDouble.c,926 :: 		
0x0159	0x0F76      	INCFSZ     R6, 0
;__Lib_MathDouble.c,927 :: 		
0x015A	0x02F2      	SUBWF      R2, 1
;__Lib_MathDouble.c,928 :: 		
0x015B	0x0D76      	RLF        R6, 0
;__Lib_MathDouble.c,929 :: 		
0x015C	0x0420      	IORWF      __math_tempbD, 0
;__Lib_MathDouble.c,930 :: 		
0x015D	0x3901      	ANDLW      1
;__Lib_MathDouble.c,931 :: 		
0x015E	0x07FD      	ADDWF      R13, 1
;__Lib_MathDouble.c,932 :: 		
0x015F	0x1803      	BTFSC      STATUS, 0
;__Lib_MathDouble.c,933 :: 		
0x0160	0x0AFC      	INCF       R12, 1
;__Lib_MathDouble.c,934 :: 		
0x0161	0x1903      	BTFSC      STATUS, 2
;__Lib_MathDouble.c,935 :: 		
0x0162	0x0AF8      	INCF       R8, 1
;__Lib_MathDouble.c,936 :: 		
0x0163	0x1D03      	BTFSS      STATUS, 2
;__Lib_MathDouble.c,937 :: 		
0x0164	0x296B      	GOTO       DIV32OK
;__Lib_MathDouble.c,938 :: 		
0x0165	0x0CF8      	RRF        R8, 1
;__Lib_MathDouble.c,939 :: 		
0x0166	0x0CFC      	RRF        R12, 1
;__Lib_MathDouble.c,940 :: 		
0x0167	0x0CFD      	RRF        R13, 1
;__Lib_MathDouble.c,941 :: 		
0x0168	0x0AF3      	INCF       R3, 1
;__Lib_MathDouble.c,942 :: 		
0x0169	0x1903      	BTFSC      STATUS, 2
;__Lib_MathDouble.c,943 :: 		
0x016A	0x297B      	GOTO       JPDSETFOV32
;__Lib_MathDouble.c,944 :: 		
DIV32OK:
;__Lib_MathDouble.c,945 :: 		
0x016B	0x1FFA      	BTFSS      R10, 7
;__Lib_MathDouble.c,946 :: 		
0x016C	0x13F8      	BCF        R8, 7
;__Lib_MathDouble.c,947 :: 		
0x016D	0x0878      	MOVF       R8, 0
;__Lib_MathDouble.c,948 :: 		
0x016E	0x00F2      	MOVWF      R2
;__Lib_MathDouble.c,949 :: 		
0x016F	0x087C      	MOVF       R12, 0
;__Lib_MathDouble.c,950 :: 		
0x0170	0x00F1      	MOVWF      R1
;__Lib_MathDouble.c,951 :: 		
0x0171	0x087D      	MOVF       R13, 0
;__Lib_MathDouble.c,952 :: 		
0x0172	0x00F0      	MOVWF      R0
;__Lib_MathDouble.c,954 :: 		
0x0173	0x3000      	MOVLW      0
;__Lib_MathDouble.c,956 :: 		
0x0174	0x2980      	GOTO       DIV32EEE
;__Lib_MathDouble.c,957 :: 		
JPDSETFDZ32:
;__Lib_MathDouble.c,958 :: 		
0x0175	0x3001      	MOVLW      1
;__Lib_MathDouble.c,961 :: 		
0x0176	0x201A      	CALL       _SETFDZ32
;__Lib_MathDouble.c,963 :: 		
0x0177	0x2980      	GOTO       DIV32EEE
;__Lib_MathDouble.c,964 :: 		
JPDRES032:
;__Lib_MathDouble.c,965 :: 		
0x0178	0x3002      	MOVLW      2
;__Lib_MathDouble.c,968 :: 		
0x0179	0x2013      	CALL       _RES032
;__Lib_MathDouble.c,970 :: 		
0x017A	0x2980      	GOTO       DIV32EEE
;__Lib_MathDouble.c,971 :: 		
JPDSETFOV32:
;__Lib_MathDouble.c,972 :: 		
0x017B	0x3004      	MOVLW      4
;__Lib_MathDouble.c,975 :: 		
0x017C	0x201D      	CALL       _SETFOV32
;__Lib_MathDouble.c,977 :: 		
0x017D	0x2980      	GOTO       DIV32EEE
;__Lib_MathDouble.c,978 :: 		
JPDSETFUN32:
;__Lib_MathDouble.c,979 :: 		
0x017E	0x3008      	MOVLW      8
;__Lib_MathDouble.c,982 :: 		
0x017F	0x2003      	CALL       _SETFUN32
;__Lib_MathDouble.c,984 :: 		
DIV32EEE:
;__Lib_MathDouble.c,985 :: 		
0x0180	0x0000      	NOP
;__Lib_MathDouble.c,994 :: 		
L_end_Div_32x32_FP:
0x0181	0x0008      	RETURN
; end of _Div_32x32_FP
_word2double:
;__Lib_MathDouble.c,1862 :: 		
;__Lib_MathDouble.c,1868 :: 		
0x0182	0x1283      	BCF        STATUS, 5
;__Lib_MathDouble.c,1869 :: 		
0x0183	0x1303      	BCF        STATUS, 6
;__Lib_MathDouble.c,1870 :: 		
0x0184	0x0870      	MOVF       R0, 0
;__Lib_MathDouble.c,1871 :: 		
0x0185	0x00F8      	MOVWF      R8
;__Lib_MathDouble.c,1872 :: 		
0x0186	0x0871      	MOVF       R1, 0
;__Lib_MathDouble.c,1873 :: 		
0x0187	0x00F0      	MOVWF      R0
;__Lib_MathDouble.c,1874 :: 		
0x0188	0x01F1      	CLRF       R1
;__Lib_MathDouble.c,1875 :: 		
0x0189	0x01F2      	CLRF       R2
;__Lib_MathDouble.c,1876 :: 		
0x018A	0x01F3      	CLRF       R3
;__Lib_MathDouble.c,1879 :: 		
0x018B	0x01FB      	CLRF       R11
;__Lib_MathDouble.c,1880 :: 		
0x018C	0x01FC      	CLRF       R12
;__Lib_MathDouble.c,1882 :: 		
0x018D	0x3096      	MOVLW      150
;__Lib_MathDouble.c,1883 :: 		
0x018E	0x00F3      	MOVWF      R3
;__Lib_MathDouble.c,1884 :: 		
0x018F	0x01FA      	CLRF       R10
;__Lib_MathDouble.c,1886 :: 		
0x0190	0x0870      	MOVF       R0, 0
;__Lib_MathDouble.c,1887 :: 		
0x0191	0x00F1      	MOVWF      R1
;__Lib_MathDouble.c,1888 :: 		
0x0192	0x0878      	MOVF       R8, 0
;__Lib_MathDouble.c,1889 :: 		
0x0193	0x00F0      	MOVWF      R0
;__Lib_MathDouble.c,1890 :: 		
0x0194	0x01F8      	CLRF       R8
;__Lib_MathDouble.c,1891 :: 		
0x0195	0x01F2      	CLRF       R2
;__Lib_MathDouble.c,1893 :: 		
0x0196	0x203D      	CALL       _NRM3232
;__Lib_MathDouble.c,1894 :: 		
L_end_word2double:
0x0197	0x0008      	RETURN
; end of _word2double
___CC2DW:
;__Lib_System.c,134 :: 		
;__Lib_System.c,137 :: 		
_CC2D_Loop1:
;__Lib_System.c,139 :: 		
0x0198	0x2036      	CALL       _____DoICP
0x0199	0x118A      	BCF        PCLATH, 3
0x019A	0x120A      	BCF        PCLATH, 4
;__Lib_System.c,141 :: 		
0x019B	0x0080      	MOVWF      INDF
;__Lib_System.c,142 :: 		
0x019C	0x0A84      	INCF       FSR, 1
;__Lib_System.c,143 :: 		
0x019D	0x0AA1      	INCF       ___DoICPAddr, 1
;__Lib_System.c,145 :: 		
0x019E	0x1903      	BTFSC      STATUS, 2
;__Lib_System.c,146 :: 		
0x019F	0x0AA2      	INCF       ___DoICPAddr+1, 1
;__Lib_System.c,147 :: 		
0x01A0	0x03F0      	DECF       R0, 1
;__Lib_System.c,149 :: 		
0x01A1	0x1D03      	BTFSS      STATUS, 2
;__Lib_System.c,150 :: 		
0x01A2	0x2998      	GOTO       _CC2D_Loop1
;__Lib_System.c,152 :: 		
L_end___CC2DW:
0x01A3	0x0008      	RETURN
; end of ___CC2DW
_main:
;SensorController.c,2 :: 		void main()
;SensorController.c,9 :: 		ANSEL = 0x00;
0x01A4	0x1683      	BSF        STATUS, 5
0x01A5	0x1703      	BSF        STATUS, 6
0x01A6	0x0188      	CLRF       ANSEL
;SensorController.c,10 :: 		ANSELH = 0x00;
0x01A7	0x0189      	CLRF       ANSELH
;SensorController.c,11 :: 		TRISA = 0X00;
0x01A8	0x1303      	BCF        STATUS, 6
0x01A9	0x0185      	CLRF       TRISA
;SensorController.c,12 :: 		PORTA = 0X00;
0x01AA	0x1283      	BCF        STATUS, 5
0x01AB	0x0185      	CLRF       PORTA
;SensorController.c,13 :: 		PORTB = 0X00;
0x01AC	0x0186      	CLRF       PORTB
;SensorController.c,14 :: 		TRISB = 0X10;           //RB4 as Input PIN (ECHO)
0x01AD	0x3010      	MOVLW      16
0x01AE	0x1683      	BSF        STATUS, 5
0x01AF	0x0086      	MOVWF      TRISB
;SensorController.c,17 :: 		Delay_ms(3000);
0x01B0	0x301F      	MOVLW      31
0x01B1	0x00FB      	MOVWF      R11
0x01B2	0x3071      	MOVLW      113
0x01B3	0x00FC      	MOVWF      R12
0x01B4	0x301E      	MOVLW      30
0x01B5	0x00FD      	MOVWF      R13
L_main0:
0x01B6	0x0BFD      	DECFSZ     R13, 1
0x01B7	0x29B6      	GOTO       L_main0
0x01B8	0x0BFC      	DECFSZ     R12, 1
0x01B9	0x29B6      	GOTO       L_main0
0x01BA	0x0BFB      	DECFSZ     R11, 1
0x01BB	0x29B6      	GOTO       L_main0
0x01BC	0x0000      	NOP
;SensorController.c,19 :: 		T1CON = 0x10;                 //Initialize Timer Module
0x01BD	0x3010      	MOVLW      16
0x01BE	0x1283      	BCF        STATUS, 5
0x01BF	0x0090      	MOVWF      T1CON
;SensorController.c,21 :: 		while(1)
L_main1:
;SensorController.c,23 :: 		TMR1H = 0;                  //Sets the Initial Value of Timer
0x01C0	0x018F      	CLRF       TMR1H
;SensorController.c,24 :: 		TMR1L = 0;                  //Sets the Initial Value of Timer
0x01C1	0x018E      	CLRF       TMR1L
;SensorController.c,25 :: 		PORTB.F0 = 1;               //TRIGGER HIGH
0x01C2	0x1406      	BSF        PORTB, 0
;SensorController.c,26 :: 		Delay_us(10);               //10uS Delay
0x01C3	0x3006      	MOVLW      6
0x01C4	0x00FD      	MOVWF      R13
L_main3:
0x01C5	0x0BFD      	DECFSZ     R13, 1
0x01C6	0x29C5      	GOTO       L_main3
0x01C7	0x0000      	NOP
;SensorController.c,27 :: 		PORTB.F0 = 0;               //TRIGGER LOW
0x01C8	0x1006      	BCF        PORTB, 0
;SensorController.c,28 :: 		while(!PORTB.F4);           //Waiting for Echo
L_main4:
0x01C9	0x1A06      	BTFSC      PORTB, 4
0x01CA	0x29CC      	GOTO       L_main5
0x01CB	0x29C9      	GOTO       L_main4
L_main5:
;SensorController.c,29 :: 		T1CON.F0 = 1;               //Timer Starts
0x01CC	0x1410      	BSF        T1CON, 0
;SensorController.c,30 :: 		while(PORTB.F4);            //Waiting for Echo goes LOW
L_main6:
0x01CD	0x1E06      	BTFSS      PORTB, 4
0x01CE	0x29D0      	GOTO       L_main7
0x01CF	0x29CD      	GOTO       L_main6
L_main7:
;SensorController.c,31 :: 		T1CON.F0 = 0;               //Timer Stops
0x01D0	0x1010      	BCF        T1CON, 0
;SensorController.c,32 :: 		a = (TMR1L | (TMR1H<<8));   //Reads Timer Value
0x01D1	0x080F      	MOVF       TMR1H, 0
0x01D2	0x00F1      	MOVWF      R0+1
0x01D3	0x01F0      	CLRF       R0
0x01D4	0x080E      	MOVF       TMR1L, 0
0x01D5	0x04F0      	IORWF      R0, 1
0x01D6	0x3000      	MOVLW      0
0x01D7	0x04F1      	IORWF      R0+1, 1
;SensorController.c,33 :: 		a = a/58.82;                //Converts Time to Distance
0x01D8	0x2182      	CALL       _word2double
0x01D9	0x30AE      	MOVLW      174
0x01DA	0x00F4      	MOVWF      R4
0x01DB	0x3047      	MOVLW      71
0x01DC	0x00F5      	MOVWF      R4+1
0x01DD	0x306B      	MOVLW      107
0x01DE	0x00F6      	MOVWF      R4+2
0x01DF	0x3084      	MOVLW      132
0x01E0	0x00F7      	MOVWF      R4+3
0x01E1	0x20CB      	CALL       _Div_32x32_FP
0x01E2	0x206C      	CALL       _double2word
;SensorController.c,34 :: 		a = (a + 1)*2;                  //Distance Calibration
0x01E3	0x0870      	MOVF       R0, 0
0x01E4	0x3E01      	ADDLW      1
0x01E5	0x00F3      	MOVWF      R3
0x01E6	0x3000      	MOVLW      0
0x01E7	0x1803      	BTFSC      STATUS, 0
0x01E8	0x3E01      	ADDLW      1
0x01E9	0x0771      	ADDWF      R0+1, 0
0x01EA	0x00F4      	MOVWF      R3+1
0x01EB	0x0873      	MOVF       R3, 0
0x01EC	0x00F0      	MOVWF      R0
0x01ED	0x0874      	MOVF       R3+1, 0
0x01EE	0x00F1      	MOVWF      R0+1
0x01EF	0x0DF0      	RLF        R0, 1
0x01F0	0x0DF1      	RLF        R0+1, 1
0x01F1	0x1070      	BCF        R0, 0
;SensorController.c,35 :: 		PORTA = a;
0x01F2	0x0870      	MOVF       R0, 0
0x01F3	0x0085      	MOVWF      PORTA
;SensorController.c,36 :: 		}
0x01F4	0x29C0      	GOTO       L_main1
;SensorController.c,37 :: 		}
L_end_main:
0x01F5	0x29F5      	GOTO       $+0
; end of _main
Symbol List:
//** Routines locations **
//ADDRESS    SIZE    PROCEDURE
//----------------------------------------------
0x0003      [12]    _SETFUN32
0x000F       [4]    _FIXSIGN32
0x0013       [7]    _RES032
0x001A       [3]    _SETFDZ32
0x001D      [12]    _SETFOV32
0x0029      [13]    _SETIOV3224
0x0036       [7]    _____DoICP
0x003D      [47]    _NRM3232
0x006C      [95]    _double2word
0x00CB     [183]    _Div_32x32_FP
0x0182      [22]    _word2double
0x0198      [12]    ___CC2DW
0x01A4      [82]    _main
//** Variables locations ** 
//ADDRESS    SIZE    VARIABLE
//----------------------------------------------
0x0000       [1]    INDF
0x0002       [1]    PCL
0x0003       [1]    STATUS
0x0004       [1]    FSR
0x0005       [1]    PORTA
0x0006       [1]    PORTB
0x000A       [1]    PCLATH
0x000E       [1]    TMR1L
0x000F       [1]    TMR1H
0x0010       [1]    T1CON
0x0020       [1]    __math_tempbD
0x0021       [2]    ___DoICPAddr
0x0070       [1]    R0
0x0071       [1]    R1
0x0072       [1]    R2
0x0073       [1]    R3
0x0074       [1]    R4
0x0075       [1]    R5
0x0076       [1]    R6
0x0077       [1]    R7
0x0078       [1]    R8
0x0079       [1]    R9
0x007A       [1]    R10
0x007B       [1]    R11
0x007C       [1]    R12
0x007D       [1]    R13
0x007E       [1]    R14
0x007F       [1]    R15
0x0085       [1]    TRISA
0x0086       [1]    TRISB
0x0188       [1]    ANSEL
0x0189       [1]    ANSELH
